2026-01-10 06:35:55.604 ===== TRACE ===== NEW CONNECTED USER 'mazavasoa'
2026-01-10 06:57:08.399 ===== TRACE ===== DISCONNECTED USER 'mazavasoa'
2026-01-10 06:57:20.256 ===== TRACE ===== NEW CONNECTED USER 'mazavasoa'
2026-01-10 09:35:36.923 ===== TRACE ===== NEW CONNECTED USER 'gerahvalisoa@gmail.com' (using remember me feature)
2026-01-10 12:32:17.669 ===== TRACE ===== NEW CONNECTED USER 'mazavasoa'
2026-01-10 15:23:27.236 ===== TRACE ===== NEW CONNECTED USER 'mazavasoa'
2026-01-10 15:43:33.883 ===== TRACE ===== NEW CONNECTED USER 'gerahvalisoa@gmail.com' (using remember me feature)
2026-01-10 16:36:05.938 ***** ERROR ***** [V11.2.3] ERROR *****
2026-01-10 16:36:05.938 ***** ERROR ***** [V11.2.3] on file '/var/www/html/model/Attachment.php' at line (105)
2026-01-10 16:36:05.938 ***** ERROR ***** [V11.2.3] cause = file_exists(): Passing null to parameter #1 ($filename) of type string is deprecated
2026-01-10 17:00:59.874 ===== TRACE ===== DISCONNECTED USER 'mazavasoa'
2026-01-10 19:02:22.845 ===== TRACE ===== NEW CONNECTED USER 'mazavasoa'
2026-01-10 21:06:14.236 ===== TRACE ===== NEW CONNECTED USER 'gerahvalisoa@gmail.com' (using remember me feature)
2026-01-10 22:08:24.344 ===== TRACE ===== DISCONNECTED USER 'gerahvalisoa@gmail.com'
2026-01-10 22:09:41.548 ===== TRACE ===== Login error for user 'gerahvalisoa@gmail.com'
2026-01-10 22:10:06.221 ===== TRACE ===== Login error for user 'gerahvalisoa@gmail.com'
2026-01-10 22:10:08.165 ===== TRACE ===== user 'gerahvalisoa@gmail.com' locked - too many tries
2026-01-10 22:10:08.200 ===== TRACE ===== Login locked for user 'gerahvalisoa@gmail.com'
2026-01-10 22:10:28.738 ===== TRACE ===== user 'gerahvalisoa@gmail.com' locked - too many tries
2026-01-10 22:10:28.752 ===== TRACE ===== Login locked for user 'gerahvalisoa@gmail.com'
2026-01-10 22:15:07.629 ===== TRACE ===== user 'gerahvalisoa@gmail.com' locked - too many tries
2026-01-10 22:15:07.644 ===== TRACE ===== Login locked for user 'gerahvalisoa@gmail.com'
2026-01-10 22:47:52.573 ===== TRACE ===== user 'gerahvalisoa@gmail.com' locked - too many tries
2026-01-10 22:47:52.590 ===== TRACE ===== Login locked for user 'gerahvalisoa@gmail.com'
2026-01-10 22:47:55.852 ===== TRACE ===== user 'gerahvalisoa@gmail.com' locked - too many tries
2026-01-10 22:47:55.865 ===== TRACE ===== Login locked for user 'gerahvalisoa@gmail.com'
2026-01-10 22:47:58.210 ===== TRACE ===== user 'gerahvalisoa@gmail.com' locked - too many tries
2026-01-10 22:47:58.227 ===== TRACE ===== Login locked for user 'gerahvalisoa@gmail.com'
