2026-02-13 06:25:10.403 ===== TRACE ===== NEW CONNECTED USER 'mazavasoa'
2026-02-13 06:46:52.604 ===== TRACE ===== DISCONNECTED USER 'mazavasoa'
2026-02-13 06:48:26.786 ===== TRACE ===== NEW CONNECTED USER 'mazavasoa'
2026-02-13 07:18:51.169 ===== TRACE ===== NEW CONNECTED USER 'mazavasoa'
2026-02-13 10:43:32.308 ===== TRACE ===== NEW CONNECTED USER 'digitalisation@oecfm.mg'
2026-02-13 12:38:46.190 ===== TRACE ===== NEW CONNECTED USER 'mazavasoa'
2026-02-13 12:46:32.402 ===== TRACE ===== Login error for user 'carmel.robinson@oecfm.mg'
2026-02-13 12:48:19.016 ===== TRACE ===== NEW CONNECTED USER 'carmel.robinson@oecfm.mg'
2026-02-13 12:49:01.443 ===== TRACE ===== NEW CONNECTED USER 'zo.randria@oecfm.mg'
2026-02-13 12:49:38.327 ===== TRACE ===== Login error for user 'andri.jose@cabjr.net'
2026-02-13 12:49:46.415 ===== TRACE ===== Login error for user 'andri.jose@cabjr.net'
2026-02-13 12:49:49.978 ===== TRACE ===== Login error for user 'andri.jose@cabjr.net'
2026-02-13 12:50:00.969 ===== TRACE ===== Login error for user 'andri.jose@cabjr.net'
2026-02-13 12:50:10.768 ===== TRACE ===== NEW CONNECTED USER 'andri.jose@oecfm.mg'
2026-02-13 12:50:19.276 ===== TRACE ===== DISCONNECTED USER 'mazavasoa'
2026-02-13 12:52:51.820 ===== TRACE ===== NEW CONNECTED USER 'mazavasoa'
2026-02-13 13:01:20.212 ===== TRACE ===== DISCONNECTED USER 'andri.jose@oecfm.mg'
2026-02-13 13:01:25.072 ===== TRACE ===== NEW CONNECTED USER 'andri.jose@oecfm.mg'
2026-02-13 13:01:30.544 ===== TRACE ===== DISCONNECTED USER 'zo.randria@oecfm.mg'
2026-02-13 13:01:36.228 ===== TRACE ===== NEW CONNECTED USER 'zo.randria@oecfm.mg'
2026-02-13 13:13:10.320 ===== TRACE ===== DISCONNECTED USER 'zo.randria@oecfm.mg'
2026-02-13 13:13:29.583 ===== TRACE ===== NEW CONNECTED USER 'zo.randria@oecfm.mg'
2026-02-13 13:16:08.173 ===== TRACE ===== DISCONNECTED USER 'zo.randria@oecfm.mg'
2026-02-13 13:27:59.039 ===== TRACE ===== DISCONNECTED USER 'andri.jose@oecfm.mg'
