2026-01-01 00:29:33.114 ===== TRACE ===== NEW CONNECTED USER 'manager'
2026-01-01 01:15:50.396 ===== TRACE ===== DISCONNECTED USER 'manager'
2026-01-01 01:16:22.208 ===== TRACE ===== NEW CONNECTED USER 'manager'
2026-01-01 01:56:52.880 ===== TRACE ===== DISCONNECTED USER 'manager'
2026-01-01 01:56:58.051 ===== TRACE ===== NEW CONNECTED USER 'manager'
2026-01-01 02:03:07.918 ===== TRACE ===== DISCONNECTED USER 'manager'
2026-01-01 02:03:19.862 ===== TRACE ===== NEW CONNECTED USER 'manager'
2026-01-01 02:30:59.134 ===== TRACE ===== DISCONNECTED USER 'manager'
2026-01-01 02:31:07.593 ===== TRACE ===== NEW CONNECTED USER 'manager'
2026-01-01 02:55:02.730 ===== TRACE ===== DISCONNECTED USER 'manager'
2026-01-01 02:55:23.906 ===== TRACE ===== Login error for user 'mazavasoa'
2026-01-01 02:55:37.224 ===== TRACE ===== NEW CONNECTED USER 'manager'
2026-01-01 02:56:47.958 ===== TRACE ===== DISCONNECTED USER 'manager'
2026-01-01 02:57:20.196 ===== TRACE ===== NEW CONNECTED USER 'mazavasoa'
2026-01-01 03:07:20.607 ===== TRACE ===== DISCONNECTED USER 'mazavasoa'
2026-01-01 03:07:51.841 ===== TRACE ===== NEW CONNECTED USER 'david.rabenoro@oecfm.mg'
2026-01-01 06:05:51.922 ===== TRACE ===== DISCONNECTED USER 'david.rabenoro@oecfm.mg'
2026-01-01 06:07:54.649 ===== TRACE ===== NEW CONNECTED USER 'manager'
2026-01-01 06:11:54.720 ===== TRACE ===== NEW CONNECTED USER 'manager'
2026-01-01 06:17:35.404 ===== TRACE ===== DISCONNECTED USER 'manager'
2026-01-01 06:18:08.110 ===== TRACE ===== NEW CONNECTED USER 'david.rabenoro@oecfm.mg'
2026-01-01 06:20:13.960 ===== TRACE ===== DISCONNECTED USER 'david.rabenoro@oecfm.mg'
2026-01-01 06:20:28.218 ===== TRACE ===== NEW CONNECTED USER 'manager'
2026-01-01 06:51:06.902 ===== TRACE ===== DISCONNECTED USER 'manager'
2026-01-01 06:51:17.419 ===== TRACE ===== NEW CONNECTED USER 'david.rabenoro@oecfm.mg'
2026-01-01 06:59:44.806 ===== TRACE ===== DISCONNECTED USER 'david.rabenoro@oecfm.mg'
2026-01-01 07:02:04.874 ===== TRACE ===== NEW CONNECTED USER 'manager'
2026-01-01 08:08:42.094 ===== TRACE ===== DISCONNECTED USER 'manager'
2026-01-01 08:09:00.009 ===== TRACE ===== NEW CONNECTED USER 'mazavasoa'
2026-01-01 08:33:54.434 ===== TRACE ===== NEW CONNECTED USER 'manager'
2026-01-01 08:39:21.011 ===== TRACE ===== DISCONNECTED USER 'manager'
2026-01-01 08:39:37.252 ===== TRACE ===== NEW CONNECTED USER 'mazavasoa'
2026-01-01 08:41:00.420 ===== TRACE ===== DISCONNECTED USER 'mazavasoa'
2026-01-01 08:41:13.541 ===== TRACE ===== NEW CONNECTED USER 'manager'
2026-01-01 09:21:57.618 ===== TRACE ===== DISCONNECTED USER 'manager'
2026-01-01 09:22:07.366 ===== TRACE ===== NEW CONNECTED USER 'manager'
2026-01-01 11:22:26.262 ===== TRACE ===== DISCONNECTED USER 'manager'
2026-01-01 11:23:38.860 ===== TRACE ===== NEW CONNECTED USER 'manager'
2026-01-01 12:04:31.741 ===== TRACE ===== DISCONNECTED USER 'manager'
2026-01-01 12:06:59.209 ===== TRACE ===== NEW CONNECTED USER 'manager'
2026-01-01 12:15:30.450 ===== TRACE ===== DISCONNECTED USER 'manager'
2026-01-01 12:23:20.017 ===== TRACE ===== NEW CONNECTED USER 'manager'
2026-01-01 12:45:02.419 ===== TRACE ===== DISCONNECTED USER 'manager'
2026-01-01 12:45:13.730 ===== TRACE ===== NEW CONNECTED USER 'mazavasoa'
2026-01-01 12:47:44.584 ===== TRACE ===== DISCONNECTED USER 'mazavasoa'
2026-01-01 12:48:02.133 ===== TRACE ===== NEW CONNECTED USER 'manager'
2026-01-01 12:55:49.275 ===== TRACE ===== DISCONNECTED USER 'manager'
2026-01-01 12:56:35.506 ===== TRACE ===== NEW CONNECTED USER 'manager'
2026-01-01 12:59:25.267 ===== TRACE ===== DISCONNECTED USER 'manager'
2026-01-01 12:59:35.618 ===== TRACE ===== NEW CONNECTED USER 'mazavasoa'
2026-01-01 13:02:46.016 ===== TRACE ===== DISCONNECTED USER 'mazavasoa'
2026-01-01 13:03:03.344 ===== TRACE ===== NEW CONNECTED USER 'manager'
2026-01-01 15:52:29.910 ===== TRACE ===== NEW CONNECTED USER 'manager'
2026-01-01 16:19:02.585 ===== TRACE ===== DISCONNECTED USER 'manager'
2026-01-01 16:19:16.035 ===== TRACE ===== NEW CONNECTED USER 'mazavasoa'
2026-01-01 16:50:19.157 ===== TRACE ===== DISCONNECTED USER 'mazavasoa'
2026-01-01 16:50:30.702 ===== TRACE ===== NEW CONNECTED USER 'manager'
2026-01-01 16:53:59.919 ===== TRACE ===== DISCONNECTED USER 'manager'
2026-01-01 16:54:18.678 ===== TRACE ===== NEW CONNECTED USER 'mazavasoa'
2026-01-01 17:06:42.729 ===== TRACE ===== DISCONNECTED USER 'mazavasoa'
2026-01-01 17:06:51.834 ===== TRACE ===== NEW CONNECTED USER 'manager'
2026-01-01 17:30:35.482 ===== TRACE ===== NEW CONNECTED USER 'manager'
2026-01-01 17:46:36.321 ===== TRACE ===== NEW CONNECTED USER 'manager'
2026-01-01 17:54:26.670 ===== TRACE ===== DISCONNECTED USER 'manager'
2026-01-01 17:54:35.506 ===== TRACE ===== NEW CONNECTED USER 'manager'
2026-01-01 18:06:13.574 ===== TRACE ===== DISCONNECTED USER 'manager'
2026-01-01 18:06:20.777 ===== TRACE ===== NEW CONNECTED USER 'manager'
2026-01-01 18:22:41.873 ===== TRACE ===== DISCONNECTED USER 'manager'
2026-01-01 18:23:14.964 ===== TRACE ===== NEW CONNECTED USER 'manager'
2026-01-01 18:45:00.020 ===== TRACE ===== NEW CONNECTED USER 'manager'
2026-01-01 20:40:31.484 ===== TRACE ===== NEW CONNECTED USER 'manager'
2026-01-01 20:42:15.321 ===== TRACE ===== DISCONNECTED USER 'manager'
2026-01-01 20:42:23.018 ===== TRACE ===== NEW CONNECTED USER 'mazavasoa'
2026-01-01 20:45:39.468 ===== TRACE ===== DISCONNECTED USER 'mazavasoa'
2026-01-01 20:46:03.592 ===== TRACE ===== NEW CONNECTED USER 'manager'
