2025-12-31 07:27:44.372 ===== TRACE ===== NEW CONNECTED USER 'manager'
2025-12-31 07:39:24.993 ===== TRACE ===== NEW CONNECTED USER 'manager'
2025-12-31 08:24:11.379 ===== TRACE ===== NEW CONNECTED USER 'manager'
2025-12-31 09:22:01.153 ===== TRACE ===== NEW CONNECTED USER 'manager'
2025-12-31 09:30:17.870 ===== TRACE ===== DISCONNECTED USER 'manager'
2025-12-31 09:30:18.069 ===== TRACE ===== DISCONNECTED USER 'manager'
2025-12-31 09:56:38.278 ===== TRACE ===== NEW CONNECTED USER 'manager'
2025-12-31 10:39:32.707 ===== TRACE ===== DISCONNECTED USER 'manager'
2025-12-31 10:39:46.147 ===== TRACE ===== NEW CONNECTED USER 'manager'
2025-12-31 11:57:53.578 ===== TRACE ===== DISCONNECTED USER 'manager'
2025-12-31 11:57:58.222 ===== TRACE ===== NEW CONNECTED USER 'manager' (using remember me feature)
2025-12-31 12:02:36.773 ===== TRACE ===== DISCONNECTED USER 'manager'
2025-12-31 12:02:56.143 ===== TRACE ===== NEW CONNECTED USER 'manager'
2025-12-31 16:10:29.594 ===== TRACE ===== DISCONNECTED USER 'manager'
2025-12-31 16:10:33.301 ===== TRACE ===== NEW CONNECTED USER 'manager' (using remember me feature)
2025-12-31 16:54:21.933 ***** ERROR ***** [V11.2.3] HACK ================================================================
2025-12-31 16:54:22.029 ***** ERROR ***** [V11.2.3] Try to hack detected
2025-12-31 16:54:22.029 ***** ERROR ***** [V11.2.3]  Source Code = checkValidAccessForUser() Reject for Contact - no access to screen 'Contact'
2025-12-31 16:54:22.029 ***** ERROR ***** [V11.2.3]  QUERY_STRING = objectClass=Contact&objectType=&objectClient=&budgetParent=&objectElementable=
2025-12-31 16:54:22.030 ***** ERROR ***** [V11.2.3]  REMOTE_ADDR = 129.222.109.193
2025-12-31 16:54:22.030 ***** ERROR ***** [V11.2.3]  SCRIPT_FILENAME = /home/oecfmmg/domains/mydesk.oecfm.mg/public_html/tool/jsonQuery.php
2025-12-31 16:54:22.030 ***** ERROR ***** [V11.2.3]  CONNECTED USER = #1 - manager
2025-12-31 16:54:22.030 ***** ERROR ***** [V11.2.3]  === Trace Stack for last error ===
2025-12-31 16:54:22.031 ***** ERROR ***** [V11.2.3]  => /home/oecfmmg/domains/mydesk.oecfm.mg/public_html/tool/projeqtor.php at line 1696 calling debugPrintTraceStack()
2025-12-31 16:54:22.031 ***** ERROR ***** [V11.2.3]  => /home/oecfmmg/domains/mydesk.oecfm.mg/public_html/model/Security.php at line 373 calling traceHack()
2025-12-31 16:54:22.031 ***** ERROR ***** [V11.2.3]  => /home/oecfmmg/domains/mydesk.oecfm.mg/public_html/tool/jsonQuery.php at line 45 calling Security:checkValidAccessForUser()
2025-12-31 16:54:22.031 ***** ERROR ***** [V11.2.3]  ===
2025-12-31 16:54:22.031 ***** ERROR ***** [V11.2.3]  REQUEST_URI = /tool/jsonQuery.php?objectClass=Contact&objectType=&objectClient=&budgetParent=&objectElementable=
2025-12-31 16:57:23.366 ===== TRACE ===== NEW CONNECTED USER 'manager' (using remember me feature)
2025-12-31 16:57:51.132 ***** ERROR ***** [V11.2.3] HACK ================================================================
2025-12-31 16:57:51.133 ***** ERROR ***** [V11.2.3] Try to hack detected
2025-12-31 16:57:51.133 ***** ERROR ***** [V11.2.3]  Source Code = checkValidAccessForUser() Reject for Contact - no access to screen 'Contact'
2025-12-31 16:57:51.133 ***** ERROR ***** [V11.2.3]  QUERY_STRING = objectClass=Contact&objectType=&objectClient=&budgetParent=&objectElementable=
2025-12-31 16:57:51.133 ***** ERROR ***** [V11.2.3]  REMOTE_ADDR = 129.222.109.193
2025-12-31 16:57:51.134 ***** ERROR ***** [V11.2.3]  SCRIPT_FILENAME = /home/oecfmmg/domains/mydesk.oecfm.mg/public_html/tool/jsonQuery.php
2025-12-31 16:57:51.134 ***** ERROR ***** [V11.2.3]  CONNECTED USER = #1 - manager
2025-12-31 16:57:51.135 ***** ERROR ***** [V11.2.3]  === Trace Stack for last error ===
2025-12-31 16:57:51.135 ***** ERROR ***** [V11.2.3]  => /home/oecfmmg/domains/mydesk.oecfm.mg/public_html/tool/projeqtor.php at line 1696 calling debugPrintTraceStack()
2025-12-31 16:57:51.135 ***** ERROR ***** [V11.2.3]  => /home/oecfmmg/domains/mydesk.oecfm.mg/public_html/model/Security.php at line 373 calling traceHack()
2025-12-31 16:57:51.135 ***** ERROR ***** [V11.2.3]  => /home/oecfmmg/domains/mydesk.oecfm.mg/public_html/tool/jsonQuery.php at line 45 calling Security:checkValidAccessForUser()
2025-12-31 16:57:51.136 ***** ERROR ***** [V11.2.3]  ===
2025-12-31 16:57:51.136 ***** ERROR ***** [V11.2.3]  REQUEST_URI = /tool/jsonQuery.php?objectClass=Contact&objectType=&objectClient=&budgetParent=&objectElementable=
2025-12-31 17:00:20.224 ===== TRACE ===== NEW CONNECTED USER 'manager' (using remember me feature)
2025-12-31 17:00:29.570 ===== TRACE ===== DISCONNECTED USER 'manager'
2025-12-31 17:01:50.523 ===== TRACE ===== NEW CONNECTED USER 'manager'
2025-12-31 18:37:44.803 ===== TRACE ===== must create import folder : ../files/attach//import/
2025-12-31 18:37:44.961 ===== TRACE ===== Import : File type CSV
2025-12-31 18:37:44.961 ===== TRACE ===== File Name : export_Contact_20251231_183618.csv
2025-12-31 18:37:44.974 ===== TRACE ===== Start import Contact from file export_Contact_20251231_183618.csv : 290 lines to import
2025-12-31 18:37:44.974 ===== TRACE =====  => Import line n° 1
2025-12-31 18:37:46.285 ===== TRACE =====     => INVALID
2025-12-31 18:37:46.286 ===== TRACE =====  => Import line n° 2
2025-12-31 18:37:46.296 ===== TRACE =====     => INVALID
2025-12-31 18:37:46.297 ===== TRACE =====  => Import line n° 3
2025-12-31 18:37:46.305 ===== TRACE =====     => INVALID
2025-12-31 18:37:46.306 ===== TRACE =====  => Import line n° 4
2025-12-31 18:37:46.314 ===== TRACE =====     => INVALID
2025-12-31 18:37:46.314 ===== TRACE =====  => Import line n° 5
2025-12-31 18:37:46.322 ===== TRACE =====     => INVALID
2025-12-31 18:37:46.322 ===== TRACE =====  => Import line n° 6
2025-12-31 18:37:46.330 ===== TRACE =====     => INVALID
2025-12-31 18:37:46.330 ===== TRACE =====  => Import line n° 7
2025-12-31 18:37:46.338 ===== TRACE =====     => INVALID
2025-12-31 18:37:46.338 ===== TRACE =====  => Import line n° 8
2025-12-31 18:37:46.349 ===== TRACE =====     => INVALID
2025-12-31 18:37:46.349 ===== TRACE =====  => Import line n° 9
2025-12-31 18:37:46.357 ===== TRACE =====     => INVALID
2025-12-31 18:37:46.357 ===== TRACE =====  => Import line n° 10
2025-12-31 18:37:46.365 ===== TRACE =====     => INVALID
2025-12-31 18:37:46.365 ===== TRACE =====  => Import line n° 11
2025-12-31 18:37:46.374 ===== TRACE =====     => INVALID
2025-12-31 18:37:46.374 ===== TRACE =====  => Import line n° 12
2025-12-31 18:37:46.383 ===== TRACE =====     => INVALID
2025-12-31 18:37:46.383 ===== TRACE =====  => Import line n° 13
2025-12-31 18:37:46.395 ===== TRACE =====     => INVALID
2025-12-31 18:37:46.396 ===== TRACE =====  => Import line n° 14
2025-12-31 18:37:46.405 ===== TRACE =====     => INVALID
2025-12-31 18:37:46.405 ===== TRACE =====  => Import line n° 15
2025-12-31 18:37:46.412 ===== TRACE =====     => INVALID
2025-12-31 18:37:46.413 ===== TRACE =====  => Import line n° 16
2025-12-31 18:37:46.422 ===== TRACE =====     => INVALID
2025-12-31 18:37:46.423 ===== TRACE =====  => Import line n° 17
2025-12-31 18:37:46.434 ===== TRACE =====     => INVALID
2025-12-31 18:37:46.627 ===== TRACE =====  => Import line n° 18
2025-12-31 18:37:46.640 ===== TRACE =====     => INVALID
2025-12-31 18:37:46.640 ===== TRACE =====  => Import line n° 19
2025-12-31 18:37:46.652 ===== TRACE =====     => INVALID
2025-12-31 18:37:46.653 ===== TRACE =====  => Import line n° 20
2025-12-31 18:37:46.664 ===== TRACE =====     => INVALID
2025-12-31 18:37:46.665 ===== TRACE =====  => Import line n° 21
2025-12-31 18:37:46.677 ===== TRACE =====     => INVALID
2025-12-31 18:37:46.678 ===== TRACE =====  => Import line n° 22
2025-12-31 18:37:46.690 ===== TRACE =====     => INVALID
2025-12-31 18:37:46.691 ===== TRACE =====  => Import line n° 23
2025-12-31 18:37:46.702 ===== TRACE =====     => INVALID
2025-12-31 18:37:46.702 ===== TRACE =====  => Import line n° 24
2025-12-31 18:37:46.711 ===== TRACE =====     => INVALID
2025-12-31 18:37:46.712 ===== TRACE =====  => Import line n° 25
2025-12-31 18:37:46.722 ===== TRACE =====     => INVALID
2025-12-31 18:37:46.723 ===== TRACE =====  => Import line n° 26
2025-12-31 18:37:46.732 ===== TRACE =====     => INVALID
2025-12-31 18:37:46.732 ===== TRACE =====  => Import line n° 27
2025-12-31 18:37:46.742 ===== TRACE =====     => INVALID
2025-12-31 18:37:46.742 ===== TRACE =====  => Import line n° 28
2025-12-31 18:37:46.750 ===== TRACE =====     => INVALID
2025-12-31 18:37:46.750 ===== TRACE =====  => Import line n° 29
2025-12-31 18:37:46.757 ===== TRACE =====     => INVALID
2025-12-31 18:37:46.757 ===== TRACE =====  => Import line n° 30
2025-12-31 18:37:46.764 ===== TRACE =====     => INVALID
2025-12-31 18:37:46.765 ===== TRACE =====  => Import line n° 31
2025-12-31 18:37:46.772 ===== TRACE =====     => INVALID
2025-12-31 18:37:46.773 ===== TRACE =====  => Import line n° 32
2025-12-31 18:37:46.780 ===== TRACE =====     => INVALID
2025-12-31 18:37:46.781 ===== TRACE =====  => Import line n° 33
2025-12-31 18:37:46.788 ===== TRACE =====     => INVALID
2025-12-31 18:37:46.789 ===== TRACE =====  => Import line n° 34
2025-12-31 18:37:46.798 ===== TRACE =====     => INVALID
2025-12-31 18:37:46.798 ===== TRACE =====  => Import line n° 35
2025-12-31 18:37:46.806 ===== TRACE =====     => INVALID
2025-12-31 18:37:46.806 ===== TRACE =====  => Import line n° 36
2025-12-31 18:37:46.814 ===== TRACE =====     => INVALID
2025-12-31 18:37:46.814 ===== TRACE =====  => Import line n° 37
2025-12-31 18:37:46.822 ===== TRACE =====     => INVALID
2025-12-31 18:37:46.822 ===== TRACE =====  => Import line n° 38
2025-12-31 18:37:46.829 ===== TRACE =====     => INVALID
2025-12-31 18:37:46.830 ===== TRACE =====  => Import line n° 39
2025-12-31 18:37:46.840 ===== TRACE =====     => INVALID
2025-12-31 18:37:46.841 ===== TRACE =====  => Import line n° 40
2025-12-31 18:37:46.852 ===== TRACE =====     => INVALID
2025-12-31 18:37:46.852 ===== TRACE =====  => Import line n° 41
2025-12-31 18:37:46.863 ===== TRACE =====     => INVALID
2025-12-31 18:37:46.864 ===== TRACE =====  => Import line n° 42
2025-12-31 18:37:47.364 ===== TRACE =====     => INVALID
2025-12-31 18:37:47.365 ===== TRACE =====  => Import line n° 43
2025-12-31 18:37:47.376 ===== TRACE =====     => INVALID
2025-12-31 18:37:47.376 ===== TRACE =====  => Import line n° 44
2025-12-31 18:37:47.388 ===== TRACE =====     => INVALID
2025-12-31 18:37:47.388 ===== TRACE =====  => Import line n° 45
2025-12-31 18:37:47.399 ===== TRACE =====     => INVALID
2025-12-31 18:37:47.400 ===== TRACE =====  => Import line n° 46
2025-12-31 18:37:47.411 ===== TRACE =====     => INVALID
2025-12-31 18:37:47.411 ===== TRACE =====  => Import line n° 47
2025-12-31 18:37:47.418 ===== TRACE =====     => INVALID
2025-12-31 18:37:47.421 ===== TRACE =====  => Import line n° 48
2025-12-31 18:37:47.427 ===== TRACE =====     => INVALID
2025-12-31 18:37:47.428 ===== TRACE =====  => Import line n° 49
2025-12-31 18:37:47.434 ===== TRACE =====     => INVALID
2025-12-31 18:37:47.434 ===== TRACE =====  => Import line n° 50
2025-12-31 18:37:47.440 ===== TRACE =====     => INVALID
2025-12-31 18:37:47.441 ===== TRACE =====  => Import line n° 51
2025-12-31 18:37:47.452 ===== TRACE =====     => INVALID
2025-12-31 18:37:47.452 ===== TRACE =====  => Import line n° 52
2025-12-31 18:37:47.461 ===== TRACE =====     => INVALID
2025-12-31 18:37:47.461 ===== TRACE =====  => Import line n° 53
2025-12-31 18:37:47.469 ===== TRACE =====     => INVALID
2025-12-31 18:37:47.469 ===== TRACE =====  => Import line n° 54
2025-12-31 18:37:47.476 ===== TRACE =====     => INVALID
2025-12-31 18:37:47.477 ===== TRACE =====  => Import line n° 55
2025-12-31 18:37:47.484 ===== TRACE =====     => INVALID
2025-12-31 18:37:47.485 ===== TRACE =====  => Import line n° 56
2025-12-31 18:37:47.493 ===== TRACE =====     => INVALID
2025-12-31 18:37:47.493 ===== TRACE =====  => Import line n° 57
2025-12-31 18:37:47.501 ===== TRACE =====     => INVALID
2025-12-31 18:37:47.501 ===== TRACE =====  => Import line n° 58
2025-12-31 18:37:47.509 ===== TRACE =====     => INVALID
2025-12-31 18:37:47.509 ===== TRACE =====  => Import line n° 59
2025-12-31 18:37:47.517 ===== TRACE =====     => INVALID
2025-12-31 18:37:47.517 ===== TRACE =====  => Import line n° 60
2025-12-31 18:37:47.526 ===== TRACE =====     => INVALID
2025-12-31 18:37:47.526 ===== TRACE =====  => Import line n° 61
2025-12-31 18:37:47.534 ===== TRACE =====     => INVALID
2025-12-31 18:37:47.535 ===== TRACE =====  => Import line n° 62
2025-12-31 18:37:47.542 ===== TRACE =====     => INVALID
2025-12-31 18:37:47.543 ===== TRACE =====  => Import line n° 63
2025-12-31 18:37:47.549 ===== TRACE =====     => INVALID
2025-12-31 18:37:47.550 ===== TRACE =====  => Import line n° 64
2025-12-31 18:37:47.557 ===== TRACE =====     => INVALID
2025-12-31 18:37:47.558 ===== TRACE =====  => Import line n° 65
2025-12-31 18:37:47.567 ===== TRACE =====     => INVALID
2025-12-31 18:37:47.568 ===== TRACE =====  => Import line n° 66
2025-12-31 18:37:47.575 ===== TRACE =====     => INVALID
2025-12-31 18:37:47.576 ===== TRACE =====  => Import line n° 67
2025-12-31 18:37:47.582 ===== TRACE =====     => INVALID
2025-12-31 18:37:47.582 ===== TRACE =====  => Import line n° 68
2025-12-31 18:37:47.589 ===== TRACE =====     => INVALID
2025-12-31 18:37:47.589 ===== TRACE =====  => Import line n° 69
2025-12-31 18:37:47.596 ===== TRACE =====     => INVALID
2025-12-31 18:37:47.596 ===== TRACE =====  => Import line n° 70
2025-12-31 18:37:47.602 ===== TRACE =====     => INVALID
2025-12-31 18:37:47.603 ===== TRACE =====  => Import line n° 71
2025-12-31 18:37:47.609 ===== TRACE =====     => INVALID
2025-12-31 18:37:47.610 ===== TRACE =====  => Import line n° 72
2025-12-31 18:37:47.616 ===== TRACE =====     => INVALID
2025-12-31 18:37:47.616 ===== TRACE =====  => Import line n° 73
2025-12-31 18:37:47.623 ===== TRACE =====     => INVALID
2025-12-31 18:37:47.624 ===== TRACE =====  => Import line n° 74
2025-12-31 18:37:47.631 ===== TRACE =====     => INVALID
2025-12-31 18:37:47.632 ===== TRACE =====  => Import line n° 75
2025-12-31 18:37:47.639 ===== TRACE =====     => INVALID
2025-12-31 18:37:47.640 ===== TRACE =====  => Import line n° 76
2025-12-31 18:37:47.648 ===== TRACE =====     => INVALID
2025-12-31 18:37:47.648 ===== TRACE =====  => Import line n° 77
2025-12-31 18:37:47.656 ===== TRACE =====     => INVALID
2025-12-31 18:37:47.656 ===== TRACE =====  => Import line n° 78
2025-12-31 18:37:47.664 ===== TRACE =====     => INVALID
2025-12-31 18:37:47.664 ===== TRACE =====  => Import line n° 79
2025-12-31 18:37:47.672 ===== TRACE =====     => INVALID
2025-12-31 18:37:47.673 ===== TRACE =====  => Import line n° 80
2025-12-31 18:37:47.681 ===== TRACE =====     => INVALID
2025-12-31 18:37:47.682 ===== TRACE =====  => Import line n° 81
2025-12-31 18:37:47.690 ===== TRACE =====     => INVALID
2025-12-31 18:37:47.690 ===== TRACE =====  => Import line n° 82
2025-12-31 18:37:47.698 ===== TRACE =====     => INVALID
2025-12-31 18:37:47.698 ===== TRACE =====  => Import line n° 83
2025-12-31 18:37:47.706 ===== TRACE =====     => INVALID
2025-12-31 18:37:47.706 ===== TRACE =====  => Import line n° 84
2025-12-31 18:37:47.715 ===== TRACE =====     => INVALID
2025-12-31 18:37:47.716 ===== TRACE =====  => Import line n° 85
2025-12-31 18:37:47.723 ===== TRACE =====     => INVALID
2025-12-31 18:37:47.723 ===== TRACE =====  => Import line n° 86
2025-12-31 18:37:47.730 ===== TRACE =====     => INVALID
2025-12-31 18:37:47.731 ===== TRACE =====  => Import line n° 87
2025-12-31 18:37:47.738 ===== TRACE =====     => INVALID
2025-12-31 18:37:47.739 ===== TRACE =====  => Import line n° 88
2025-12-31 18:37:47.746 ===== TRACE =====     => INVALID
2025-12-31 18:37:47.747 ===== TRACE =====  => Import line n° 89
2025-12-31 18:37:47.754 ===== TRACE =====     => INVALID
2025-12-31 18:37:47.754 ===== TRACE =====  => Import line n° 90
2025-12-31 18:37:47.761 ===== TRACE =====     => INVALID
2025-12-31 18:37:47.762 ===== TRACE =====  => Import line n° 91
2025-12-31 18:37:47.770 ===== TRACE =====     => INVALID
2025-12-31 18:37:47.770 ===== TRACE =====  => Import line n° 92
2025-12-31 18:37:47.777 ===== TRACE =====     => INVALID
2025-12-31 18:37:47.778 ===== TRACE =====  => Import line n° 93
2025-12-31 18:37:47.785 ===== TRACE =====     => INVALID
2025-12-31 18:37:47.786 ===== TRACE =====  => Import line n° 94
2025-12-31 18:37:47.793 ===== TRACE =====     => INVALID
2025-12-31 18:37:47.793 ===== TRACE =====  => Import line n° 95
2025-12-31 18:37:47.801 ===== TRACE =====     => INVALID
2025-12-31 18:37:47.802 ===== TRACE =====  => Import line n° 96
2025-12-31 18:37:47.809 ===== TRACE =====     => INVALID
2025-12-31 18:37:47.810 ===== TRACE =====  => Import line n° 97
2025-12-31 18:37:47.819 ===== TRACE =====     => INVALID
2025-12-31 18:37:47.820 ===== TRACE =====  => Import line n° 98
2025-12-31 18:37:47.830 ===== TRACE =====     => INVALID
2025-12-31 18:37:47.831 ===== TRACE =====  => Import line n° 99
2025-12-31 18:37:47.843 ===== TRACE =====     => INVALID
2025-12-31 18:37:47.843 ===== TRACE =====  => Import line n° 100
2025-12-31 18:37:47.853 ===== TRACE =====     => INVALID
2025-12-31 18:37:47.853 ===== TRACE =====  => Import line n° 101
2025-12-31 18:37:47.862 ===== TRACE =====     => INVALID
2025-12-31 18:37:47.862 ===== TRACE =====  => Import line n° 102
2025-12-31 18:37:47.870 ===== TRACE =====     => INVALID
2025-12-31 18:37:47.870 ===== TRACE =====  => Import line n° 103
2025-12-31 18:37:47.878 ===== TRACE =====     => INVALID
2025-12-31 18:37:47.879 ===== TRACE =====  => Import line n° 104
2025-12-31 18:37:47.886 ===== TRACE =====     => INVALID
2025-12-31 18:37:47.887 ===== TRACE =====  => Import line n° 105
2025-12-31 18:37:47.894 ===== TRACE =====     => INVALID
2025-12-31 18:37:47.894 ===== TRACE =====  => Import line n° 106
2025-12-31 18:37:47.901 ===== TRACE =====     => INVALID
2025-12-31 18:37:47.902 ===== TRACE =====  => Import line n° 107
2025-12-31 18:37:47.908 ===== TRACE =====     => INVALID
2025-12-31 18:37:47.909 ===== TRACE =====  => Import line n° 108
2025-12-31 18:37:47.916 ===== TRACE =====     => INVALID
2025-12-31 18:37:47.917 ===== TRACE =====  => Import line n° 109
2025-12-31 18:37:47.924 ===== TRACE =====     => INVALID
2025-12-31 18:37:47.924 ===== TRACE =====  => Import line n° 110
2025-12-31 18:37:47.932 ===== TRACE =====     => INVALID
2025-12-31 18:37:47.932 ===== TRACE =====  => Import line n° 111
2025-12-31 18:37:47.939 ===== TRACE =====     => INVALID
2025-12-31 18:37:47.940 ===== TRACE =====  => Import line n° 112
2025-12-31 18:37:47.947 ===== TRACE =====     => INVALID
2025-12-31 18:37:47.948 ===== TRACE =====  => Import line n° 113
2025-12-31 18:37:47.955 ===== TRACE =====     => INVALID
2025-12-31 18:37:47.956 ===== TRACE =====  => Import line n° 114
2025-12-31 18:37:47.965 ===== TRACE =====     => INVALID
2025-12-31 18:37:47.965 ===== TRACE =====  => Import line n° 115
2025-12-31 18:37:47.974 ===== TRACE =====     => INVALID
2025-12-31 18:37:47.975 ===== TRACE =====  => Import line n° 116
2025-12-31 18:37:47.983 ===== TRACE =====     => INVALID
2025-12-31 18:37:47.983 ===== TRACE =====  => Import line n° 117
2025-12-31 18:37:47.991 ===== TRACE =====     => INVALID
2025-12-31 18:37:47.992 ===== TRACE =====  => Import line n° 118
2025-12-31 18:37:48.000 ===== TRACE =====     => INVALID
2025-12-31 18:37:48.001 ===== TRACE =====  => Import line n° 119
2025-12-31 18:37:48.009 ===== TRACE =====     => INVALID
2025-12-31 18:37:48.010 ===== TRACE =====  => Import line n° 120
2025-12-31 18:37:48.019 ===== TRACE =====     => INVALID
2025-12-31 18:37:48.019 ===== TRACE =====  => Import line n° 121
2025-12-31 18:37:48.029 ===== TRACE =====     => INVALID
2025-12-31 18:37:48.030 ===== TRACE =====  => Import line n° 122
2025-12-31 18:37:48.039 ===== TRACE =====     => INVALID
2025-12-31 18:37:48.040 ===== TRACE =====  => Import line n° 123
2025-12-31 18:37:48.050 ===== TRACE =====     => INVALID
2025-12-31 18:37:48.050 ===== TRACE =====  => Import line n° 124
2025-12-31 18:37:48.060 ===== TRACE =====     => INVALID
2025-12-31 18:37:48.060 ===== TRACE =====  => Import line n° 125
2025-12-31 18:37:48.070 ===== TRACE =====     => INVALID
2025-12-31 18:37:48.071 ===== TRACE =====  => Import line n° 126
2025-12-31 18:37:48.079 ===== TRACE =====     => INVALID
2025-12-31 18:37:48.080 ===== TRACE =====  => Import line n° 127
2025-12-31 18:37:48.089 ===== TRACE =====     => INVALID
2025-12-31 18:37:48.089 ===== TRACE =====  => Import line n° 128
2025-12-31 18:37:48.097 ===== TRACE =====     => INVALID
2025-12-31 18:37:48.097 ===== TRACE =====  => Import line n° 129
2025-12-31 18:37:48.106 ===== TRACE =====     => INVALID
2025-12-31 18:37:48.106 ===== TRACE =====  => Import line n° 130
2025-12-31 18:37:48.115 ===== TRACE =====     => INVALID
2025-12-31 18:37:48.115 ===== TRACE =====  => Import line n° 131
2025-12-31 18:37:48.124 ===== TRACE =====     => INVALID
2025-12-31 18:37:48.125 ===== TRACE =====  => Import line n° 132
2025-12-31 18:37:48.134 ===== TRACE =====     => INVALID
2025-12-31 18:37:48.135 ===== TRACE =====  => Import line n° 133
2025-12-31 18:37:48.145 ===== TRACE =====     => INVALID
2025-12-31 18:37:48.145 ===== TRACE =====  => Import line n° 134
2025-12-31 18:37:48.156 ===== TRACE =====     => INVALID
2025-12-31 18:37:48.157 ===== TRACE =====  => Import line n° 135
2025-12-31 18:37:48.168 ===== TRACE =====     => INVALID
2025-12-31 18:37:48.169 ===== TRACE =====  => Import line n° 136
2025-12-31 18:37:48.180 ===== TRACE =====     => INVALID
2025-12-31 18:37:48.181 ===== TRACE =====  => Import line n° 137
2025-12-31 18:37:48.195 ===== TRACE =====     => INVALID
2025-12-31 18:37:48.196 ===== TRACE =====  => Import line n° 138
2025-12-31 18:37:48.207 ===== TRACE =====     => INVALID
2025-12-31 18:37:48.208 ===== TRACE =====  => Import line n° 139
2025-12-31 18:37:48.217 ===== TRACE =====     => INVALID
2025-12-31 18:37:48.217 ===== TRACE =====  => Import line n° 140
2025-12-31 18:37:48.226 ===== TRACE =====     => INVALID
2025-12-31 18:37:48.226 ===== TRACE =====  => Import line n° 141
2025-12-31 18:37:48.234 ===== TRACE =====     => INVALID
2025-12-31 18:37:48.235 ===== TRACE =====  => Import line n° 142
2025-12-31 18:37:48.244 ===== TRACE =====     => INVALID
2025-12-31 18:37:48.245 ===== TRACE =====  => Import line n° 143
2025-12-31 18:37:48.254 ===== TRACE =====     => INVALID
2025-12-31 18:37:48.254 ===== TRACE =====  => Import line n° 144
2025-12-31 18:37:48.265 ===== TRACE =====     => INVALID
2025-12-31 18:37:48.265 ===== TRACE =====  => Import line n° 145
2025-12-31 18:37:48.276 ===== TRACE =====     => INVALID
2025-12-31 18:37:48.276 ===== TRACE =====  => Import line n° 146
2025-12-31 18:37:48.287 ===== TRACE =====     => INVALID
2025-12-31 18:37:48.287 ===== TRACE =====  => Import line n° 147
2025-12-31 18:37:48.295 ===== TRACE =====     => INVALID
2025-12-31 18:37:48.296 ===== TRACE =====  => Import line n° 148
2025-12-31 18:37:48.305 ===== TRACE =====     => INVALID
2025-12-31 18:37:48.305 ===== TRACE =====  => Import line n° 149
2025-12-31 18:37:48.315 ===== TRACE =====     => INVALID
2025-12-31 18:37:48.315 ===== TRACE =====  => Import line n° 150
2025-12-31 18:37:48.325 ===== TRACE =====     => INVALID
2025-12-31 18:37:48.326 ===== TRACE =====  => Import line n° 151
2025-12-31 18:37:48.334 ===== TRACE =====     => INVALID
2025-12-31 18:37:48.335 ===== TRACE =====  => Import line n° 152
2025-12-31 18:37:48.343 ===== TRACE =====     => INVALID
2025-12-31 18:37:48.343 ===== TRACE =====  => Import line n° 153
2025-12-31 18:37:48.351 ===== TRACE =====     => INVALID
2025-12-31 18:37:48.352 ===== TRACE =====  => Import line n° 154
2025-12-31 18:37:48.361 ===== TRACE =====     => INVALID
2025-12-31 18:37:48.361 ===== TRACE =====  => Import line n° 155
2025-12-31 18:37:48.370 ===== TRACE =====     => INVALID
2025-12-31 18:37:48.370 ===== TRACE =====  => Import line n° 156
2025-12-31 18:37:48.379 ===== TRACE =====     => INVALID
2025-12-31 18:37:48.379 ===== TRACE =====  => Import line n° 157
2025-12-31 18:37:48.390 ===== TRACE =====     => INVALID
2025-12-31 18:37:48.390 ===== TRACE =====  => Import line n° 158
2025-12-31 18:37:48.400 ===== TRACE =====     => INVALID
2025-12-31 18:37:48.400 ===== TRACE =====  => Import line n° 159
2025-12-31 18:37:48.409 ===== TRACE =====     => INVALID
2025-12-31 18:37:48.409 ===== TRACE =====  => Import line n° 160
2025-12-31 18:37:48.417 ===== TRACE =====     => INVALID
2025-12-31 18:37:48.418 ===== TRACE =====  => Import line n° 161
2025-12-31 18:37:48.427 ===== TRACE =====     => INVALID
2025-12-31 18:37:48.427 ===== TRACE =====  => Import line n° 162
2025-12-31 18:37:48.436 ===== TRACE =====     => INVALID
2025-12-31 18:37:48.436 ===== TRACE =====  => Import line n° 163
2025-12-31 18:37:48.445 ===== TRACE =====     => INVALID
2025-12-31 18:37:48.446 ===== TRACE =====  => Import line n° 164
2025-12-31 18:37:48.454 ===== TRACE =====     => INVALID
2025-12-31 18:37:48.455 ===== TRACE =====  => Import line n° 165
2025-12-31 18:37:48.463 ===== TRACE =====     => INVALID
2025-12-31 18:37:48.463 ===== TRACE =====  => Import line n° 166
2025-12-31 18:37:48.471 ===== TRACE =====     => INVALID
2025-12-31 18:37:48.472 ===== TRACE =====  => Import line n° 167
2025-12-31 18:37:48.479 ===== TRACE =====     => INVALID
2025-12-31 18:37:48.480 ===== TRACE =====  => Import line n° 168
2025-12-31 18:37:48.489 ===== TRACE =====     => INVALID
2025-12-31 18:37:48.490 ===== TRACE =====  => Import line n° 169
2025-12-31 18:37:48.499 ===== TRACE =====     => INVALID
2025-12-31 18:37:48.499 ===== TRACE =====  => Import line n° 170
2025-12-31 18:37:48.507 ===== TRACE =====     => INVALID
2025-12-31 18:37:48.515 ===== TRACE =====  => Import line n° 171
2025-12-31 18:37:48.524 ===== TRACE =====     => INVALID
2025-12-31 18:37:48.524 ===== TRACE =====  => Import line n° 172
2025-12-31 18:37:48.533 ===== TRACE =====     => INVALID
2025-12-31 18:37:48.533 ===== TRACE =====  => Import line n° 173
2025-12-31 18:37:48.541 ===== TRACE =====     => INVALID
2025-12-31 18:37:48.541 ===== TRACE =====  => Import line n° 174
2025-12-31 18:37:48.549 ===== TRACE =====     => INVALID
2025-12-31 18:37:48.549 ===== TRACE =====  => Import line n° 175
2025-12-31 18:37:48.557 ===== TRACE =====     => INVALID
2025-12-31 18:37:48.558 ===== TRACE =====  => Import line n° 176
2025-12-31 18:37:48.566 ===== TRACE =====     => INVALID
2025-12-31 18:37:48.566 ===== TRACE =====  => Import line n° 177
2025-12-31 18:37:48.574 ===== TRACE =====     => INVALID
2025-12-31 18:37:48.574 ===== TRACE =====  => Import line n° 178
2025-12-31 18:37:48.580 ===== TRACE =====     => INVALID
2025-12-31 18:37:48.580 ===== TRACE =====  => Import line n° 179
2025-12-31 18:37:48.584 ===== TRACE =====     => INVALID
2025-12-31 18:37:48.584 ===== TRACE =====  => Import line n° 180
2025-12-31 18:37:48.589 ===== TRACE =====     => INVALID
2025-12-31 18:37:48.589 ===== TRACE =====  => Import line n° 181
2025-12-31 18:37:48.594 ===== TRACE =====     => INVALID
2025-12-31 18:37:48.595 ===== TRACE =====  => Import line n° 182
2025-12-31 18:37:48.600 ===== TRACE =====     => INVALID
2025-12-31 18:37:48.601 ===== TRACE =====  => Import line n° 183
2025-12-31 18:37:48.605 ===== TRACE =====     => INVALID
2025-12-31 18:37:48.606 ===== TRACE =====  => Import line n° 184
2025-12-31 18:37:48.610 ===== TRACE =====     => INVALID
2025-12-31 18:37:48.610 ===== TRACE =====  => Import line n° 185
2025-12-31 18:37:48.614 ===== TRACE =====     => INVALID
2025-12-31 18:37:48.614 ===== TRACE =====  => Import line n° 186
2025-12-31 18:37:48.724 ===== TRACE =====     => OK
2025-12-31 18:37:48.724 ===== TRACE =====  => Import line n° 187
2025-12-31 18:37:48.731 ===== TRACE =====     => OK
2025-12-31 18:37:48.732 ===== TRACE =====  => Import line n° 188
2025-12-31 18:37:48.758 ===== TRACE =====     => OK
2025-12-31 18:37:48.758 ===== TRACE =====  => Import line n° 189
2025-12-31 18:37:48.764 ===== TRACE =====     => OK
2025-12-31 18:37:48.765 ===== TRACE =====  => Import line n° 190
2025-12-31 18:37:48.771 ===== TRACE =====     => OK
2025-12-31 18:37:48.772 ===== TRACE =====  => Import line n° 191
2025-12-31 18:37:48.778 ===== TRACE =====     => OK
2025-12-31 18:37:48.779 ===== TRACE =====  => Import line n° 192
2025-12-31 18:37:48.785 ===== TRACE =====     => OK
2025-12-31 18:37:48.785 ===== TRACE =====  => Import line n° 193
2025-12-31 18:37:48.794 ===== TRACE =====     => OK
2025-12-31 18:37:48.795 ===== TRACE =====  => Import line n° 194
2025-12-31 18:37:48.799 ===== TRACE =====     => OK
2025-12-31 18:37:48.799 ===== TRACE =====  => Import line n° 195
2025-12-31 18:37:48.805 ===== TRACE =====     => OK
2025-12-31 18:37:48.806 ===== TRACE =====  => Import line n° 196
2025-12-31 18:37:48.813 ===== TRACE =====     => OK
2025-12-31 18:37:48.813 ===== TRACE =====  => Import line n° 197
2025-12-31 18:37:48.820 ===== TRACE =====     => OK
2025-12-31 18:37:48.820 ===== TRACE =====  => Import line n° 198
2025-12-31 18:37:48.828 ===== TRACE =====     => OK
2025-12-31 18:37:48.829 ===== TRACE =====  => Import line n° 199
2025-12-31 18:37:48.837 ===== TRACE =====     => OK
2025-12-31 18:37:48.837 ===== TRACE =====  => Import line n° 200
2025-12-31 18:37:48.845 ===== TRACE =====     => OK
2025-12-31 18:37:48.846 ===== TRACE =====  => Import line n° 201
2025-12-31 18:37:48.853 ===== TRACE =====     => OK
2025-12-31 18:37:48.853 ===== TRACE =====  => Import line n° 202
2025-12-31 18:37:48.862 ===== TRACE =====     => OK
2025-12-31 18:37:48.863 ===== TRACE =====  => Import line n° 203
2025-12-31 18:37:48.871 ===== TRACE =====     => OK
2025-12-31 18:37:48.871 ===== TRACE =====  => Import line n° 204
2025-12-31 18:37:48.879 ===== TRACE =====     => OK
2025-12-31 18:37:48.880 ===== TRACE =====  => Import line n° 205
2025-12-31 18:37:48.887 ===== TRACE =====     => OK
2025-12-31 18:37:48.888 ===== TRACE =====  => Import line n° 206
2025-12-31 18:37:48.896 ===== TRACE =====     => OK
2025-12-31 18:37:48.896 ===== TRACE =====  => Import line n° 207
2025-12-31 18:37:48.903 ===== TRACE =====     => OK
2025-12-31 18:37:48.903 ===== TRACE =====  => Import line n° 208
2025-12-31 18:37:48.910 ===== TRACE =====     => OK
2025-12-31 18:37:48.910 ===== TRACE =====  => Import line n° 209
2025-12-31 18:37:48.929 ===== TRACE =====     => OK
2025-12-31 18:37:48.930 ===== TRACE =====  => Import line n° 210
2025-12-31 18:37:48.939 ===== TRACE =====     => OK
2025-12-31 18:37:48.939 ===== TRACE =====  => Import line n° 211
2025-12-31 18:37:48.946 ===== TRACE =====     => OK
2025-12-31 18:37:48.946 ===== TRACE =====  => Import line n° 212
2025-12-31 18:37:48.954 ===== TRACE =====     => OK
2025-12-31 18:37:48.954 ===== TRACE =====  => Import line n° 213
2025-12-31 18:37:48.961 ===== TRACE =====     => OK
2025-12-31 18:37:48.962 ===== TRACE =====  => Import line n° 214
2025-12-31 18:37:48.968 ===== TRACE =====     => OK
2025-12-31 18:37:48.968 ===== TRACE =====  => Import line n° 215
2025-12-31 18:37:48.975 ===== TRACE =====     => OK
2025-12-31 18:37:48.975 ===== TRACE =====  => Import line n° 216
2025-12-31 18:37:48.981 ===== TRACE =====     => OK
2025-12-31 18:37:48.982 ===== TRACE =====  => Import line n° 217
2025-12-31 18:37:48.989 ===== TRACE =====     => OK
2025-12-31 18:37:48.989 ===== TRACE =====  => Import line n° 218
2025-12-31 18:37:49.025 ===== TRACE =====     => OK
2025-12-31 18:37:49.025 ===== TRACE =====  => Import line n° 219
2025-12-31 18:37:49.032 ===== TRACE =====     => OK
2025-12-31 18:37:49.032 ===== TRACE =====  => Import line n° 220
2025-12-31 18:37:49.046 ===== TRACE =====     => OK
2025-12-31 18:37:49.046 ===== TRACE =====  => Import line n° 221
2025-12-31 18:37:49.052 ===== TRACE =====     => OK
2025-12-31 18:37:49.053 ===== TRACE =====  => Import line n° 222
2025-12-31 18:37:49.063 ===== TRACE =====     => OK
2025-12-31 18:37:49.063 ===== TRACE =====  => Import line n° 223
2025-12-31 18:37:49.073 ===== TRACE =====     => OK
2025-12-31 18:37:49.073 ===== TRACE =====  => Import line n° 224
2025-12-31 18:37:49.081 ===== TRACE =====     => OK
2025-12-31 18:37:49.081 ===== TRACE =====  => Import line n° 225
2025-12-31 18:37:49.088 ===== TRACE =====     => OK
2025-12-31 18:37:49.089 ===== TRACE =====  => Import line n° 226
2025-12-31 18:37:49.096 ===== TRACE =====     => OK
2025-12-31 18:37:49.097 ===== TRACE =====  => Import line n° 227
2025-12-31 18:37:49.104 ===== TRACE =====     => OK
2025-12-31 18:37:49.105 ===== TRACE =====  => Import line n° 228
2025-12-31 18:37:49.111 ===== TRACE =====     => OK
2025-12-31 18:37:49.111 ===== TRACE =====  => Import line n° 229
2025-12-31 18:37:49.117 ===== TRACE =====     => OK
2025-12-31 18:37:49.117 ===== TRACE =====  => Import line n° 230
2025-12-31 18:37:49.125 ===== TRACE =====     => OK
2025-12-31 18:37:49.126 ===== TRACE =====  => Import line n° 231
2025-12-31 18:37:49.134 ===== TRACE =====     => OK
2025-12-31 18:37:49.135 ===== TRACE =====  => Import line n° 232
2025-12-31 18:37:49.145 ===== TRACE =====     => OK
2025-12-31 18:37:49.146 ===== TRACE =====  => Import line n° 233
2025-12-31 18:37:49.156 ===== TRACE =====     => OK
2025-12-31 18:37:49.156 ===== TRACE =====  => Import line n° 234
2025-12-31 18:37:49.164 ===== TRACE =====     => OK
2025-12-31 18:37:49.165 ===== TRACE =====  => Import line n° 235
2025-12-31 18:37:49.172 ===== TRACE =====     => OK
2025-12-31 18:37:49.172 ===== TRACE =====  => Import line n° 236
2025-12-31 18:37:49.179 ===== TRACE =====     => OK
2025-12-31 18:37:49.179 ===== TRACE =====  => Import line n° 237
2025-12-31 18:37:49.186 ===== TRACE =====     => OK
2025-12-31 18:37:49.186 ===== TRACE =====  => Import line n° 238
2025-12-31 18:37:49.193 ===== TRACE =====     => OK
2025-12-31 18:37:49.193 ===== TRACE =====  => Import line n° 239
2025-12-31 18:37:49.199 ===== TRACE =====     => OK
2025-12-31 18:37:49.200 ===== TRACE =====  => Import line n° 240
2025-12-31 18:37:49.205 ===== TRACE =====     => OK
2025-12-31 18:37:49.206 ===== TRACE =====  => Import line n° 241
2025-12-31 18:37:49.213 ===== TRACE =====     => OK
2025-12-31 18:37:49.214 ===== TRACE =====  => Import line n° 242
2025-12-31 18:37:49.222 ===== TRACE =====     => OK
2025-12-31 18:37:49.222 ===== TRACE =====  => Import line n° 243
2025-12-31 18:37:49.231 ===== TRACE =====     => OK
2025-12-31 18:37:49.232 ===== TRACE =====  => Import line n° 244
2025-12-31 18:37:49.240 ===== TRACE =====     => OK
2025-12-31 18:37:49.240 ===== TRACE =====  => Import line n° 245
2025-12-31 18:37:49.248 ===== TRACE =====     => OK
2025-12-31 18:37:49.248 ===== TRACE =====  => Import line n° 246
2025-12-31 18:37:49.256 ===== TRACE =====     => OK
2025-12-31 18:37:49.257 ===== TRACE =====  => Import line n° 247
2025-12-31 18:37:49.267 ===== TRACE =====     => OK
2025-12-31 18:37:49.267 ===== TRACE =====  => Import line n° 248
2025-12-31 18:37:49.277 ===== TRACE =====     => OK
2025-12-31 18:37:49.278 ===== TRACE =====  => Import line n° 249
2025-12-31 18:37:49.287 ===== TRACE =====     => OK
2025-12-31 18:37:49.288 ===== TRACE =====  => Import line n° 250
2025-12-31 18:37:49.298 ===== TRACE =====     => OK
2025-12-31 18:37:49.298 ===== TRACE =====  => Import line n° 251
2025-12-31 18:37:49.308 ===== TRACE =====     => OK
2025-12-31 18:37:49.309 ===== TRACE =====  => Import line n° 252
2025-12-31 18:37:49.318 ===== TRACE =====     => OK
2025-12-31 18:37:49.319 ===== TRACE =====  => Import line n° 253
2025-12-31 18:37:49.328 ===== TRACE =====     => OK
2025-12-31 18:37:49.328 ===== TRACE =====  => Import line n° 254
2025-12-31 18:37:49.336 ===== TRACE =====     => OK
2025-12-31 18:37:49.336 ===== TRACE =====  => Import line n° 255
2025-12-31 18:37:49.344 ===== TRACE =====     => OK
2025-12-31 18:37:49.344 ===== TRACE =====  => Import line n° 256
2025-12-31 18:37:49.351 ===== TRACE =====     => OK
2025-12-31 18:37:49.352 ===== TRACE =====  => Import line n° 257
2025-12-31 18:37:49.359 ===== TRACE =====     => OK
2025-12-31 18:37:49.359 ===== TRACE =====  => Import line n° 258
2025-12-31 18:37:49.367 ===== TRACE =====     => OK
2025-12-31 18:37:49.367 ===== TRACE =====  => Import line n° 259
2025-12-31 18:37:49.375 ===== TRACE =====     => OK
2025-12-31 18:37:49.376 ===== TRACE =====  => Import line n° 260
2025-12-31 18:37:49.383 ===== TRACE =====     => OK
2025-12-31 18:37:49.383 ===== TRACE =====  => Import line n° 261
2025-12-31 18:37:49.390 ===== TRACE =====     => OK
2025-12-31 18:37:49.391 ===== TRACE =====  => Import line n° 262
2025-12-31 18:37:49.398 ===== TRACE =====     => OK
2025-12-31 18:37:49.398 ===== TRACE =====  => Import line n° 263
2025-12-31 18:37:49.416 ===== TRACE =====     => OK
2025-12-31 18:37:49.416 ===== TRACE =====  => Import line n° 264
2025-12-31 18:37:49.423 ===== TRACE =====     => OK
2025-12-31 18:37:49.424 ===== TRACE =====  => Import line n° 265
2025-12-31 18:37:49.431 ===== TRACE =====     => OK
2025-12-31 18:37:49.432 ===== TRACE =====  => Import line n° 266
2025-12-31 18:37:49.439 ===== TRACE =====     => OK
2025-12-31 18:37:49.439 ===== TRACE =====  => Import line n° 267
2025-12-31 18:37:49.446 ===== TRACE =====     => OK
2025-12-31 18:37:49.447 ===== TRACE =====  => Import line n° 268
2025-12-31 18:37:49.454 ===== TRACE =====     => OK
2025-12-31 18:37:49.454 ===== TRACE =====  => Import line n° 269
2025-12-31 18:37:49.461 ===== TRACE =====     => OK
2025-12-31 18:37:49.461 ===== TRACE =====  => Import line n° 270
2025-12-31 18:37:49.467 ===== TRACE =====     => OK
2025-12-31 18:37:49.468 ===== TRACE =====  => Import line n° 271
2025-12-31 18:37:49.493 ===== TRACE =====     => OK
2025-12-31 18:37:49.494 ===== TRACE =====  => Import line n° 272
2025-12-31 18:37:49.500 ===== TRACE =====     => OK
2025-12-31 18:37:49.501 ===== TRACE =====  => Import line n° 273
2025-12-31 18:37:49.509 ===== TRACE =====     => OK
2025-12-31 18:37:49.509 ===== TRACE =====  => Import line n° 274
2025-12-31 18:37:49.517 ===== TRACE =====     => OK
2025-12-31 18:37:49.518 ===== TRACE =====  => Import line n° 275
2025-12-31 18:37:49.526 ===== TRACE =====     => OK
2025-12-31 18:37:49.527 ===== TRACE =====  => Import line n° 276
2025-12-31 18:37:49.534 ===== TRACE =====     => OK
2025-12-31 18:37:49.535 ===== TRACE =====  => Import line n° 277
2025-12-31 18:37:49.542 ===== TRACE =====     => OK
2025-12-31 18:37:49.543 ===== TRACE =====  => Import line n° 278
2025-12-31 18:37:49.550 ===== TRACE =====     => OK
2025-12-31 18:37:49.551 ===== TRACE =====  => Import line n° 279
2025-12-31 18:37:49.558 ===== TRACE =====     => OK
2025-12-31 18:37:49.559 ===== TRACE =====  => Import line n° 280
2025-12-31 18:37:49.567 ===== TRACE =====     => OK
2025-12-31 18:37:49.568 ===== TRACE =====  => Import line n° 281
2025-12-31 18:37:49.575 ===== TRACE =====     => OK
2025-12-31 18:37:49.575 ===== TRACE =====  => Import line n° 282
2025-12-31 18:37:49.582 ===== TRACE =====     => OK
2025-12-31 18:37:49.583 ===== TRACE =====  => Import line n° 283
2025-12-31 18:37:49.589 ===== TRACE =====     => OK
2025-12-31 18:37:49.590 ===== TRACE =====  => Import line n° 284
2025-12-31 18:37:49.597 ===== TRACE =====     => OK
2025-12-31 18:37:49.598 ===== TRACE =====  => Import line n° 285
2025-12-31 18:37:49.605 ===== TRACE =====     => OK
2025-12-31 18:37:49.605 ===== TRACE =====  => Import line n° 286
2025-12-31 18:37:49.612 ===== TRACE =====     => OK
2025-12-31 18:37:49.613 ===== TRACE =====  => Import line n° 287
2025-12-31 18:37:49.619 ===== TRACE =====     => OK
2025-12-31 18:37:49.620 ===== TRACE =====  => Import line n° 288
2025-12-31 18:37:49.627 ===== TRACE =====     => OK
2025-12-31 18:37:49.627 ===== TRACE =====  => Import line n° 289
2025-12-31 18:37:49.635 ===== TRACE =====     => OK
2025-12-31 18:37:49.635 ===== TRACE =====  => Import line n° 290
2025-12-31 18:37:49.642 ===== TRACE =====     => OK
2025-12-31 18:45:00.138 ===== TRACE ===== Import : File type CSV
2025-12-31 18:45:00.138 ===== TRACE ===== File Name : contact_a_b.csv
2025-12-31 18:45:00.145 ===== TRACE ===== Start import Contact from file contact_a_b.csv : 185 lines to import
2025-12-31 18:45:00.158 ===== TRACE =====  => Import line n° 1
2025-12-31 18:45:02.246 ===== TRACE =====     => INVALID
2025-12-31 18:45:02.246 ===== TRACE =====  => Import line n° 2
2025-12-31 18:45:02.258 ===== TRACE =====     => INVALID
2025-12-31 18:45:02.259 ===== TRACE =====  => Import line n° 3
2025-12-31 18:45:02.272 ===== TRACE =====     => INVALID
2025-12-31 18:45:02.272 ===== TRACE =====  => Import line n° 4
2025-12-31 18:45:02.286 ===== TRACE =====     => INVALID
2025-12-31 18:45:02.287 ===== TRACE =====  => Import line n° 5
2025-12-31 18:45:02.300 ===== TRACE =====     => INVALID
2025-12-31 18:45:02.300 ===== TRACE =====  => Import line n° 6
2025-12-31 18:45:02.315 ===== TRACE =====     => INVALID
2025-12-31 18:45:02.316 ===== TRACE =====  => Import line n° 7
2025-12-31 18:45:02.327 ===== TRACE =====     => INVALID
2025-12-31 18:45:02.328 ===== TRACE =====  => Import line n° 8
2025-12-31 18:45:02.341 ===== TRACE =====     => INVALID
2025-12-31 18:45:02.341 ===== TRACE =====  => Import line n° 9
2025-12-31 18:45:02.354 ===== TRACE =====     => INVALID
2025-12-31 18:45:02.355 ===== TRACE =====  => Import line n° 10
2025-12-31 18:45:02.366 ===== TRACE =====     => INVALID
2025-12-31 18:45:02.447 ===== TRACE =====  => Import line n° 11
2025-12-31 18:45:02.490 ===== TRACE =====     => INVALID
2025-12-31 18:45:02.624 ===== TRACE =====  => Import line n° 12
2025-12-31 18:45:02.644 ===== TRACE =====     => INVALID
2025-12-31 18:45:02.644 ===== TRACE =====  => Import line n° 13
2025-12-31 18:45:02.660 ===== TRACE =====     => INVALID
2025-12-31 18:45:02.661 ===== TRACE =====  => Import line n° 14
2025-12-31 18:45:02.675 ===== TRACE =====     => INVALID
2025-12-31 18:45:02.675 ===== TRACE =====  => Import line n° 15
2025-12-31 18:45:02.733 ===== TRACE =====     => INVALID
2025-12-31 18:45:02.733 ===== TRACE =====  => Import line n° 16
2025-12-31 18:45:02.742 ===== TRACE =====     => INVALID
2025-12-31 18:45:02.743 ===== TRACE =====  => Import line n° 17
2025-12-31 18:45:02.751 ===== TRACE =====     => INVALID
2025-12-31 18:45:02.752 ===== TRACE =====  => Import line n° 18
2025-12-31 18:45:02.760 ===== TRACE =====     => INVALID
2025-12-31 18:45:02.761 ===== TRACE =====  => Import line n° 19
2025-12-31 18:45:02.769 ===== TRACE =====     => INVALID
2025-12-31 18:45:02.770 ===== TRACE =====  => Import line n° 20
2025-12-31 18:45:02.779 ===== TRACE =====     => INVALID
2025-12-31 18:45:02.779 ===== TRACE =====  => Import line n° 21
2025-12-31 18:45:02.788 ===== TRACE =====     => INVALID
2025-12-31 18:45:02.788 ===== TRACE =====  => Import line n° 22
2025-12-31 18:45:02.797 ===== TRACE =====     => INVALID
2025-12-31 18:45:02.797 ===== TRACE =====  => Import line n° 23
2025-12-31 18:45:02.806 ===== TRACE =====     => INVALID
2025-12-31 18:45:02.806 ===== TRACE =====  => Import line n° 24
2025-12-31 18:45:02.815 ===== TRACE =====     => INVALID
2025-12-31 18:45:02.815 ===== TRACE =====  => Import line n° 25
2025-12-31 18:45:02.824 ===== TRACE =====     => INVALID
2025-12-31 18:45:02.824 ===== TRACE =====  => Import line n° 26
2025-12-31 18:45:02.832 ===== TRACE =====     => INVALID
2025-12-31 18:45:02.833 ===== TRACE =====  => Import line n° 27
2025-12-31 18:45:02.840 ===== TRACE =====     => INVALID
2025-12-31 18:45:02.841 ===== TRACE =====  => Import line n° 28
2025-12-31 18:45:02.849 ===== TRACE =====     => INVALID
2025-12-31 18:45:02.849 ===== TRACE =====  => Import line n° 29
2025-12-31 18:45:02.858 ===== TRACE =====     => INVALID
2025-12-31 18:45:02.859 ===== TRACE =====  => Import line n° 30
2025-12-31 18:45:02.867 ===== TRACE =====     => INVALID
2025-12-31 18:45:02.867 ===== TRACE =====  => Import line n° 31
2025-12-31 18:45:02.875 ===== TRACE =====     => INVALID
2025-12-31 18:45:02.876 ===== TRACE =====  => Import line n° 32
2025-12-31 18:45:02.884 ===== TRACE =====     => INVALID
2025-12-31 18:45:02.885 ===== TRACE =====  => Import line n° 33
2025-12-31 18:45:02.893 ===== TRACE =====     => INVALID
2025-12-31 18:45:02.894 ===== TRACE =====  => Import line n° 34
2025-12-31 18:45:02.901 ===== TRACE =====     => INVALID
2025-12-31 18:45:02.901 ===== TRACE =====  => Import line n° 35
2025-12-31 18:45:02.909 ===== TRACE =====     => INVALID
2025-12-31 18:45:02.909 ===== TRACE =====  => Import line n° 36
2025-12-31 18:45:02.917 ===== TRACE =====     => INVALID
2025-12-31 18:45:02.918 ===== TRACE =====  => Import line n° 37
2025-12-31 18:45:02.926 ===== TRACE =====     => INVALID
2025-12-31 18:45:02.926 ===== TRACE =====  => Import line n° 38
2025-12-31 18:45:02.935 ===== TRACE =====     => INVALID
2025-12-31 18:45:02.935 ===== TRACE =====  => Import line n° 39
2025-12-31 18:45:02.944 ===== TRACE =====     => INVALID
2025-12-31 18:45:02.944 ===== TRACE =====  => Import line n° 40
2025-12-31 18:45:02.952 ===== TRACE =====     => INVALID
2025-12-31 18:45:02.952 ===== TRACE =====  => Import line n° 41
2025-12-31 18:45:02.959 ===== TRACE =====     => INVALID
2025-12-31 18:45:02.959 ===== TRACE =====  => Import line n° 42
2025-12-31 18:45:04.184 ===== TRACE =====     => INVALID
2025-12-31 18:45:04.200 ===== TRACE =====  => Import line n° 43
2025-12-31 18:45:04.218 ===== TRACE =====     => INVALID
2025-12-31 18:45:04.219 ===== TRACE =====  => Import line n° 44
2025-12-31 18:45:04.233 ===== TRACE =====     => INVALID
2025-12-31 18:45:04.234 ===== TRACE =====  => Import line n° 45
2025-12-31 18:45:04.254 ===== TRACE =====     => INVALID
2025-12-31 18:45:04.255 ===== TRACE =====  => Import line n° 46
2025-12-31 18:45:04.287 ===== TRACE =====     => INVALID
2025-12-31 18:45:04.289 ===== TRACE =====  => Import line n° 47
2025-12-31 18:45:04.297 ===== TRACE =====     => INVALID
2025-12-31 18:45:04.298 ===== TRACE =====  => Import line n° 48
2025-12-31 18:45:04.312 ===== TRACE =====     => INVALID
2025-12-31 18:45:04.312 ===== TRACE =====  => Import line n° 49
2025-12-31 18:45:04.320 ===== TRACE =====     => INVALID
2025-12-31 18:45:04.320 ===== TRACE =====  => Import line n° 50
2025-12-31 18:45:04.335 ===== TRACE =====     => INVALID
2025-12-31 18:45:04.335 ===== TRACE =====  => Import line n° 51
2025-12-31 18:45:04.345 ===== TRACE =====     => INVALID
2025-12-31 18:45:04.345 ===== TRACE =====  => Import line n° 52
2025-12-31 18:45:04.358 ===== TRACE =====     => INVALID
2025-12-31 18:45:04.359 ===== TRACE =====  => Import line n° 53
2025-12-31 18:45:04.387 ===== TRACE =====     => INVALID
2025-12-31 18:45:04.388 ===== TRACE =====  => Import line n° 54
2025-12-31 18:45:04.397 ===== TRACE =====     => INVALID
2025-12-31 18:45:04.397 ===== TRACE =====  => Import line n° 55
2025-12-31 18:45:04.408 ===== TRACE =====     => INVALID
2025-12-31 18:45:04.414 ===== TRACE =====  => Import line n° 56
2025-12-31 18:45:04.425 ===== TRACE =====     => INVALID
2025-12-31 18:45:04.427 ===== TRACE =====  => Import line n° 57
2025-12-31 18:45:04.437 ===== TRACE =====     => INVALID
2025-12-31 18:45:04.438 ===== TRACE =====  => Import line n° 58
2025-12-31 18:45:04.451 ===== TRACE =====     => INVALID
2025-12-31 18:45:04.451 ===== TRACE =====  => Import line n° 59
2025-12-31 18:45:04.469 ===== TRACE =====     => INVALID
2025-12-31 18:45:04.470 ===== TRACE =====  => Import line n° 60
2025-12-31 18:45:04.489 ===== TRACE =====     => INVALID
2025-12-31 18:45:04.490 ===== TRACE =====  => Import line n° 61
2025-12-31 18:45:04.497 ===== TRACE =====     => INVALID
2025-12-31 18:45:04.499 ===== TRACE =====  => Import line n° 62
2025-12-31 18:45:04.513 ===== TRACE =====     => INVALID
2025-12-31 18:45:04.514 ===== TRACE =====  => Import line n° 63
2025-12-31 18:45:04.525 ===== TRACE =====     => INVALID
2025-12-31 18:45:04.526 ===== TRACE =====  => Import line n° 64
2025-12-31 18:45:04.538 ===== TRACE =====     => INVALID
2025-12-31 18:45:04.538 ===== TRACE =====  => Import line n° 65
2025-12-31 18:45:04.551 ===== TRACE =====     => INVALID
2025-12-31 18:45:04.551 ===== TRACE =====  => Import line n° 66
2025-12-31 18:45:04.563 ===== TRACE =====     => INVALID
2025-12-31 18:45:04.564 ===== TRACE =====  => Import line n° 67
2025-12-31 18:45:04.576 ===== TRACE =====     => INVALID
2025-12-31 18:45:04.581 ===== TRACE =====  => Import line n° 68
2025-12-31 18:45:04.597 ===== TRACE =====     => INVALID
2025-12-31 18:45:04.600 ===== TRACE =====  => Import line n° 69
2025-12-31 18:45:04.614 ===== TRACE =====     => INVALID
2025-12-31 18:45:04.623 ===== TRACE =====  => Import line n° 70
2025-12-31 18:45:04.636 ===== TRACE =====     => INVALID
2025-12-31 18:45:04.636 ===== TRACE =====  => Import line n° 71
2025-12-31 18:45:04.646 ===== TRACE =====     => INVALID
2025-12-31 18:45:04.647 ===== TRACE =====  => Import line n° 72
2025-12-31 18:45:04.659 ===== TRACE =====     => INVALID
2025-12-31 18:45:04.659 ===== TRACE =====  => Import line n° 73
2025-12-31 18:45:04.685 ===== TRACE =====     => INVALID
2025-12-31 18:45:04.686 ===== TRACE =====  => Import line n° 74
2025-12-31 18:45:04.702 ===== TRACE =====     => INVALID
2025-12-31 18:45:04.703 ===== TRACE =====  => Import line n° 75
2025-12-31 18:45:04.714 ===== TRACE =====     => INVALID
2025-12-31 18:45:04.714 ===== TRACE =====  => Import line n° 76
2025-12-31 18:45:04.722 ===== TRACE =====     => INVALID
2025-12-31 18:45:04.723 ===== TRACE =====  => Import line n° 77
2025-12-31 18:45:04.729 ===== TRACE =====     => INVALID
2025-12-31 18:45:04.729 ===== TRACE =====  => Import line n° 78
2025-12-31 18:45:04.736 ===== TRACE =====     => INVALID
2025-12-31 18:45:04.736 ===== TRACE =====  => Import line n° 79
2025-12-31 18:45:04.743 ===== TRACE =====     => INVALID
2025-12-31 18:45:04.743 ===== TRACE =====  => Import line n° 80
2025-12-31 18:45:04.751 ===== TRACE =====     => INVALID
2025-12-31 18:45:04.751 ===== TRACE =====  => Import line n° 81
2025-12-31 18:45:04.758 ===== TRACE =====     => INVALID
2025-12-31 18:45:04.758 ===== TRACE =====  => Import line n° 82
2025-12-31 18:45:04.765 ===== TRACE =====     => INVALID
2025-12-31 18:45:04.767 ===== TRACE =====  => Import line n° 83
2025-12-31 18:45:04.775 ===== TRACE =====     => INVALID
2025-12-31 18:45:04.776 ===== TRACE =====  => Import line n° 84
2025-12-31 18:45:04.783 ===== TRACE =====     => INVALID
2025-12-31 18:45:04.783 ===== TRACE =====  => Import line n° 85
2025-12-31 18:45:04.790 ===== TRACE =====     => INVALID
2025-12-31 18:45:04.790 ===== TRACE =====  => Import line n° 86
2025-12-31 18:45:04.798 ===== TRACE =====     => INVALID
2025-12-31 18:45:04.799 ===== TRACE =====  => Import line n° 87
2025-12-31 18:45:04.807 ===== TRACE =====     => INVALID
2025-12-31 18:45:04.807 ===== TRACE =====  => Import line n° 88
2025-12-31 18:45:04.815 ===== TRACE =====     => INVALID
2025-12-31 18:45:04.816 ===== TRACE =====  => Import line n° 89
2025-12-31 18:45:04.824 ===== TRACE =====     => INVALID
2025-12-31 18:45:04.825 ===== TRACE =====  => Import line n° 90
2025-12-31 18:45:04.838 ===== TRACE =====     => INVALID
2025-12-31 18:45:04.841 ===== TRACE =====  => Import line n° 91
2025-12-31 18:45:04.850 ===== TRACE =====     => INVALID
2025-12-31 18:45:04.850 ===== TRACE =====  => Import line n° 92
2025-12-31 18:45:04.858 ===== TRACE =====     => INVALID
2025-12-31 18:45:04.859 ===== TRACE =====  => Import line n° 93
2025-12-31 18:45:04.877 ===== TRACE =====     => INVALID
2025-12-31 18:45:04.877 ===== TRACE =====  => Import line n° 94
2025-12-31 18:45:04.886 ===== TRACE =====     => INVALID
2025-12-31 18:45:04.890 ===== TRACE =====  => Import line n° 95
2025-12-31 18:45:04.900 ===== TRACE =====     => INVALID
2025-12-31 18:45:04.901 ===== TRACE =====  => Import line n° 96
2025-12-31 18:45:04.916 ===== TRACE =====     => INVALID
2025-12-31 18:45:04.920 ===== TRACE =====  => Import line n° 97
2025-12-31 18:45:04.930 ===== TRACE =====     => INVALID
2025-12-31 18:45:04.931 ===== TRACE =====  => Import line n° 98
2025-12-31 18:45:04.941 ===== TRACE =====     => INVALID
2025-12-31 18:45:04.945 ===== TRACE =====  => Import line n° 99
2025-12-31 18:45:04.954 ===== TRACE =====     => INVALID
2025-12-31 18:45:04.954 ===== TRACE =====  => Import line n° 100
2025-12-31 18:45:04.962 ===== TRACE =====     => INVALID
2025-12-31 18:45:04.963 ===== TRACE =====  => Import line n° 101
2025-12-31 18:45:04.969 ===== TRACE =====     => INVALID
2025-12-31 18:45:04.969 ===== TRACE =====  => Import line n° 102
2025-12-31 18:45:04.976 ===== TRACE =====     => INVALID
2025-12-31 18:45:04.997 ===== TRACE =====  => Import line n° 103
2025-12-31 18:45:05.006 ===== TRACE =====     => INVALID
2025-12-31 18:45:05.031 ===== TRACE =====  => Import line n° 104
2025-12-31 18:45:05.039 ===== TRACE =====     => INVALID
2025-12-31 18:45:05.039 ===== TRACE =====  => Import line n° 105
2025-12-31 18:45:05.048 ===== TRACE =====     => INVALID
2025-12-31 18:45:05.051 ===== TRACE =====  => Import line n° 106
2025-12-31 18:45:05.060 ===== TRACE =====     => INVALID
2025-12-31 18:45:05.060 ===== TRACE =====  => Import line n° 107
2025-12-31 18:45:05.070 ===== TRACE =====     => INVALID
2025-12-31 18:45:05.071 ===== TRACE =====  => Import line n° 108
2025-12-31 18:45:05.079 ===== TRACE =====     => INVALID
2025-12-31 18:45:05.079 ===== TRACE =====  => Import line n° 109
2025-12-31 18:45:05.087 ===== TRACE =====     => INVALID
2025-12-31 18:45:05.088 ===== TRACE =====  => Import line n° 110
2025-12-31 18:45:05.097 ===== TRACE =====     => INVALID
2025-12-31 18:45:05.098 ===== TRACE =====  => Import line n° 111
2025-12-31 18:45:05.106 ===== TRACE =====     => INVALID
2025-12-31 18:45:05.106 ===== TRACE =====  => Import line n° 112
2025-12-31 18:45:05.114 ===== TRACE =====     => INVALID
2025-12-31 18:45:05.114 ===== TRACE =====  => Import line n° 113
2025-12-31 18:45:05.122 ===== TRACE =====     => INVALID
2025-12-31 18:45:05.123 ===== TRACE =====  => Import line n° 114
2025-12-31 18:45:05.131 ===== TRACE =====     => INVALID
2025-12-31 18:45:05.131 ===== TRACE =====  => Import line n° 115
2025-12-31 18:45:05.139 ===== TRACE =====     => INVALID
2025-12-31 18:45:05.139 ===== TRACE =====  => Import line n° 116
2025-12-31 18:45:05.147 ===== TRACE =====     => INVALID
2025-12-31 18:45:05.148 ===== TRACE =====  => Import line n° 117
2025-12-31 18:45:05.157 ===== TRACE =====     => INVALID
2025-12-31 18:45:05.157 ===== TRACE =====  => Import line n° 118
2025-12-31 18:45:05.165 ===== TRACE =====     => INVALID
2025-12-31 18:45:05.166 ===== TRACE =====  => Import line n° 119
2025-12-31 18:45:05.174 ===== TRACE =====     => INVALID
2025-12-31 18:45:05.174 ===== TRACE =====  => Import line n° 120
2025-12-31 18:45:05.183 ===== TRACE =====     => INVALID
2025-12-31 18:45:05.183 ===== TRACE =====  => Import line n° 121
2025-12-31 18:45:05.191 ===== TRACE =====     => INVALID
2025-12-31 18:45:05.191 ===== TRACE =====  => Import line n° 122
2025-12-31 18:45:05.198 ===== TRACE =====     => INVALID
2025-12-31 18:45:05.199 ===== TRACE =====  => Import line n° 123
2025-12-31 18:45:05.205 ===== TRACE =====     => INVALID
2025-12-31 18:45:05.205 ===== TRACE =====  => Import line n° 124
2025-12-31 18:45:05.211 ===== TRACE =====     => INVALID
2025-12-31 18:45:05.211 ===== TRACE =====  => Import line n° 125
2025-12-31 18:45:05.218 ===== TRACE =====     => INVALID
2025-12-31 18:45:05.218 ===== TRACE =====  => Import line n° 126
2025-12-31 18:45:05.225 ===== TRACE =====     => INVALID
2025-12-31 18:45:05.225 ===== TRACE =====  => Import line n° 127
2025-12-31 18:45:05.232 ===== TRACE =====     => INVALID
2025-12-31 18:45:05.232 ===== TRACE =====  => Import line n° 128
2025-12-31 18:45:05.239 ===== TRACE =====     => INVALID
2025-12-31 18:45:05.239 ===== TRACE =====  => Import line n° 129
2025-12-31 18:45:05.246 ===== TRACE =====     => INVALID
2025-12-31 18:45:05.246 ===== TRACE =====  => Import line n° 130
2025-12-31 18:45:05.253 ===== TRACE =====     => INVALID
2025-12-31 18:45:05.254 ===== TRACE =====  => Import line n° 131
2025-12-31 18:45:05.259 ===== TRACE =====     => INVALID
2025-12-31 18:45:05.259 ===== TRACE =====  => Import line n° 132
2025-12-31 18:45:05.264 ===== TRACE =====     => INVALID
2025-12-31 18:45:05.264 ===== TRACE =====  => Import line n° 133
2025-12-31 18:45:05.269 ===== TRACE =====     => INVALID
2025-12-31 18:45:05.269 ===== TRACE =====  => Import line n° 134
2025-12-31 18:45:05.274 ===== TRACE =====     => INVALID
2025-12-31 18:45:05.276 ===== TRACE =====  => Import line n° 135
2025-12-31 18:45:05.282 ===== TRACE =====     => INVALID
2025-12-31 18:45:05.283 ===== TRACE =====  => Import line n° 136
2025-12-31 18:45:05.289 ===== TRACE =====     => INVALID
2025-12-31 18:45:05.292 ===== TRACE =====  => Import line n° 137
2025-12-31 18:45:05.298 ===== TRACE =====     => INVALID
2025-12-31 18:45:05.299 ===== TRACE =====  => Import line n° 138
2025-12-31 18:45:05.305 ===== TRACE =====     => INVALID
2025-12-31 18:45:05.305 ===== TRACE =====  => Import line n° 139
2025-12-31 18:45:05.311 ===== TRACE =====     => INVALID
2025-12-31 18:45:05.311 ===== TRACE =====  => Import line n° 140
2025-12-31 18:45:05.318 ===== TRACE =====     => INVALID
2025-12-31 18:45:05.318 ===== TRACE =====  => Import line n° 141
2025-12-31 18:45:05.324 ===== TRACE =====     => INVALID
2025-12-31 18:45:05.325 ===== TRACE =====  => Import line n° 142
2025-12-31 18:45:05.331 ===== TRACE =====     => INVALID
2025-12-31 18:45:05.331 ===== TRACE =====  => Import line n° 143
2025-12-31 18:45:05.337 ===== TRACE =====     => INVALID
2025-12-31 18:45:05.337 ===== TRACE =====  => Import line n° 144
2025-12-31 18:45:05.342 ===== TRACE =====     => INVALID
2025-12-31 18:45:05.343 ===== TRACE =====  => Import line n° 145
2025-12-31 18:45:05.348 ===== TRACE =====     => INVALID
2025-12-31 18:45:05.348 ===== TRACE =====  => Import line n° 146
2025-12-31 18:45:05.354 ===== TRACE =====     => INVALID
2025-12-31 18:45:05.356 ===== TRACE =====  => Import line n° 147
2025-12-31 18:45:05.363 ===== TRACE =====     => INVALID
2025-12-31 18:45:05.363 ===== TRACE =====  => Import line n° 148
2025-12-31 18:45:05.372 ===== TRACE =====     => INVALID
2025-12-31 18:45:05.372 ===== TRACE =====  => Import line n° 149
2025-12-31 18:45:05.379 ===== TRACE =====     => INVALID
2025-12-31 18:45:05.379 ===== TRACE =====  => Import line n° 150
2025-12-31 18:45:05.386 ===== TRACE =====     => INVALID
2025-12-31 18:45:05.386 ===== TRACE =====  => Import line n° 151
2025-12-31 18:45:05.393 ===== TRACE =====     => INVALID
2025-12-31 18:45:05.394 ===== TRACE =====  => Import line n° 152
2025-12-31 18:45:05.400 ===== TRACE =====     => INVALID
2025-12-31 18:45:05.400 ===== TRACE =====  => Import line n° 153
2025-12-31 18:45:05.405 ===== TRACE =====     => INVALID
2025-12-31 18:45:05.406 ===== TRACE =====  => Import line n° 154
2025-12-31 18:45:05.412 ===== TRACE =====     => INVALID
2025-12-31 18:45:05.412 ===== TRACE =====  => Import line n° 155
2025-12-31 18:45:05.418 ===== TRACE =====     => INVALID
2025-12-31 18:45:05.419 ===== TRACE =====  => Import line n° 156
2025-12-31 18:45:05.425 ===== TRACE =====     => INVALID
2025-12-31 18:45:05.426 ===== TRACE =====  => Import line n° 157
2025-12-31 18:45:05.433 ===== TRACE =====     => INVALID
2025-12-31 18:45:05.433 ===== TRACE =====  => Import line n° 158
2025-12-31 18:45:05.439 ===== TRACE =====     => INVALID
2025-12-31 18:45:05.439 ===== TRACE =====  => Import line n° 159
2025-12-31 18:45:05.446 ===== TRACE =====     => INVALID
2025-12-31 18:45:05.446 ===== TRACE =====  => Import line n° 160
2025-12-31 18:45:05.451 ===== TRACE =====     => INVALID
2025-12-31 18:45:05.451 ===== TRACE =====  => Import line n° 161
2025-12-31 18:45:05.457 ===== TRACE =====     => INVALID
2025-12-31 18:45:05.457 ===== TRACE =====  => Import line n° 162
2025-12-31 18:45:05.464 ===== TRACE =====     => INVALID
2025-12-31 18:45:05.464 ===== TRACE =====  => Import line n° 163
2025-12-31 18:45:05.470 ===== TRACE =====     => INVALID
2025-12-31 18:45:05.471 ===== TRACE =====  => Import line n° 164
2025-12-31 18:45:05.476 ===== TRACE =====     => INVALID
2025-12-31 18:45:05.479 ===== TRACE =====  => Import line n° 165
2025-12-31 18:45:05.485 ===== TRACE =====     => INVALID
2025-12-31 18:45:05.486 ===== TRACE =====  => Import line n° 166
2025-12-31 18:45:05.492 ===== TRACE =====     => INVALID
2025-12-31 18:45:05.493 ===== TRACE =====  => Import line n° 167
2025-12-31 18:45:05.498 ===== TRACE =====     => INVALID
2025-12-31 18:45:05.498 ===== TRACE =====  => Import line n° 168
2025-12-31 18:45:05.505 ===== TRACE =====     => INVALID
2025-12-31 18:45:05.505 ===== TRACE =====  => Import line n° 169
2025-12-31 18:45:05.512 ===== TRACE =====     => INVALID
2025-12-31 18:45:05.512 ===== TRACE =====  => Import line n° 170
2025-12-31 18:45:05.518 ===== TRACE =====     => INVALID
2025-12-31 18:45:05.519 ===== TRACE =====  => Import line n° 171
2025-12-31 18:45:05.524 ===== TRACE =====     => INVALID
2025-12-31 18:45:05.525 ===== TRACE =====  => Import line n° 172
2025-12-31 18:45:05.530 ===== TRACE =====     => INVALID
2025-12-31 18:45:05.530 ===== TRACE =====  => Import line n° 173
2025-12-31 18:45:05.536 ===== TRACE =====     => INVALID
2025-12-31 18:45:05.536 ===== TRACE =====  => Import line n° 174
2025-12-31 18:45:05.542 ===== TRACE =====     => INVALID
2025-12-31 18:45:05.543 ===== TRACE =====  => Import line n° 175
2025-12-31 18:45:05.548 ===== TRACE =====     => INVALID
2025-12-31 18:45:05.548 ===== TRACE =====  => Import line n° 176
2025-12-31 18:45:05.557 ===== TRACE =====     => INVALID
2025-12-31 18:45:05.557 ===== TRACE =====  => Import line n° 177
2025-12-31 18:45:05.565 ===== TRACE =====     => INVALID
2025-12-31 18:45:05.565 ===== TRACE =====  => Import line n° 178
2025-12-31 18:45:05.572 ===== TRACE =====     => INVALID
2025-12-31 18:45:05.572 ===== TRACE =====  => Import line n° 179
2025-12-31 18:45:05.579 ===== TRACE =====     => INVALID
2025-12-31 18:45:05.579 ===== TRACE =====  => Import line n° 180
2025-12-31 18:45:05.586 ===== TRACE =====     => INVALID
2025-12-31 18:45:05.587 ===== TRACE =====  => Import line n° 181
2025-12-31 18:45:05.593 ===== TRACE =====     => INVALID
2025-12-31 18:45:05.593 ===== TRACE =====  => Import line n° 182
2025-12-31 18:45:05.599 ===== TRACE =====     => INVALID
2025-12-31 18:45:05.600 ===== TRACE =====  => Import line n° 183
2025-12-31 18:45:05.606 ===== TRACE =====     => INVALID
2025-12-31 18:45:05.606 ===== TRACE =====  => Import line n° 184
2025-12-31 18:45:05.613 ===== TRACE =====     => INVALID
2025-12-31 18:45:05.614 ===== TRACE =====  => Import line n° 185
2025-12-31 18:45:05.621 ===== TRACE =====     => INVALID
2025-12-31 18:46:55.144 ===== TRACE ===== Import : File type CSV
2025-12-31 18:46:55.145 ===== TRACE ===== File Name : contact_a_b.csv
2025-12-31 18:46:55.151 ===== TRACE ===== Start import Contact from file contact_a_b.csv : 185 lines to import
2025-12-31 18:46:55.152 ===== TRACE =====  => Import line n° 1
2025-12-31 18:46:56.504 ===== TRACE =====     => OK
2025-12-31 18:46:56.505 ===== TRACE =====  => Import line n° 2
2025-12-31 18:46:56.515 ===== TRACE =====     => OK
2025-12-31 18:46:56.523 ===== TRACE =====  => Import line n° 3
2025-12-31 18:46:56.533 ===== TRACE =====     => OK
2025-12-31 18:46:56.538 ===== TRACE =====  => Import line n° 4
2025-12-31 18:46:56.548 ===== TRACE =====     => OK
2025-12-31 18:46:56.553 ===== TRACE =====  => Import line n° 5
2025-12-31 18:46:56.564 ===== TRACE =====     => OK
2025-12-31 18:46:56.609 ===== TRACE =====  => Import line n° 6
2025-12-31 18:46:56.620 ===== TRACE =====     => OK
2025-12-31 18:46:56.630 ===== TRACE =====  => Import line n° 7
2025-12-31 18:46:56.654 ===== TRACE =====     => OK
2025-12-31 18:46:56.656 ===== TRACE =====  => Import line n° 8
2025-12-31 18:46:56.668 ===== TRACE =====     => OK
2025-12-31 18:46:56.676 ===== TRACE =====  => Import line n° 9
2025-12-31 18:46:56.689 ===== TRACE =====     => OK
2025-12-31 18:46:56.694 ===== TRACE =====  => Import line n° 10
2025-12-31 18:46:56.708 ===== TRACE =====     => OK
2025-12-31 18:46:56.729 ===== TRACE =====  => Import line n° 11
2025-12-31 18:46:56.778 ===== TRACE =====     => OK
2025-12-31 18:46:56.779 ===== TRACE =====  => Import line n° 12
2025-12-31 18:46:56.791 ===== TRACE =====     => OK
2025-12-31 18:46:56.843 ===== TRACE =====  => Import line n° 13
2025-12-31 18:46:56.860 ===== TRACE =====     => OK
2025-12-31 18:46:56.861 ===== TRACE =====  => Import line n° 14
2025-12-31 18:46:57.181 ===== TRACE =====     => OK
2025-12-31 18:46:57.182 ===== TRACE =====  => Import line n° 15
2025-12-31 18:46:57.191 ===== TRACE =====     => OK
2025-12-31 18:46:57.192 ===== TRACE =====  => Import line n° 16
2025-12-31 18:46:57.203 ===== TRACE =====     => OK
2025-12-31 18:46:57.208 ===== TRACE =====  => Import line n° 17
2025-12-31 18:46:57.218 ===== TRACE =====     => OK
2025-12-31 18:46:57.259 ===== TRACE =====  => Import line n° 18
2025-12-31 18:46:57.274 ===== TRACE =====     => OK
2025-12-31 18:46:57.299 ===== TRACE =====  => Import line n° 19
2025-12-31 18:46:57.310 ===== TRACE =====     => OK
2025-12-31 18:46:57.310 ===== TRACE =====  => Import line n° 20
2025-12-31 18:46:57.317 ===== TRACE =====     => OK
2025-12-31 18:46:57.318 ===== TRACE =====  => Import line n° 21
2025-12-31 18:46:57.324 ===== TRACE =====     => OK
2025-12-31 18:46:57.325 ===== TRACE =====  => Import line n° 22
2025-12-31 18:46:57.333 ===== TRACE =====     => OK
2025-12-31 18:46:57.334 ===== TRACE =====  => Import line n° 23
2025-12-31 18:46:57.342 ===== TRACE =====     => OK
2025-12-31 18:46:57.342 ===== TRACE =====  => Import line n° 24
2025-12-31 18:46:57.352 ===== TRACE =====     => OK
2025-12-31 18:46:57.385 ===== TRACE =====  => Import line n° 25
2025-12-31 18:46:57.396 ===== TRACE =====     => OK
2025-12-31 18:46:57.405 ===== TRACE =====  => Import line n° 26
2025-12-31 18:46:57.416 ===== TRACE =====     => OK
2025-12-31 18:46:57.417 ===== TRACE =====  => Import line n° 27
2025-12-31 18:46:57.427 ===== TRACE =====     => OK
2025-12-31 18:46:57.451 ===== TRACE =====  => Import line n° 28
2025-12-31 18:46:57.461 ===== TRACE =====     => OK
2025-12-31 18:46:57.462 ===== TRACE =====  => Import line n° 29
2025-12-31 18:46:57.471 ===== TRACE =====     => OK
2025-12-31 18:46:57.471 ===== TRACE =====  => Import line n° 30
2025-12-31 18:46:58.158 ===== TRACE =====     => OK
2025-12-31 18:46:58.191 ===== TRACE =====  => Import line n° 31
2025-12-31 18:46:58.201 ===== TRACE =====     => OK
2025-12-31 18:46:58.428 ===== TRACE =====  => Import line n° 32
2025-12-31 18:46:58.439 ===== TRACE =====     => OK
2025-12-31 18:46:58.549 ===== TRACE =====  => Import line n° 33
2025-12-31 18:46:58.574 ===== TRACE =====     => OK
2025-12-31 18:46:58.575 ===== TRACE =====  => Import line n° 34
2025-12-31 18:46:58.587 ===== TRACE =====     => OK
2025-12-31 18:46:58.588 ===== TRACE =====  => Import line n° 35
2025-12-31 18:46:58.601 ===== TRACE =====     => OK
2025-12-31 18:46:58.602 ===== TRACE =====  => Import line n° 36
2025-12-31 18:46:58.612 ===== TRACE =====     => OK
2025-12-31 18:46:58.613 ===== TRACE =====  => Import line n° 37
2025-12-31 18:46:58.623 ===== TRACE =====     => OK
2025-12-31 18:46:58.624 ===== TRACE =====  => Import line n° 38
2025-12-31 18:46:58.639 ===== TRACE =====     => OK
2025-12-31 18:46:58.640 ===== TRACE =====  => Import line n° 39
2025-12-31 18:46:58.653 ===== TRACE =====     => OK
2025-12-31 18:46:58.654 ===== TRACE =====  => Import line n° 40
2025-12-31 18:46:58.667 ===== TRACE =====     => OK
2025-12-31 18:46:58.668 ===== TRACE =====  => Import line n° 41
2025-12-31 18:46:58.759 ===== TRACE =====     => OK
2025-12-31 18:46:58.765 ===== TRACE =====  => Import line n° 42
2025-12-31 18:46:58.789 ===== TRACE =====     => OK
2025-12-31 18:46:58.790 ===== TRACE =====  => Import line n° 43
2025-12-31 18:46:58.817 ===== TRACE =====     => OK
2025-12-31 18:46:58.886 ===== TRACE =====  => Import line n° 44
2025-12-31 18:46:58.903 ===== TRACE =====     => OK
2025-12-31 18:46:58.903 ===== TRACE =====  => Import line n° 45
2025-12-31 18:46:58.917 ===== TRACE =====     => OK
2025-12-31 18:46:58.917 ===== TRACE =====  => Import line n° 46
2025-12-31 18:46:58.930 ===== TRACE =====     => OK
2025-12-31 18:46:58.930 ===== TRACE =====  => Import line n° 47
2025-12-31 18:46:58.942 ===== TRACE =====     => OK
2025-12-31 18:46:58.942 ===== TRACE =====  => Import line n° 48
2025-12-31 18:46:58.951 ===== TRACE =====     => OK
2025-12-31 18:46:58.958 ===== TRACE =====  => Import line n° 49
2025-12-31 18:46:58.971 ===== TRACE =====     => OK
2025-12-31 18:46:58.975 ===== TRACE =====  => Import line n° 50
2025-12-31 18:46:58.992 ===== TRACE =====     => OK
2025-12-31 18:46:58.993 ===== TRACE =====  => Import line n° 51
2025-12-31 18:46:59.005 ===== TRACE =====     => OK
2025-12-31 18:46:59.005 ===== TRACE =====  => Import line n° 52
2025-12-31 18:46:59.018 ===== TRACE =====     => OK
2025-12-31 18:46:59.019 ===== TRACE =====  => Import line n° 53
2025-12-31 18:46:59.029 ===== TRACE =====     => OK
2025-12-31 18:46:59.030 ===== TRACE =====  => Import line n° 54
2025-12-31 18:46:59.050 ===== TRACE =====     => OK
2025-12-31 18:46:59.051 ===== TRACE =====  => Import line n° 55
2025-12-31 18:46:59.061 ===== TRACE =====     => OK
2025-12-31 18:46:59.062 ===== TRACE =====  => Import line n° 56
2025-12-31 18:46:59.075 ===== TRACE =====     => OK
2025-12-31 18:46:59.076 ===== TRACE =====  => Import line n° 57
2025-12-31 18:46:59.089 ===== TRACE =====     => OK
2025-12-31 18:46:59.089 ===== TRACE =====  => Import line n° 58
2025-12-31 18:46:59.099 ===== TRACE =====     => OK
2025-12-31 18:46:59.101 ===== TRACE =====  => Import line n° 59
2025-12-31 18:46:59.143 ===== TRACE =====     => OK
2025-12-31 18:46:59.144 ===== TRACE =====  => Import line n° 60
2025-12-31 18:46:59.153 ===== TRACE =====     => OK
2025-12-31 18:46:59.155 ===== TRACE =====  => Import line n° 61
2025-12-31 18:46:59.165 ===== TRACE =====     => OK
2025-12-31 18:46:59.166 ===== TRACE =====  => Import line n° 62
2025-12-31 18:46:59.178 ===== TRACE =====     => OK
2025-12-31 18:46:59.179 ===== TRACE =====  => Import line n° 63
2025-12-31 18:46:59.191 ===== TRACE =====     => OK
2025-12-31 18:46:59.216 ===== TRACE =====  => Import line n° 64
2025-12-31 18:46:59.226 ===== TRACE =====     => OK
2025-12-31 18:46:59.226 ===== TRACE =====  => Import line n° 65
2025-12-31 18:46:59.236 ===== TRACE =====     => OK
2025-12-31 18:46:59.236 ===== TRACE =====  => Import line n° 66
2025-12-31 18:46:59.245 ===== TRACE =====     => OK
2025-12-31 18:46:59.246 ===== TRACE =====  => Import line n° 67
2025-12-31 18:46:59.253 ===== TRACE =====     => OK
2025-12-31 18:46:59.257 ===== TRACE =====  => Import line n° 68
2025-12-31 18:46:59.266 ===== TRACE =====     => OK
2025-12-31 18:46:59.267 ===== TRACE =====  => Import line n° 69
2025-12-31 18:46:59.280 ===== TRACE =====     => OK
2025-12-31 18:46:59.280 ===== TRACE =====  => Import line n° 70
2025-12-31 18:46:59.291 ===== TRACE =====     => OK
2025-12-31 18:46:59.291 ===== TRACE =====  => Import line n° 71
2025-12-31 18:46:59.300 ===== TRACE =====     => OK
2025-12-31 18:46:59.301 ===== TRACE =====  => Import line n° 72
2025-12-31 18:46:59.310 ===== TRACE =====     => OK
2025-12-31 18:46:59.313 ===== TRACE =====  => Import line n° 73
2025-12-31 18:46:59.324 ===== TRACE =====     => OK
2025-12-31 18:46:59.324 ===== TRACE =====  => Import line n° 74
2025-12-31 18:46:59.331 ===== TRACE =====     => OK
2025-12-31 18:46:59.332 ===== TRACE =====  => Import line n° 75
2025-12-31 18:46:59.338 ===== TRACE =====     => OK
2025-12-31 18:46:59.340 ===== TRACE =====  => Import line n° 76
2025-12-31 18:46:59.346 ===== TRACE =====     => OK
2025-12-31 18:46:59.346 ===== TRACE =====  => Import line n° 77
2025-12-31 18:46:59.352 ===== TRACE =====     => OK
2025-12-31 18:46:59.353 ===== TRACE =====  => Import line n° 78
2025-12-31 18:46:59.359 ===== TRACE =====     => OK
2025-12-31 18:46:59.359 ===== TRACE =====  => Import line n° 79
2025-12-31 18:46:59.368 ===== TRACE =====     => OK
2025-12-31 18:46:59.369 ===== TRACE =====  => Import line n° 80
2025-12-31 18:46:59.379 ===== TRACE =====     => OK
2025-12-31 18:46:59.379 ===== TRACE =====  => Import line n° 81
2025-12-31 18:46:59.389 ===== TRACE =====     => OK
2025-12-31 18:46:59.389 ===== TRACE =====  => Import line n° 82
2025-12-31 18:46:59.396 ===== TRACE =====     => OK
2025-12-31 18:46:59.397 ===== TRACE =====  => Import line n° 83
2025-12-31 18:46:59.403 ===== TRACE =====     => OK
2025-12-31 18:46:59.404 ===== TRACE =====  => Import line n° 84
2025-12-31 18:46:59.409 ===== TRACE =====     => OK
2025-12-31 18:46:59.409 ===== TRACE =====  => Import line n° 85
2025-12-31 18:46:59.415 ===== TRACE =====     => OK
2025-12-31 18:46:59.416 ===== TRACE =====  => Import line n° 86
2025-12-31 18:46:59.423 ===== TRACE =====     => OK
2025-12-31 18:46:59.423 ===== TRACE =====  => Import line n° 87
2025-12-31 18:46:59.430 ===== TRACE =====     => OK
2025-12-31 18:46:59.430 ===== TRACE =====  => Import line n° 88
2025-12-31 18:46:59.437 ===== TRACE =====     => OK
2025-12-31 18:46:59.437 ===== TRACE =====  => Import line n° 89
2025-12-31 18:46:59.444 ===== TRACE =====     => OK
2025-12-31 18:46:59.444 ===== TRACE =====  => Import line n° 90
2025-12-31 18:46:59.451 ===== TRACE =====     => OK
2025-12-31 18:46:59.452 ===== TRACE =====  => Import line n° 91
2025-12-31 18:46:59.460 ===== TRACE =====     => OK
2025-12-31 18:46:59.460 ===== TRACE =====  => Import line n° 92
2025-12-31 18:46:59.472 ===== TRACE =====     => OK
2025-12-31 18:46:59.473 ===== TRACE =====  => Import line n° 93
2025-12-31 18:46:59.485 ===== TRACE =====     => OK
2025-12-31 18:46:59.486 ===== TRACE =====  => Import line n° 94
2025-12-31 18:46:59.496 ===== TRACE =====     => OK
2025-12-31 18:46:59.497 ===== TRACE =====  => Import line n° 95
2025-12-31 18:46:59.507 ===== TRACE =====     => OK
2025-12-31 18:46:59.508 ===== TRACE =====  => Import line n° 96
2025-12-31 18:46:59.516 ===== TRACE =====     => OK
2025-12-31 18:46:59.517 ===== TRACE =====  => Import line n° 97
2025-12-31 18:46:59.523 ===== TRACE =====     => OK
2025-12-31 18:46:59.524 ===== TRACE =====  => Import line n° 98
2025-12-31 18:46:59.533 ===== TRACE =====     => OK
2025-12-31 18:46:59.533 ===== TRACE =====  => Import line n° 99
2025-12-31 18:46:59.543 ===== TRACE =====     => OK
2025-12-31 18:46:59.543 ===== TRACE =====  => Import line n° 100
2025-12-31 18:46:59.552 ===== TRACE =====     => OK
2025-12-31 18:46:59.553 ===== TRACE =====  => Import line n° 101
2025-12-31 18:46:59.564 ===== TRACE =====     => OK
2025-12-31 18:46:59.565 ===== TRACE =====  => Import line n° 102
2025-12-31 18:46:59.577 ===== TRACE =====     => OK
2025-12-31 18:46:59.578 ===== TRACE =====  => Import line n° 103
2025-12-31 18:46:59.589 ===== TRACE =====     => OK
2025-12-31 18:46:59.590 ===== TRACE =====  => Import line n° 104
2025-12-31 18:46:59.600 ===== TRACE =====     => OK
2025-12-31 18:46:59.601 ===== TRACE =====  => Import line n° 105
2025-12-31 18:46:59.610 ===== TRACE =====     => OK
2025-12-31 18:46:59.610 ===== TRACE =====  => Import line n° 106
2025-12-31 18:46:59.620 ===== TRACE =====     => OK
2025-12-31 18:46:59.621 ===== TRACE =====  => Import line n° 107
2025-12-31 18:46:59.630 ===== TRACE =====     => OK
2025-12-31 18:46:59.631 ===== TRACE =====  => Import line n° 108
2025-12-31 18:46:59.641 ===== TRACE =====     => OK
2025-12-31 18:46:59.641 ===== TRACE =====  => Import line n° 109
2025-12-31 18:46:59.651 ===== TRACE =====     => OK
2025-12-31 18:46:59.652 ===== TRACE =====  => Import line n° 110
2025-12-31 18:46:59.662 ===== TRACE =====     => OK
2025-12-31 18:46:59.662 ===== TRACE =====  => Import line n° 111
2025-12-31 18:46:59.672 ===== TRACE =====     => OK
2025-12-31 18:46:59.673 ===== TRACE =====  => Import line n° 112
2025-12-31 18:46:59.684 ===== TRACE =====     => OK
2025-12-31 18:46:59.685 ===== TRACE =====  => Import line n° 113
2025-12-31 18:46:59.694 ===== TRACE =====     => OK
2025-12-31 18:46:59.695 ===== TRACE =====  => Import line n° 114
2025-12-31 18:46:59.707 ===== TRACE =====     => OK
2025-12-31 18:46:59.708 ===== TRACE =====  => Import line n° 115
2025-12-31 18:46:59.718 ===== TRACE =====     => OK
2025-12-31 18:46:59.718 ===== TRACE =====  => Import line n° 116
2025-12-31 18:46:59.726 ===== TRACE =====     => OK
2025-12-31 18:46:59.726 ===== TRACE =====  => Import line n° 117
2025-12-31 18:46:59.733 ===== TRACE =====     => OK
2025-12-31 18:46:59.734 ===== TRACE =====  => Import line n° 118
2025-12-31 18:46:59.741 ===== TRACE =====     => OK
2025-12-31 18:46:59.741 ===== TRACE =====  => Import line n° 119
2025-12-31 18:46:59.750 ===== TRACE =====     => OK
2025-12-31 18:46:59.750 ===== TRACE =====  => Import line n° 120
2025-12-31 18:46:59.756 ===== TRACE =====     => OK
2025-12-31 18:46:59.756 ===== TRACE =====  => Import line n° 121
2025-12-31 18:46:59.765 ===== TRACE =====     => OK
2025-12-31 18:46:59.766 ===== TRACE =====  => Import line n° 122
2025-12-31 18:46:59.776 ===== TRACE =====     => OK
2025-12-31 18:46:59.776 ===== TRACE =====  => Import line n° 123
2025-12-31 18:46:59.783 ===== TRACE =====     => OK
2025-12-31 18:46:59.784 ===== TRACE =====  => Import line n° 124
2025-12-31 18:46:59.791 ===== TRACE =====     => OK
2025-12-31 18:46:59.791 ===== TRACE =====  => Import line n° 125
2025-12-31 18:46:59.797 ===== TRACE =====     => OK
2025-12-31 18:46:59.797 ===== TRACE =====  => Import line n° 126
2025-12-31 18:46:59.802 ===== TRACE =====     => OK
2025-12-31 18:46:59.802 ===== TRACE =====  => Import line n° 127
2025-12-31 18:46:59.808 ===== TRACE =====     => OK
2025-12-31 18:46:59.809 ===== TRACE =====  => Import line n° 128
2025-12-31 18:46:59.815 ===== TRACE =====     => OK
2025-12-31 18:46:59.815 ===== TRACE =====  => Import line n° 129
2025-12-31 18:46:59.821 ===== TRACE =====     => OK
2025-12-31 18:46:59.822 ===== TRACE =====  => Import line n° 130
2025-12-31 18:46:59.832 ===== TRACE =====     => OK
2025-12-31 18:46:59.833 ===== TRACE =====  => Import line n° 131
2025-12-31 18:46:59.840 ===== TRACE =====     => OK
2025-12-31 18:46:59.841 ===== TRACE =====  => Import line n° 132
2025-12-31 18:46:59.848 ===== TRACE =====     => OK
2025-12-31 18:46:59.849 ===== TRACE =====  => Import line n° 133
2025-12-31 18:46:59.857 ===== TRACE =====     => OK
2025-12-31 18:46:59.858 ===== TRACE =====  => Import line n° 134
2025-12-31 18:46:59.869 ===== TRACE =====     => OK
2025-12-31 18:46:59.870 ===== TRACE =====  => Import line n° 135
2025-12-31 18:46:59.881 ===== TRACE =====     => OK
2025-12-31 18:46:59.882 ===== TRACE =====  => Import line n° 136
2025-12-31 18:46:59.892 ===== TRACE =====     => OK
2025-12-31 18:46:59.893 ===== TRACE =====  => Import line n° 137
2025-12-31 18:46:59.900 ===== TRACE =====     => OK
2025-12-31 18:46:59.900 ===== TRACE =====  => Import line n° 138
2025-12-31 18:46:59.977 ===== TRACE =====     => OK
2025-12-31 18:46:59.977 ===== TRACE =====  => Import line n° 139
2025-12-31 18:47:00.002 ===== TRACE =====     => OK
2025-12-31 18:47:00.003 ===== TRACE =====  => Import line n° 140
2025-12-31 18:47:00.014 ===== TRACE =====     => OK
2025-12-31 18:47:00.015 ===== TRACE =====  => Import line n° 141
2025-12-31 18:47:00.027 ===== TRACE =====     => OK
2025-12-31 18:47:00.027 ===== TRACE =====  => Import line n° 142
2025-12-31 18:47:00.036 ===== TRACE =====     => OK
2025-12-31 18:47:00.036 ===== TRACE =====  => Import line n° 143
2025-12-31 18:47:00.045 ===== TRACE =====     => OK
2025-12-31 18:47:00.046 ===== TRACE =====  => Import line n° 144
2025-12-31 18:47:00.054 ===== TRACE =====     => OK
2025-12-31 18:47:00.055 ===== TRACE =====  => Import line n° 145
2025-12-31 18:47:00.065 ===== TRACE =====     => OK
2025-12-31 18:47:00.065 ===== TRACE =====  => Import line n° 146
2025-12-31 18:47:00.076 ===== TRACE =====     => OK
2025-12-31 18:47:00.077 ===== TRACE =====  => Import line n° 147
2025-12-31 18:47:00.086 ===== TRACE =====     => OK
2025-12-31 18:47:00.087 ===== TRACE =====  => Import line n° 148
2025-12-31 18:47:00.098 ===== TRACE =====     => OK
2025-12-31 18:47:00.099 ===== TRACE =====  => Import line n° 149
2025-12-31 18:47:00.109 ===== TRACE =====     => OK
2025-12-31 18:47:00.109 ===== TRACE =====  => Import line n° 150
2025-12-31 18:47:00.117 ===== TRACE =====     => OK
2025-12-31 18:47:00.117 ===== TRACE =====  => Import line n° 151
2025-12-31 18:47:00.125 ===== TRACE =====     => OK
2025-12-31 18:47:00.126 ===== TRACE =====  => Import line n° 152
2025-12-31 18:47:00.133 ===== TRACE =====     => OK
2025-12-31 18:47:00.133 ===== TRACE =====  => Import line n° 153
2025-12-31 18:47:00.140 ===== TRACE =====     => OK
2025-12-31 18:47:00.141 ===== TRACE =====  => Import line n° 154
2025-12-31 18:47:00.147 ===== TRACE =====     => OK
2025-12-31 18:47:00.148 ===== TRACE =====  => Import line n° 155
2025-12-31 18:47:00.154 ===== TRACE =====     => OK
2025-12-31 18:47:00.155 ===== TRACE =====  => Import line n° 156
2025-12-31 18:47:00.162 ===== TRACE =====     => OK
2025-12-31 18:47:00.162 ===== TRACE =====  => Import line n° 157
2025-12-31 18:47:00.169 ===== TRACE =====     => OK
2025-12-31 18:47:00.169 ===== TRACE =====  => Import line n° 158
2025-12-31 18:47:00.179 ===== TRACE =====     => OK
2025-12-31 18:47:00.180 ===== TRACE =====  => Import line n° 159
2025-12-31 18:47:00.190 ===== TRACE =====     => OK
2025-12-31 18:47:00.190 ===== TRACE =====  => Import line n° 160
2025-12-31 18:47:00.200 ===== TRACE =====     => OK
2025-12-31 18:47:00.200 ===== TRACE =====  => Import line n° 161
2025-12-31 18:47:00.208 ===== TRACE =====     => OK
2025-12-31 18:47:00.208 ===== TRACE =====  => Import line n° 162
2025-12-31 18:47:00.214 ===== TRACE =====     => OK
2025-12-31 18:47:00.215 ===== TRACE =====  => Import line n° 163
2025-12-31 18:47:00.221 ===== TRACE =====     => OK
2025-12-31 18:47:00.222 ===== TRACE =====  => Import line n° 164
2025-12-31 18:47:00.229 ===== TRACE =====     => OK
2025-12-31 18:47:00.230 ===== TRACE =====  => Import line n° 165
2025-12-31 18:47:00.237 ===== TRACE =====     => OK
2025-12-31 18:47:00.238 ===== TRACE =====  => Import line n° 166
2025-12-31 18:47:00.244 ===== TRACE =====     => OK
2025-12-31 18:47:00.244 ===== TRACE =====  => Import line n° 167
2025-12-31 18:47:00.251 ===== TRACE =====     => OK
2025-12-31 18:47:00.252 ===== TRACE =====  => Import line n° 168
2025-12-31 18:47:00.258 ===== TRACE =====     => OK
2025-12-31 18:47:00.259 ===== TRACE =====  => Import line n° 169
2025-12-31 18:47:00.265 ===== TRACE =====     => OK
2025-12-31 18:47:00.266 ===== TRACE =====  => Import line n° 170
2025-12-31 18:47:00.272 ===== TRACE =====     => OK
2025-12-31 18:47:00.273 ===== TRACE =====  => Import line n° 171
2025-12-31 18:47:00.278 ===== TRACE =====     => OK
2025-12-31 18:47:00.279 ===== TRACE =====  => Import line n° 172
2025-12-31 18:47:00.287 ===== TRACE =====     => OK
2025-12-31 18:47:00.287 ===== TRACE =====  => Import line n° 173
2025-12-31 18:47:00.293 ===== TRACE =====     => OK
2025-12-31 18:47:00.293 ===== TRACE =====  => Import line n° 174
2025-12-31 18:47:00.299 ===== TRACE =====     => OK
2025-12-31 18:47:00.299 ===== TRACE =====  => Import line n° 175
2025-12-31 18:47:00.306 ===== TRACE =====     => OK
2025-12-31 18:47:00.307 ===== TRACE =====  => Import line n° 176
2025-12-31 18:47:00.312 ===== TRACE =====     => OK
2025-12-31 18:47:00.313 ===== TRACE =====  => Import line n° 177
2025-12-31 18:47:00.317 ===== TRACE =====     => OK
2025-12-31 18:47:00.318 ===== TRACE =====  => Import line n° 178
2025-12-31 18:47:00.324 ===== TRACE =====     => OK
2025-12-31 18:47:00.325 ===== TRACE =====  => Import line n° 179
2025-12-31 18:47:00.332 ===== TRACE =====     => OK
2025-12-31 18:47:00.333 ===== TRACE =====  => Import line n° 180
2025-12-31 18:47:00.339 ===== TRACE =====     => OK
2025-12-31 18:47:00.340 ===== TRACE =====  => Import line n° 181
2025-12-31 18:47:00.348 ===== TRACE =====     => OK
2025-12-31 18:47:00.349 ===== TRACE =====  => Import line n° 182
2025-12-31 18:47:00.356 ===== TRACE =====     => OK
2025-12-31 18:47:00.357 ===== TRACE =====  => Import line n° 183
2025-12-31 18:47:00.365 ===== TRACE =====     => OK
2025-12-31 18:47:00.366 ===== TRACE =====  => Import line n° 184
2025-12-31 18:47:00.374 ===== TRACE =====     => OK
2025-12-31 18:47:00.374 ===== TRACE =====  => Import line n° 185
2025-12-31 18:47:00.383 ===== TRACE =====     => OK
