2026-03-18 00:08:25.761 ===== TRACE ===== DISCONNECTED USER 'brice.andrianasolo@oecfm.mg'
2026-03-18 09:10:12.041 ===== TRACE ===== NEW CONNECTED USER 'digitalisation@oecfm.mg' (using remember me feature)
2026-03-18 09:10:47.352 ===== TRACE ===== DISCONNECTED USER 'digitalisation@oecfm.mg'
2026-03-18 09:10:48.894 ===== TRACE ===== NEW CONNECTED USER 'digitalisation@oecfm.mg' (using remember me feature)
2026-03-18 11:01:16.108 ===== TRACE ===== DISCONNECTED USER 'digitalisation@oecfm.mg'
2026-03-18 11:01:17.559 ===== TRACE ===== NEW CONNECTED USER 'digitalisation@oecfm.mg' (using remember me feature)
2026-03-18 11:55:44.041 ***** ERROR ***** [V11.2.3] Error sending mail
2026-03-18 11:55:44.043 ***** ERROR ***** [V11.2.3]    SMTP Server : smtp.oecfm.mg
2026-03-18 11:55:44.043 ***** ERROR ***** [V11.2.3]    SMTP Port : 587
2026-03-18 11:55:44.043 ***** ERROR ***** [V11.2.3]    Mail stored in Database : #121
2026-03-18 11:55:44.043 ***** ERROR ***** [V11.2.3]    PHPMail error : SMTP connect() failed. https://github.com/PHPMailer/PHPMailer/wiki/Troubleshooting
2026-03-18 11:55:44.043 ***** ERROR ***** [V11.2.3]    PHPMail debug : 
2026-03-18 13:09:39.123 ===== TRACE ===== NEW CONNECTED USER 'mazavasoa'
2026-03-18 14:01:29.275 ===== TRACE ===== NEW CONNECTED USER 'digitalisation@oecfm.mg' (using remember me feature)
2026-03-18 14:05:40.136 ***** ERROR ***** [V11.2.3] ERROR *****
2026-03-18 14:05:40.136 ***** ERROR ***** [V11.2.3] on file '/var/www/html/model/Attachment.php' at line (105)
2026-03-18 14:05:40.136 ***** ERROR ***** [V11.2.3] cause = file_exists(): Passing null to parameter #1 ($filename) of type string is deprecated
2026-03-18 14:27:07.282 ===== TRACE ===== DISCONNECTED USER 'digitalisation@oecfm.mg'
2026-03-18 14:27:14.107 ===== TRACE ===== NEW CONNECTED USER 'digitalisation@oecfm.mg' (using remember me feature)
2026-03-18 16:57:40.006 ===== TRACE ===== NEW CONNECTED USER 'mazavasoa'
2026-03-18 18:18:54.768 ===== TRACE ===== DISCONNECTED USER 'digitalisation@oecfm.mg'
2026-03-18 18:18:57.340 ===== TRACE ===== NEW CONNECTED USER 'digitalisation@oecfm.mg' (using remember me feature)
2026-03-18 19:41:33.318 ===== TRACE ===== NEW CONNECTED USER 'mazavasoa'
2026-03-18 20:25:16.739 ===== TRACE ===== DISCONNECTED USER 'mazavasoa'
2026-03-18 20:25:29.725 ===== TRACE ===== NEW CONNECTED USER 'mazavasoa'
2026-03-18 21:19:11.554 ===== TRACE ===== NEW CONNECTED USER 'digitalisation@oecfm.mg' (using remember me feature)
2026-03-18 21:59:34.048 ===== TRACE ===== NEW CONNECTED USER 'mazavasoa'
