2026-02-10 01:37:11.141 ===== TRACE ===== NEW CONNECTED USER 'mazavasoa'
2026-02-10 01:39:23.863 ===== TRACE ===== DISCONNECTED USER 'mazavasoa'
2026-02-10 01:40:03.457 ===== TRACE ===== NEW CONNECTED USER 'carmel.robinson@oecfm.mg'
2026-02-10 01:43:50.265 ===== TRACE ===== DISCONNECTED USER 'carmel.robinson@oecfm.mg'
2026-02-10 01:44:49.977 ===== TRACE ===== NEW CONNECTED USER 'zo.randria@oecfm.mg'
2026-02-10 01:47:07.793 ===== TRACE ===== DISCONNECTED USER 'zo.randria@oecfm.mg'
2026-02-10 01:47:21.404 ===== TRACE ===== NEW CONNECTED USER 'mazavasoa'
2026-02-10 01:53:52.349 ===== TRACE ===== DISCONNECTED USER 'mazavasoa'
2026-02-10 01:54:18.697 ===== TRACE ===== NEW CONNECTED USER 'zo.randria@oecfm.mg'
2026-02-10 01:54:45.961 ===== TRACE ===== DISCONNECTED USER 'zo.randria@oecfm.mg'
2026-02-10 01:55:31.279 ===== TRACE ===== NEW CONNECTED USER 'jose.rasoanaivo.andriamihoatra@oecfm.mg'
2026-02-10 01:56:57.247 ===== TRACE ===== DISCONNECTED USER 'jose.rasoanaivo.andriamihoatra@oecfm.mg'
2026-02-10 01:57:19.552 ===== TRACE ===== NEW CONNECTED USER 'jose.rasoanaivo.andriamihoatra@oecfm.mg'
2026-02-10 01:59:07.655 ===== TRACE ===== DISCONNECTED USER 'jose.rasoanaivo.andriamihoatra@oecfm.mg'
2026-02-10 01:59:15.445 ===== TRACE ===== NEW CONNECTED USER 'mazavasoa'
2026-02-10 02:06:17.973 ===== TRACE ===== DISCONNECTED USER 'mazavasoa'
2026-02-10 02:06:59.010 ===== TRACE ===== Login error for user 'zo.randria@oecfm.mg'
2026-02-10 02:07:08.204 ===== TRACE ===== NEW CONNECTED USER 'zo.randria@oecfm.mg'
2026-02-10 02:08:39.955 ===== TRACE ===== DISCONNECTED USER 'zo.randria@oecfm.mg'
2026-02-10 02:09:48.300 ===== TRACE ===== Login error for user 'fenosoa.theodoret@oecfm.mg'
2026-02-10 02:09:55.091 ===== TRACE ===== Login error for user 'fenosoa.theodoret@oecfm.mg'
2026-02-10 02:10:01.990 ===== TRACE ===== user 'fenosoa.theodoret@oecfm.mg' locked - too many tries
2026-02-10 02:10:02.031 ===== TRACE ===== Login locked for user 'fenosoa.theodoret@oecfm.mg'
2026-02-10 02:10:12.885 ===== TRACE ===== NEW CONNECTED USER 'mazavasoa'
2026-02-10 02:10:47.902 ===== TRACE ===== DISCONNECTED USER 'mazavasoa'
2026-02-10 02:11:13.791 ===== TRACE ===== NEW CONNECTED USER 'fenosoa.theodoret@oecfm.mg'
2026-02-10 02:12:33.714 ===== TRACE ===== DISCONNECTED USER 'fenosoa.theodoret@oecfm.mg'
2026-02-10 02:13:03.364 ===== TRACE ===== NEW CONNECTED USER 'fenosoa.theodoret@oecfm.mg'
2026-02-10 02:14:38.318 ===== TRACE ===== DISCONNECTED USER 'fenosoa.theodoret@oecfm.mg'
2026-02-10 02:15:12.083 ===== TRACE ===== NEW CONNECTED USER 'jose.rasoanaivo.andriamihoatra@oecfm.mg'
2026-02-10 02:17:07.913 ===== TRACE ===== DISCONNECTED USER 'jose.rasoanaivo.andriamihoatra@oecfm.mg'
2026-02-10 02:18:13.255 ===== TRACE ===== NEW CONNECTED USER 'mazavasoa'
2026-02-10 02:23:28.859 ===== TRACE ===== DISCONNECTED USER 'mazavasoa'
2026-02-10 02:24:39.768 ===== TRACE ===== NEW CONNECTED USER 'fenosoa.theodoret@oecfm.mg'
2026-02-10 02:26:42.835 ===== TRACE ===== DISCONNECTED USER 'fenosoa.theodoret@oecfm.mg'
2026-02-10 02:26:49.249 ===== TRACE ===== Login error for user 'jose.rasoanaivo.andriamihoatra@oecfm.mg'
2026-02-10 02:26:58.236 ===== TRACE ===== NEW CONNECTED USER 'jose.rasoanaivo.andriamihoatra@oecfm.mg'
2026-02-10 02:28:42.323 ***** ERROR ***** [V11.2.3] EXCEPTION *****
2026-02-10 02:28:42.323 ***** ERROR ***** [V11.2.3] on file '/var/www/html/tool/file.php' at line (170)
2026-02-10 02:28:42.323 ***** ERROR ***** [V11.2.3] cause = Call to undefined function imagecreatefromjpeg()
2026-02-10 02:28:42.323 ***** ERROR ***** [V11.2.3]    => #0 /var/www/html/model/Affectable.php (202) -> createThumb()
2026-02-10 02:28:42.323 ***** ERROR ***** [V11.2.3]    => #1 /var/www/html/tool/saveAttachment.php (326) -> generateThumbs()
2026-02-10 02:29:02.937 ===== TRACE ===== DISCONNECTED USER 'jose.rasoanaivo.andriamihoatra@oecfm.mg'
2026-02-10 02:30:03.220 ===== TRACE ===== NEW CONNECTED USER 'zo.randria@oecfm.mg'
2026-02-10 02:31:28.026 ===== TRACE ===== DISCONNECTED USER 'zo.randria@oecfm.mg'
2026-02-10 02:31:34.689 ===== TRACE ===== NEW CONNECTED USER 'mazavasoa'
2026-02-10 02:32:31.194 ===== TRACE ===== DISCONNECTED USER 'mazavasoa'
2026-02-10 02:33:02.100 ===== TRACE ===== NEW CONNECTED USER 'zo.randria@oecfm.mg'
2026-02-10 02:35:28.151 ===== TRACE ===== DISCONNECTED USER 'zo.randria@oecfm.mg'
2026-02-10 02:35:35.327 ===== TRACE ===== NEW CONNECTED USER 'mazavasoa'
2026-02-10 02:36:27.036 ===== TRACE ===== DISCONNECTED USER 'mazavasoa'
2026-02-10 02:37:08.008 ===== TRACE ===== NEW CONNECTED USER 'carmel.robinson@oecfm.mg'
2026-02-10 02:38:35.761 ===== TRACE ===== DISCONNECTED USER 'carmel.robinson@oecfm.mg'
2026-02-10 02:38:44.000 ===== TRACE ===== Login error for user 'jose.rasoanaivo.andriamihoatra@oecfm.mg'
2026-02-10 02:38:51.329 ===== TRACE ===== NEW CONNECTED USER 'jose.rasoanaivo.andriamihoatra@oecfm.mg'
2026-02-10 02:40:30.996 ===== TRACE ===== DISCONNECTED USER 'jose.rasoanaivo.andriamihoatra@oecfm.mg'
2026-02-10 02:41:01.588 ===== TRACE ===== NEW CONNECTED USER 'mazavasoa'
2026-02-10 02:43:55.721 ===== TRACE ===== DISCONNECTED USER 'mazavasoa'
2026-02-10 02:44:04.921 ===== TRACE ===== NEW CONNECTED USER 'zo.randria@oecfm.mg'
2026-02-10 02:44:28.855 ===== TRACE ===== DISCONNECTED USER 'zo.randria@oecfm.mg'
2026-02-10 02:44:40.404 ===== TRACE ===== NEW CONNECTED USER 'fenosoa.theodoret@oecfm.mg'
2026-02-10 02:45:35.380 ===== TRACE ===== DISCONNECTED USER 'fenosoa.theodoret@oecfm.mg'
2026-02-10 02:45:54.059 ===== TRACE ===== NEW CONNECTED USER 'mazavasoa'
2026-02-10 02:49:25.570 ===== TRACE ===== DISCONNECTED USER 'mazavasoa'
2026-02-10 02:49:34.031 ===== TRACE ===== Login error for user 'jose.rasoanaivo.andriamihoatra@oecfm.mg'
2026-02-10 02:49:39.208 ===== TRACE ===== NEW CONNECTED USER 'jose.rasoanaivo.andriamihoatra@oecfm.mg'
2026-02-10 02:50:43.934 ===== TRACE ===== DISCONNECTED USER 'jose.rasoanaivo.andriamihoatra@oecfm.mg'
2026-02-10 02:50:58.966 ===== TRACE ===== NEW CONNECTED USER 'mazavasoa'
2026-02-10 03:01:39.713 ===== TRACE ===== DISCONNECTED USER 'mazavasoa'
2026-02-10 03:02:15.993 ===== TRACE ===== NEW CONNECTED USER 'faranivomalala.rabenandrasana@oecfm.mg'
2026-02-10 03:04:58.838 ===== TRACE ===== DISCONNECTED USER 'faranivomalala.rabenandrasana@oecfm.mg'
2026-02-10 03:05:06.857 ===== TRACE ===== NEW CONNECTED USER 'mazavasoa'
2026-02-10 03:08:06.048 ===== TRACE ===== DISCONNECTED USER 'mazavasoa'
2026-02-10 16:19:05.492 ===== TRACE ===== NEW CONNECTED USER 'mazavasoa'
2026-02-10 20:21:19.908 ===== TRACE ===== DISCONNECTED USER 'mazavasoa'
