2026-01-02 07:56:16.744 ===== TRACE ===== NEW CONNECTED USER 'mazavasoa'
2026-01-02 07:57:23.415 ===== TRACE ===== DISCONNECTED USER 'mazavasoa'
2026-01-02 07:57:39.426 ===== TRACE ===== NEW CONNECTED USER 'manager'
2026-01-02 08:04:22.479 ===== TRACE ===== DISCONNECTED USER 'manager'
2026-01-02 08:25:47.029 ===== TRACE ===== NEW CONNECTED USER 'mazavasoa'
2026-01-02 08:29:31.360 ===== TRACE ===== DISCONNECTED USER 'mazavasoa'
2026-01-02 08:30:05.228 ===== TRACE ===== NEW CONNECTED USER 'mazavasoa'
2026-01-02 08:34:00.833 ===== TRACE ===== DISCONNECTED USER 'mazavasoa'
2026-01-02 08:34:42.677 ===== TRACE ===== NEW CONNECTED USER 'manager'
2026-01-02 16:06:15.637 ===== TRACE ===== NEW CONNECTED USER 'manager'
2026-01-02 17:57:19.939 ===== TRACE ===== NEW CONNECTED USER 'manager'
2026-01-02 17:59:34.410 ===== TRACE ===== Import : File type CSV
2026-01-02 17:59:34.410 ===== TRACE ===== File Name : ticket2.csv
2026-01-02 17:59:34.419 ===== TRACE ===== Start import Ticket from file ticket2.csv : 183 lines to import
2026-01-02 17:59:34.420 ===== TRACE =====  => Import line n° 1
2026-01-02 17:59:34.451 ===== TRACE =====     => INVALID
2026-01-02 17:59:34.451 ===== TRACE =====  => Import line n° 2
2026-01-02 17:59:34.461 ===== TRACE =====     => INVALID
2026-01-02 17:59:34.462 ===== TRACE =====  => Import line n° 3
2026-01-02 17:59:34.469 ===== TRACE =====     => INVALID
2026-01-02 17:59:34.470 ===== TRACE =====  => Import line n° 4
2026-01-02 17:59:34.477 ===== TRACE =====     => INVALID
2026-01-02 17:59:34.478 ===== TRACE =====  => Import line n° 5
2026-01-02 17:59:34.484 ===== TRACE =====     => INVALID
2026-01-02 17:59:34.484 ===== TRACE =====  => Import line n° 6
2026-01-02 17:59:34.492 ===== TRACE =====     => INVALID
2026-01-02 17:59:34.492 ===== TRACE =====  => Import line n° 7
2026-01-02 17:59:34.500 ===== TRACE =====     => INVALID
2026-01-02 17:59:34.500 ===== TRACE =====  => Import line n° 8
2026-01-02 17:59:34.507 ===== TRACE =====     => INVALID
2026-01-02 17:59:34.507 ===== TRACE =====  => Import line n° 9
2026-01-02 17:59:34.513 ===== TRACE =====     => INVALID
2026-01-02 17:59:34.514 ===== TRACE =====  => Import line n° 10
2026-01-02 17:59:34.519 ===== TRACE =====     => INVALID
2026-01-02 17:59:34.519 ===== TRACE =====  => Import line n° 11
2026-01-02 17:59:34.527 ===== TRACE =====     => INVALID
2026-01-02 17:59:34.527 ===== TRACE =====  => Import line n° 12
2026-01-02 17:59:34.536 ===== TRACE =====     => INVALID
2026-01-02 17:59:34.536 ===== TRACE =====  => Import line n° 13
2026-01-02 17:59:34.544 ===== TRACE =====     => INVALID
2026-01-02 17:59:34.545 ===== TRACE =====  => Import line n° 14
2026-01-02 17:59:34.553 ===== TRACE =====     => INVALID
2026-01-02 17:59:34.553 ===== TRACE =====  => Import line n° 15
2026-01-02 17:59:34.561 ===== TRACE =====     => INVALID
2026-01-02 17:59:34.561 ===== TRACE =====  => Import line n° 16
2026-01-02 17:59:34.569 ===== TRACE =====     => INVALID
2026-01-02 17:59:34.569 ===== TRACE =====  => Import line n° 17
2026-01-02 17:59:34.575 ===== TRACE =====     => INVALID
2026-01-02 17:59:34.575 ===== TRACE =====  => Import line n° 18
2026-01-02 17:59:34.581 ===== TRACE =====     => INVALID
2026-01-02 17:59:34.581 ===== TRACE =====  => Import line n° 19
2026-01-02 17:59:34.588 ===== TRACE =====     => INVALID
2026-01-02 17:59:34.588 ===== TRACE =====  => Import line n° 20
2026-01-02 17:59:34.593 ===== TRACE =====     => INVALID
2026-01-02 17:59:34.594 ===== TRACE =====  => Import line n° 21
2026-01-02 17:59:34.599 ===== TRACE =====     => INVALID
2026-01-02 17:59:34.600 ===== TRACE =====  => Import line n° 22
2026-01-02 17:59:34.606 ===== TRACE =====     => INVALID
2026-01-02 17:59:34.606 ===== TRACE =====  => Import line n° 23
2026-01-02 17:59:34.613 ===== TRACE =====     => INVALID
2026-01-02 17:59:34.613 ===== TRACE =====  => Import line n° 24
2026-01-02 17:59:34.618 ===== TRACE =====     => INVALID
2026-01-02 17:59:34.618 ===== TRACE =====  => Import line n° 25
2026-01-02 17:59:34.623 ===== TRACE =====     => INVALID
2026-01-02 17:59:34.624 ===== TRACE =====  => Import line n° 26
2026-01-02 17:59:34.631 ===== TRACE =====     => INVALID
2026-01-02 17:59:34.631 ===== TRACE =====  => Import line n° 27
2026-01-02 17:59:34.639 ===== TRACE =====     => INVALID
2026-01-02 17:59:34.639 ===== TRACE =====  => Import line n° 28
2026-01-02 17:59:34.646 ===== TRACE =====     => INVALID
2026-01-02 17:59:34.647 ===== TRACE =====  => Import line n° 29
2026-01-02 17:59:34.655 ===== TRACE =====     => INVALID
2026-01-02 17:59:34.655 ===== TRACE =====  => Import line n° 30
2026-01-02 17:59:34.665 ===== TRACE =====     => INVALID
2026-01-02 17:59:34.665 ===== TRACE =====  => Import line n° 31
2026-01-02 17:59:34.672 ===== TRACE =====     => INVALID
2026-01-02 17:59:34.672 ===== TRACE =====  => Import line n° 32
2026-01-02 17:59:34.679 ===== TRACE =====     => INVALID
2026-01-02 17:59:34.679 ===== TRACE =====  => Import line n° 33
2026-01-02 17:59:34.685 ===== TRACE =====     => INVALID
2026-01-02 17:59:34.685 ===== TRACE =====  => Import line n° 34
2026-01-02 17:59:34.694 ===== TRACE =====     => INVALID
2026-01-02 17:59:34.694 ===== TRACE =====  => Import line n° 35
2026-01-02 17:59:34.700 ===== TRACE =====     => INVALID
2026-01-02 17:59:34.700 ===== TRACE =====  => Import line n° 36
2026-01-02 17:59:34.706 ===== TRACE =====     => INVALID
2026-01-02 17:59:34.706 ===== TRACE =====  => Import line n° 37
2026-01-02 17:59:34.712 ===== TRACE =====     => INVALID
2026-01-02 17:59:34.712 ===== TRACE =====  => Import line n° 38
2026-01-02 17:59:34.718 ===== TRACE =====     => INVALID
2026-01-02 17:59:34.718 ===== TRACE =====  => Import line n° 39
2026-01-02 17:59:34.723 ===== TRACE =====     => INVALID
2026-01-02 17:59:34.723 ===== TRACE =====  => Import line n° 40
2026-01-02 17:59:34.730 ===== TRACE =====     => INVALID
2026-01-02 17:59:34.730 ===== TRACE =====  => Import line n° 41
2026-01-02 17:59:34.735 ===== TRACE =====     => INVALID
2026-01-02 17:59:34.735 ===== TRACE =====  => Import line n° 42
2026-01-02 17:59:34.740 ===== TRACE =====     => INVALID
2026-01-02 17:59:34.740 ===== TRACE =====  => Import line n° 43
2026-01-02 17:59:34.745 ===== TRACE =====     => INVALID
2026-01-02 17:59:34.745 ===== TRACE =====  => Import line n° 44
2026-01-02 17:59:34.750 ===== TRACE =====     => INVALID
2026-01-02 17:59:34.750 ===== TRACE =====  => Import line n° 45
2026-01-02 17:59:34.756 ===== TRACE =====     => INVALID
2026-01-02 17:59:34.757 ===== TRACE =====  => Import line n° 46
2026-01-02 17:59:34.763 ===== TRACE =====     => INVALID
2026-01-02 17:59:34.763 ===== TRACE =====  => Import line n° 47
2026-01-02 17:59:34.768 ===== TRACE =====     => INVALID
2026-01-02 17:59:34.768 ===== TRACE =====  => Import line n° 48
2026-01-02 17:59:34.773 ===== TRACE =====     => INVALID
2026-01-02 17:59:34.773 ===== TRACE =====  => Import line n° 49
2026-01-02 17:59:34.779 ===== TRACE =====     => INVALID
2026-01-02 17:59:34.779 ===== TRACE =====  => Import line n° 50
2026-01-02 17:59:34.784 ===== TRACE =====     => INVALID
2026-01-02 17:59:34.785 ===== TRACE =====  => Import line n° 51
2026-01-02 17:59:34.790 ===== TRACE =====     => INVALID
2026-01-02 17:59:34.790 ===== TRACE =====  => Import line n° 52
2026-01-02 17:59:34.797 ===== TRACE =====     => INVALID
2026-01-02 17:59:34.797 ===== TRACE =====  => Import line n° 53
2026-01-02 17:59:34.803 ===== TRACE =====     => INVALID
2026-01-02 17:59:34.803 ===== TRACE =====  => Import line n° 54
2026-01-02 17:59:34.808 ===== TRACE =====     => INVALID
2026-01-02 17:59:34.808 ===== TRACE =====  => Import line n° 55
2026-01-02 17:59:34.813 ===== TRACE =====     => INVALID
2026-01-02 17:59:34.814 ===== TRACE =====  => Import line n° 56
2026-01-02 17:59:34.819 ===== TRACE =====     => INVALID
2026-01-02 17:59:34.819 ===== TRACE =====  => Import line n° 57
2026-01-02 17:59:34.826 ===== TRACE =====     => INVALID
2026-01-02 17:59:34.826 ===== TRACE =====  => Import line n° 58
2026-01-02 17:59:34.832 ===== TRACE =====     => INVALID
2026-01-02 17:59:34.832 ===== TRACE =====  => Import line n° 59
2026-01-02 17:59:34.838 ===== TRACE =====     => INVALID
2026-01-02 17:59:34.838 ===== TRACE =====  => Import line n° 60
2026-01-02 17:59:34.845 ===== TRACE =====     => INVALID
2026-01-02 17:59:34.845 ===== TRACE =====  => Import line n° 61
2026-01-02 17:59:34.853 ===== TRACE =====     => INVALID
2026-01-02 17:59:34.853 ===== TRACE =====  => Import line n° 62
2026-01-02 17:59:34.862 ===== TRACE =====     => INVALID
2026-01-02 17:59:34.863 ===== TRACE =====  => Import line n° 63
2026-01-02 17:59:34.868 ===== TRACE =====     => INVALID
2026-01-02 17:59:34.869 ===== TRACE =====  => Import line n° 64
2026-01-02 17:59:34.874 ===== TRACE =====     => INVALID
2026-01-02 17:59:34.875 ===== TRACE =====  => Import line n° 65
2026-01-02 17:59:34.881 ===== TRACE =====     => INVALID
2026-01-02 17:59:34.881 ===== TRACE =====  => Import line n° 66
2026-01-02 17:59:34.887 ===== TRACE =====     => INVALID
2026-01-02 17:59:34.887 ===== TRACE =====  => Import line n° 67
2026-01-02 17:59:34.894 ===== TRACE =====     => INVALID
2026-01-02 17:59:34.895 ===== TRACE =====  => Import line n° 68
2026-01-02 17:59:34.901 ===== TRACE =====     => INVALID
2026-01-02 17:59:34.901 ===== TRACE =====  => Import line n° 69
2026-01-02 17:59:34.906 ===== TRACE =====     => INVALID
2026-01-02 17:59:34.906 ===== TRACE =====  => Import line n° 70
2026-01-02 17:59:34.911 ===== TRACE =====     => INVALID
2026-01-02 17:59:34.911 ===== TRACE =====  => Import line n° 71
2026-01-02 17:59:34.916 ===== TRACE =====     => INVALID
2026-01-02 17:59:34.916 ===== TRACE =====  => Import line n° 72
2026-01-02 17:59:34.922 ===== TRACE =====     => INVALID
2026-01-02 17:59:34.922 ===== TRACE =====  => Import line n° 73
2026-01-02 17:59:34.927 ===== TRACE =====     => INVALID
2026-01-02 17:59:34.928 ===== TRACE =====  => Import line n° 74
2026-01-02 17:59:34.934 ===== TRACE =====     => INVALID
2026-01-02 17:59:34.935 ===== TRACE =====  => Import line n° 75
2026-01-02 17:59:34.942 ===== TRACE =====     => INVALID
2026-01-02 17:59:34.942 ===== TRACE =====  => Import line n° 76
2026-01-02 17:59:34.948 ===== TRACE =====     => INVALID
2026-01-02 17:59:34.949 ===== TRACE =====  => Import line n° 77
2026-01-02 17:59:34.955 ===== TRACE =====     => INVALID
2026-01-02 17:59:34.955 ===== TRACE =====  => Import line n° 78
2026-01-02 17:59:34.962 ===== TRACE =====     => INVALID
2026-01-02 17:59:34.962 ===== TRACE =====  => Import line n° 79
2026-01-02 17:59:34.968 ===== TRACE =====     => INVALID
2026-01-02 17:59:34.969 ===== TRACE =====  => Import line n° 80
2026-01-02 17:59:34.975 ===== TRACE =====     => INVALID
2026-01-02 17:59:34.975 ===== TRACE =====  => Import line n° 81
2026-01-02 17:59:34.981 ===== TRACE =====     => INVALID
2026-01-02 17:59:34.981 ===== TRACE =====  => Import line n° 82
2026-01-02 17:59:34.986 ===== TRACE =====     => INVALID
2026-01-02 17:59:34.986 ===== TRACE =====  => Import line n° 83
2026-01-02 17:59:34.993 ===== TRACE =====     => INVALID
2026-01-02 17:59:34.993 ===== TRACE =====  => Import line n° 84
2026-01-02 17:59:34.999 ===== TRACE =====     => INVALID
2026-01-02 17:59:34.999 ===== TRACE =====  => Import line n° 85
2026-01-02 17:59:35.005 ===== TRACE =====     => INVALID
2026-01-02 17:59:35.006 ===== TRACE =====  => Import line n° 86
2026-01-02 17:59:35.013 ===== TRACE =====     => INVALID
2026-01-02 17:59:35.013 ===== TRACE =====  => Import line n° 87
2026-01-02 17:59:35.019 ===== TRACE =====     => INVALID
2026-01-02 17:59:35.020 ===== TRACE =====  => Import line n° 88
2026-01-02 17:59:35.026 ===== TRACE =====     => INVALID
2026-01-02 17:59:35.027 ===== TRACE =====  => Import line n° 89
2026-01-02 17:59:35.034 ===== TRACE =====     => INVALID
2026-01-02 17:59:35.035 ===== TRACE =====  => Import line n° 90
2026-01-02 17:59:35.041 ===== TRACE =====     => INVALID
2026-01-02 17:59:35.041 ===== TRACE =====  => Import line n° 91
2026-01-02 17:59:35.049 ===== TRACE =====     => INVALID
2026-01-02 17:59:35.049 ===== TRACE =====  => Import line n° 92
2026-01-02 17:59:35.055 ===== TRACE =====     => INVALID
2026-01-02 17:59:35.055 ===== TRACE =====  => Import line n° 93
2026-01-02 17:59:35.062 ===== TRACE =====     => INVALID
2026-01-02 17:59:35.062 ===== TRACE =====  => Import line n° 94
2026-01-02 17:59:35.068 ===== TRACE =====     => INVALID
2026-01-02 17:59:35.068 ===== TRACE =====  => Import line n° 95
2026-01-02 17:59:35.074 ===== TRACE =====     => INVALID
2026-01-02 17:59:35.074 ===== TRACE =====  => Import line n° 96
2026-01-02 17:59:35.081 ===== TRACE =====     => INVALID
2026-01-02 17:59:35.081 ===== TRACE =====  => Import line n° 97
2026-01-02 17:59:35.088 ===== TRACE =====     => INVALID
2026-01-02 17:59:35.088 ===== TRACE =====  => Import line n° 98
2026-01-02 17:59:35.095 ===== TRACE =====     => INVALID
2026-01-02 17:59:35.095 ===== TRACE =====  => Import line n° 99
2026-01-02 17:59:35.102 ===== TRACE =====     => INVALID
2026-01-02 17:59:35.102 ===== TRACE =====  => Import line n° 100
2026-01-02 17:59:35.108 ===== TRACE =====     => INVALID
2026-01-02 17:59:35.108 ===== TRACE =====  => Import line n° 101
2026-01-02 17:59:35.114 ===== TRACE =====     => INVALID
2026-01-02 17:59:35.114 ===== TRACE =====  => Import line n° 102
2026-01-02 17:59:35.119 ===== TRACE =====     => INVALID
2026-01-02 17:59:35.119 ===== TRACE =====  => Import line n° 103
2026-01-02 17:59:35.124 ===== TRACE =====     => INVALID
2026-01-02 17:59:35.125 ===== TRACE =====  => Import line n° 104
2026-01-02 17:59:35.131 ===== TRACE =====     => INVALID
2026-01-02 17:59:35.131 ===== TRACE =====  => Import line n° 105
2026-01-02 17:59:35.137 ===== TRACE =====     => INVALID
2026-01-02 17:59:35.137 ===== TRACE =====  => Import line n° 106
2026-01-02 17:59:35.144 ===== TRACE =====     => INVALID
2026-01-02 17:59:35.144 ===== TRACE =====  => Import line n° 107
2026-01-02 17:59:35.149 ===== TRACE =====     => INVALID
2026-01-02 17:59:35.149 ===== TRACE =====  => Import line n° 108
2026-01-02 17:59:35.155 ===== TRACE =====     => INVALID
2026-01-02 17:59:35.155 ===== TRACE =====  => Import line n° 109
2026-01-02 17:59:35.162 ===== TRACE =====     => INVALID
2026-01-02 17:59:35.162 ===== TRACE =====  => Import line n° 110
2026-01-02 17:59:35.169 ===== TRACE =====     => INVALID
2026-01-02 17:59:35.169 ===== TRACE =====  => Import line n° 111
2026-01-02 17:59:35.177 ===== TRACE =====     => INVALID
2026-01-02 17:59:35.177 ===== TRACE =====  => Import line n° 112
2026-01-02 17:59:35.184 ===== TRACE =====     => INVALID
2026-01-02 17:59:35.184 ===== TRACE =====  => Import line n° 113
2026-01-02 17:59:35.191 ===== TRACE =====     => INVALID
2026-01-02 17:59:35.192 ===== TRACE =====  => Import line n° 114
2026-01-02 17:59:35.199 ===== TRACE =====     => INVALID
2026-01-02 17:59:35.199 ===== TRACE =====  => Import line n° 115
2026-01-02 17:59:35.208 ===== TRACE =====     => INVALID
2026-01-02 17:59:35.209 ===== TRACE =====  => Import line n° 116
2026-01-02 17:59:35.215 ===== TRACE =====     => INVALID
2026-01-02 17:59:35.216 ===== TRACE =====  => Import line n° 117
2026-01-02 17:59:35.222 ===== TRACE =====     => INVALID
2026-01-02 17:59:35.223 ===== TRACE =====  => Import line n° 118
2026-01-02 17:59:35.229 ===== TRACE =====     => INVALID
2026-01-02 17:59:35.230 ===== TRACE =====  => Import line n° 119
2026-01-02 17:59:35.236 ===== TRACE =====     => INVALID
2026-01-02 17:59:35.237 ===== TRACE =====  => Import line n° 120
2026-01-02 17:59:35.242 ===== TRACE =====     => INVALID
2026-01-02 17:59:35.243 ===== TRACE =====  => Import line n° 121
2026-01-02 17:59:35.248 ===== TRACE =====     => INVALID
2026-01-02 17:59:35.248 ===== TRACE =====  => Import line n° 122
2026-01-02 17:59:35.254 ===== TRACE =====     => INVALID
2026-01-02 17:59:35.255 ===== TRACE =====  => Import line n° 123
2026-01-02 17:59:35.261 ===== TRACE =====     => INVALID
2026-01-02 17:59:35.261 ===== TRACE =====  => Import line n° 124
2026-01-02 17:59:35.267 ===== TRACE =====     => INVALID
2026-01-02 17:59:35.268 ===== TRACE =====  => Import line n° 125
2026-01-02 17:59:35.274 ===== TRACE =====     => INVALID
2026-01-02 17:59:35.274 ===== TRACE =====  => Import line n° 126
2026-01-02 17:59:35.281 ===== TRACE =====     => INVALID
2026-01-02 17:59:35.281 ===== TRACE =====  => Import line n° 127
2026-01-02 17:59:35.288 ===== TRACE =====     => INVALID
2026-01-02 17:59:35.288 ===== TRACE =====  => Import line n° 128
2026-01-02 17:59:35.294 ===== TRACE =====     => INVALID
2026-01-02 17:59:35.294 ===== TRACE =====  => Import line n° 129
2026-01-02 17:59:35.300 ===== TRACE =====     => INVALID
2026-01-02 17:59:35.300 ===== TRACE =====  => Import line n° 130
2026-01-02 17:59:35.305 ===== TRACE =====     => INVALID
2026-01-02 17:59:35.305 ===== TRACE =====  => Import line n° 131
2026-01-02 17:59:35.311 ===== TRACE =====     => INVALID
2026-01-02 17:59:35.311 ===== TRACE =====  => Import line n° 132
2026-01-02 17:59:35.316 ===== TRACE =====     => INVALID
2026-01-02 17:59:35.316 ===== TRACE =====  => Import line n° 133
2026-01-02 17:59:35.321 ===== TRACE =====     => INVALID
2026-01-02 17:59:35.321 ===== TRACE =====  => Import line n° 134
2026-01-02 17:59:35.326 ===== TRACE =====     => INVALID
2026-01-02 17:59:35.326 ===== TRACE =====  => Import line n° 135
2026-01-02 17:59:35.332 ===== TRACE =====     => INVALID
2026-01-02 17:59:35.332 ===== TRACE =====  => Import line n° 136
2026-01-02 17:59:35.338 ===== TRACE =====     => INVALID
2026-01-02 17:59:35.338 ===== TRACE =====  => Import line n° 137
2026-01-02 17:59:35.343 ===== TRACE =====     => INVALID
2026-01-02 17:59:35.344 ===== TRACE =====  => Import line n° 138
2026-01-02 17:59:35.350 ===== TRACE =====     => INVALID
2026-01-02 17:59:35.350 ===== TRACE =====  => Import line n° 139
2026-01-02 17:59:35.358 ===== TRACE =====     => INVALID
2026-01-02 17:59:35.358 ===== TRACE =====  => Import line n° 140
2026-01-02 17:59:35.365 ===== TRACE =====     => INVALID
2026-01-02 17:59:35.365 ===== TRACE =====  => Import line n° 141
2026-01-02 17:59:35.371 ===== TRACE =====     => INVALID
2026-01-02 17:59:35.372 ===== TRACE =====  => Import line n° 142
2026-01-02 17:59:35.378 ===== TRACE =====     => INVALID
2026-01-02 17:59:35.378 ===== TRACE =====  => Import line n° 143
2026-01-02 17:59:35.385 ===== TRACE =====     => INVALID
2026-01-02 17:59:35.385 ===== TRACE =====  => Import line n° 144
2026-01-02 17:59:35.391 ===== TRACE =====     => INVALID
2026-01-02 17:59:35.391 ===== TRACE =====  => Import line n° 145
2026-01-02 17:59:35.398 ===== TRACE =====     => INVALID
2026-01-02 17:59:35.398 ===== TRACE =====  => Import line n° 146
2026-01-02 17:59:35.403 ===== TRACE =====     => INVALID
2026-01-02 17:59:35.403 ===== TRACE =====  => Import line n° 147
2026-01-02 17:59:35.409 ===== TRACE =====     => INVALID
2026-01-02 17:59:35.409 ===== TRACE =====  => Import line n° 148
2026-01-02 17:59:35.415 ===== TRACE =====     => INVALID
2026-01-02 17:59:35.415 ===== TRACE =====  => Import line n° 149
2026-01-02 17:59:35.421 ===== TRACE =====     => INVALID
2026-01-02 17:59:35.422 ===== TRACE =====  => Import line n° 150
2026-01-02 17:59:35.427 ===== TRACE =====     => INVALID
2026-01-02 17:59:35.428 ===== TRACE =====  => Import line n° 151
2026-01-02 17:59:35.433 ===== TRACE =====     => INVALID
2026-01-02 17:59:35.434 ===== TRACE =====  => Import line n° 152
2026-01-02 17:59:35.440 ===== TRACE =====     => INVALID
2026-01-02 17:59:35.440 ===== TRACE =====  => Import line n° 153
2026-01-02 17:59:35.445 ===== TRACE =====     => INVALID
2026-01-02 17:59:35.445 ===== TRACE =====  => Import line n° 154
2026-01-02 17:59:35.452 ===== TRACE =====     => INVALID
2026-01-02 17:59:35.452 ===== TRACE =====  => Import line n° 155
2026-01-02 17:59:35.459 ===== TRACE =====     => INVALID
2026-01-02 17:59:35.460 ===== TRACE =====  => Import line n° 156
2026-01-02 17:59:35.468 ===== TRACE =====     => INVALID
2026-01-02 17:59:35.468 ===== TRACE =====  => Import line n° 157
2026-01-02 17:59:35.476 ===== TRACE =====     => INVALID
2026-01-02 17:59:35.477 ===== TRACE =====  => Import line n° 158
2026-01-02 17:59:35.483 ===== TRACE =====     => INVALID
2026-01-02 17:59:35.483 ===== TRACE =====  => Import line n° 159
2026-01-02 17:59:35.488 ===== TRACE =====     => INVALID
2026-01-02 17:59:35.488 ===== TRACE =====  => Import line n° 160
2026-01-02 17:59:35.493 ===== TRACE =====     => INVALID
2026-01-02 17:59:35.494 ===== TRACE =====  => Import line n° 161
2026-01-02 17:59:35.499 ===== TRACE =====     => INVALID
2026-01-02 17:59:35.499 ===== TRACE =====  => Import line n° 162
2026-01-02 17:59:35.505 ===== TRACE =====     => INVALID
2026-01-02 17:59:35.505 ===== TRACE =====  => Import line n° 163
2026-01-02 17:59:35.510 ===== TRACE =====     => INVALID
2026-01-02 17:59:35.510 ===== TRACE =====  => Import line n° 164
2026-01-02 17:59:35.515 ===== TRACE =====     => INVALID
2026-01-02 17:59:35.515 ===== TRACE =====  => Import line n° 165
2026-01-02 17:59:35.521 ===== TRACE =====     => INVALID
2026-01-02 17:59:35.521 ===== TRACE =====  => Import line n° 166
2026-01-02 17:59:35.527 ===== TRACE =====     => INVALID
2026-01-02 17:59:35.527 ===== TRACE =====  => Import line n° 167
2026-01-02 17:59:35.533 ===== TRACE =====     => INVALID
2026-01-02 17:59:35.533 ===== TRACE =====  => Import line n° 168
2026-01-02 17:59:35.538 ===== TRACE =====     => INVALID
2026-01-02 17:59:35.538 ===== TRACE =====  => Import line n° 169
2026-01-02 17:59:35.544 ===== TRACE =====     => INVALID
2026-01-02 17:59:35.544 ===== TRACE =====  => Import line n° 170
2026-01-02 17:59:35.551 ===== TRACE =====     => INVALID
2026-01-02 17:59:35.551 ===== TRACE =====  => Import line n° 171
2026-01-02 17:59:35.556 ===== TRACE =====     => INVALID
2026-01-02 17:59:35.556 ===== TRACE =====  => Import line n° 172
2026-01-02 17:59:35.563 ===== TRACE =====     => INVALID
2026-01-02 17:59:35.563 ===== TRACE =====  => Import line n° 173
2026-01-02 17:59:35.569 ===== TRACE =====     => INVALID
2026-01-02 17:59:35.570 ===== TRACE =====  => Import line n° 174
2026-01-02 17:59:35.575 ===== TRACE =====     => INVALID
2026-01-02 17:59:35.575 ===== TRACE =====  => Import line n° 175
2026-01-02 17:59:35.581 ===== TRACE =====     => INVALID
2026-01-02 17:59:35.581 ===== TRACE =====  => Import line n° 176
2026-01-02 17:59:35.586 ===== TRACE =====     => INVALID
2026-01-02 17:59:35.586 ===== TRACE =====  => Import line n° 177
2026-01-02 17:59:35.592 ===== TRACE =====     => INVALID
2026-01-02 17:59:35.592 ===== TRACE =====  => Import line n° 178
2026-01-02 17:59:35.598 ===== TRACE =====     => INVALID
2026-01-02 17:59:35.598 ===== TRACE =====  => Import line n° 179
2026-01-02 17:59:35.604 ===== TRACE =====     => INVALID
2026-01-02 17:59:35.604 ===== TRACE =====  => Import line n° 180
2026-01-02 17:59:35.609 ===== TRACE =====     => INVALID
2026-01-02 17:59:35.609 ===== TRACE =====  => Import line n° 181
2026-01-02 17:59:35.614 ===== TRACE =====     => INVALID
2026-01-02 17:59:35.614 ===== TRACE =====  => Import line n° 182
2026-01-02 17:59:35.620 ===== TRACE =====     => INVALID
2026-01-02 17:59:35.620 ===== TRACE =====  => Import line n° 183
2026-01-02 17:59:35.625 ===== TRACE =====     => INVALID
2026-01-02 18:11:33.850 ===== TRACE ===== Import : File type CSV
2026-01-02 18:11:33.850 ===== TRACE ===== File Name : ticket5.csv
2026-01-02 18:11:33.858 ===== TRACE ===== Start import Ticket from file ticket5.csv : 184 lines to import
2026-01-02 18:11:33.858 ===== TRACE =====  => Import line n° 1
2026-01-02 18:11:33.955 ===== TRACE =====     => OK
2026-01-02 18:11:33.959 ===== TRACE =====  => Import line n° 2
2026-01-02 18:11:34.031 ===== TRACE =====     => OK
2026-01-02 18:11:34.036 ===== TRACE =====  => Import line n° 3
2026-01-02 18:11:34.142 ===== TRACE =====     => OK
2026-01-02 18:11:34.146 ===== TRACE =====  => Import line n° 4
2026-01-02 18:11:34.212 ===== TRACE =====     => OK
2026-01-02 18:11:34.213 ===== TRACE =====  => Import line n° 5
2026-01-02 18:11:34.296 ===== TRACE =====     => OK
2026-01-02 18:11:34.298 ===== TRACE =====  => Import line n° 6
2026-01-02 18:11:34.370 ===== TRACE =====     => OK
2026-01-02 18:11:34.372 ===== TRACE =====  => Import line n° 7
2026-01-02 18:11:34.452 ===== TRACE =====     => OK
2026-01-02 18:11:34.456 ===== TRACE =====  => Import line n° 8
2026-01-02 18:11:34.526 ===== TRACE =====     => OK
2026-01-02 18:11:34.529 ===== TRACE =====  => Import line n° 9
2026-01-02 18:11:34.591 ===== TRACE =====     => OK
2026-01-02 18:11:34.595 ===== TRACE =====  => Import line n° 10
2026-01-02 18:11:34.669 ===== TRACE =====     => OK
2026-01-02 18:11:34.670 ===== TRACE =====  => Import line n° 11
2026-01-02 18:11:34.737 ===== TRACE =====     => OK
2026-01-02 18:11:34.739 ===== TRACE =====  => Import line n° 12
2026-01-02 18:11:34.811 ===== TRACE =====     => OK
2026-01-02 18:11:34.813 ===== TRACE =====  => Import line n° 13
2026-01-02 18:11:34.879 ===== TRACE =====     => OK
2026-01-02 18:11:34.882 ===== TRACE =====  => Import line n° 14
2026-01-02 18:11:34.943 ===== TRACE =====     => OK
2026-01-02 18:11:34.945 ===== TRACE =====  => Import line n° 15
2026-01-02 18:11:35.021 ===== TRACE =====     => OK
2026-01-02 18:11:35.022 ===== TRACE =====  => Import line n° 16
2026-01-02 18:11:35.091 ===== TRACE =====     => OK
2026-01-02 18:11:35.093 ===== TRACE =====  => Import line n° 17
2026-01-02 18:11:35.161 ===== TRACE =====     => OK
2026-01-02 18:11:35.163 ===== TRACE =====  => Import line n° 18
2026-01-02 18:11:35.236 ===== TRACE =====     => OK
2026-01-02 18:11:35.238 ===== TRACE =====  => Import line n° 19
2026-01-02 18:11:35.308 ===== TRACE =====     => OK
2026-01-02 18:11:35.309 ===== TRACE =====  => Import line n° 20
2026-01-02 18:11:35.376 ===== TRACE =====     => OK
2026-01-02 18:11:35.379 ===== TRACE =====  => Import line n° 21
2026-01-02 18:11:35.445 ===== TRACE =====     => OK
2026-01-02 18:11:35.447 ===== TRACE =====  => Import line n° 22
2026-01-02 18:11:35.527 ===== TRACE =====     => OK
2026-01-02 18:11:35.529 ===== TRACE =====  => Import line n° 23
2026-01-02 18:11:35.606 ===== TRACE =====     => OK
2026-01-02 18:11:35.608 ===== TRACE =====  => Import line n° 24
2026-01-02 18:11:35.681 ===== TRACE =====     => OK
2026-01-02 18:11:35.684 ===== TRACE =====  => Import line n° 25
2026-01-02 18:11:35.753 ===== TRACE =====     => OK
2026-01-02 18:11:35.755 ===== TRACE =====  => Import line n° 26
2026-01-02 18:11:35.827 ===== TRACE =====     => OK
2026-01-02 18:11:35.829 ===== TRACE =====  => Import line n° 27
2026-01-02 18:11:35.894 ===== TRACE =====     => OK
2026-01-02 18:11:35.895 ===== TRACE =====  => Import line n° 28
2026-01-02 18:11:35.959 ===== TRACE =====     => OK
2026-01-02 18:11:35.962 ===== TRACE =====  => Import line n° 29
2026-01-02 18:11:36.037 ===== TRACE =====     => OK
2026-01-02 18:11:36.041 ===== TRACE =====  => Import line n° 30
2026-01-02 18:11:36.138 ===== TRACE =====     => OK
2026-01-02 18:11:36.141 ===== TRACE =====  => Import line n° 31
2026-01-02 18:11:36.223 ===== TRACE =====     => OK
2026-01-02 18:11:36.227 ===== TRACE =====  => Import line n° 32
2026-01-02 18:11:36.302 ===== TRACE =====     => OK
2026-01-02 18:11:36.305 ===== TRACE =====  => Import line n° 33
2026-01-02 18:11:36.374 ===== TRACE =====     => OK
2026-01-02 18:11:36.377 ===== TRACE =====  => Import line n° 34
2026-01-02 18:11:36.434 ===== TRACE =====     => OK
2026-01-02 18:11:36.436 ===== TRACE =====  => Import line n° 35
2026-01-02 18:11:36.504 ===== TRACE =====     => OK
2026-01-02 18:11:36.506 ===== TRACE =====  => Import line n° 36
2026-01-02 18:11:36.568 ===== TRACE =====     => OK
2026-01-02 18:11:36.571 ===== TRACE =====  => Import line n° 37
2026-01-02 18:11:36.647 ===== TRACE =====     => OK
2026-01-02 18:11:36.651 ===== TRACE =====  => Import line n° 38
2026-01-02 18:11:36.733 ===== TRACE =====     => OK
2026-01-02 18:11:36.735 ===== TRACE =====  => Import line n° 39
2026-01-02 18:11:36.803 ===== TRACE =====     => OK
2026-01-02 18:11:36.805 ===== TRACE =====  => Import line n° 40
2026-01-02 18:11:36.867 ===== TRACE =====     => OK
2026-01-02 18:11:36.869 ===== TRACE =====  => Import line n° 41
2026-01-02 18:11:36.944 ===== TRACE =====     => OK
2026-01-02 18:11:36.946 ===== TRACE =====  => Import line n° 42
2026-01-02 18:11:37.021 ===== TRACE =====     => OK
2026-01-02 18:11:37.023 ===== TRACE =====  => Import line n° 43
2026-01-02 18:11:37.098 ===== TRACE =====     => OK
2026-01-02 18:11:37.100 ===== TRACE =====  => Import line n° 44
2026-01-02 18:11:37.167 ===== TRACE =====     => OK
2026-01-02 18:11:37.169 ===== TRACE =====  => Import line n° 45
2026-01-02 18:11:37.228 ===== TRACE =====     => OK
2026-01-02 18:11:37.229 ===== TRACE =====  => Import line n° 46
2026-01-02 18:11:37.293 ===== TRACE =====     => OK
2026-01-02 18:11:37.294 ===== TRACE =====  => Import line n° 47
2026-01-02 18:11:37.355 ===== TRACE =====     => OK
2026-01-02 18:11:37.358 ===== TRACE =====  => Import line n° 48
2026-01-02 18:11:37.426 ===== TRACE =====     => OK
2026-01-02 18:11:37.428 ===== TRACE =====  => Import line n° 49
2026-01-02 18:11:37.498 ===== TRACE =====     => OK
2026-01-02 18:11:37.499 ===== TRACE =====  => Import line n° 50
2026-01-02 18:11:37.618 ===== TRACE =====     => OK
2026-01-02 18:11:37.620 ===== TRACE =====  => Import line n° 51
2026-01-02 18:11:37.688 ===== TRACE =====     => OK
2026-01-02 18:11:37.691 ===== TRACE =====  => Import line n° 52
2026-01-02 18:11:37.739 ===== TRACE =====     => OK
2026-01-02 18:11:37.741 ===== TRACE =====  => Import line n° 53
2026-01-02 18:11:37.811 ===== TRACE =====     => OK
2026-01-02 18:11:37.813 ===== TRACE =====  => Import line n° 54
2026-01-02 18:11:37.874 ===== TRACE =====     => OK
2026-01-02 18:11:37.876 ===== TRACE =====  => Import line n° 55
2026-01-02 18:11:37.942 ===== TRACE =====     => OK
2026-01-02 18:11:37.944 ===== TRACE =====  => Import line n° 56
2026-01-02 18:11:38.005 ===== TRACE =====     => OK
2026-01-02 18:11:38.009 ===== TRACE =====  => Import line n° 57
2026-01-02 18:11:38.121 ===== TRACE =====     => OK
2026-01-02 18:11:38.126 ===== TRACE =====  => Import line n° 58
2026-01-02 18:11:38.218 ===== TRACE =====     => OK
2026-01-02 18:11:38.220 ===== TRACE =====  => Import line n° 59
2026-01-02 18:11:38.311 ===== TRACE =====     => OK
2026-01-02 18:11:38.313 ===== TRACE =====  => Import line n° 60
2026-01-02 18:11:38.407 ===== TRACE =====     => OK
2026-01-02 18:11:38.410 ===== TRACE =====  => Import line n° 61
2026-01-02 18:11:38.496 ===== TRACE =====     => OK
2026-01-02 18:11:38.500 ===== TRACE =====  => Import line n° 62
2026-01-02 18:11:38.586 ===== TRACE =====     => OK
2026-01-02 18:11:38.589 ===== TRACE =====  => Import line n° 63
2026-01-02 18:11:38.688 ===== TRACE =====     => OK
2026-01-02 18:11:38.690 ===== TRACE =====  => Import line n° 64
2026-01-02 18:11:38.784 ===== TRACE =====     => OK
2026-01-02 18:11:38.788 ===== TRACE =====  => Import line n° 65
2026-01-02 18:11:38.864 ===== TRACE =====     => OK
2026-01-02 18:11:38.866 ===== TRACE =====  => Import line n° 66
2026-01-02 18:11:38.939 ===== TRACE =====     => OK
2026-01-02 18:11:38.941 ===== TRACE =====  => Import line n° 67
2026-01-02 18:11:39.013 ===== TRACE =====     => OK
2026-01-02 18:11:39.015 ===== TRACE =====  => Import line n° 68
2026-01-02 18:11:39.094 ===== TRACE =====     => OK
2026-01-02 18:11:39.096 ===== TRACE =====  => Import line n° 69
2026-01-02 18:11:39.169 ===== TRACE =====     => OK
2026-01-02 18:11:39.171 ===== TRACE =====  => Import line n° 70
2026-01-02 18:11:39.243 ===== TRACE =====     => OK
2026-01-02 18:11:39.245 ===== TRACE =====  => Import line n° 71
2026-01-02 18:11:39.317 ===== TRACE =====     => OK
2026-01-02 18:11:39.318 ===== TRACE =====  => Import line n° 72
2026-01-02 18:11:39.403 ===== TRACE =====     => OK
2026-01-02 18:11:39.405 ===== TRACE =====  => Import line n° 73
2026-01-02 18:11:39.470 ===== TRACE =====     => OK
2026-01-02 18:11:39.473 ===== TRACE =====  => Import line n° 74
2026-01-02 18:11:39.540 ===== TRACE =====     => OK
2026-01-02 18:11:39.542 ===== TRACE =====  => Import line n° 75
2026-01-02 18:11:39.617 ===== TRACE =====     => OK
2026-01-02 18:11:39.620 ===== TRACE =====  => Import line n° 76
2026-01-02 18:11:39.687 ===== TRACE =====     => OK
2026-01-02 18:11:39.690 ===== TRACE =====  => Import line n° 77
2026-01-02 18:11:39.767 ===== TRACE =====     => OK
2026-01-02 18:11:39.770 ===== TRACE =====  => Import line n° 78
2026-01-02 18:11:39.843 ===== TRACE =====     => OK
2026-01-02 18:11:39.845 ===== TRACE =====  => Import line n° 79
2026-01-02 18:11:39.918 ===== TRACE =====     => OK
2026-01-02 18:11:39.920 ===== TRACE =====  => Import line n° 80
2026-01-02 18:11:39.994 ===== TRACE =====     => OK
2026-01-02 18:11:39.996 ===== TRACE =====  => Import line n° 81
2026-01-02 18:11:40.118 ===== TRACE =====     => OK
2026-01-02 18:11:40.121 ===== TRACE =====  => Import line n° 82
2026-01-02 18:11:40.200 ===== TRACE =====     => OK
2026-01-02 18:11:40.202 ===== TRACE =====  => Import line n° 83
2026-01-02 18:11:40.279 ===== TRACE =====     => OK
2026-01-02 18:11:40.281 ===== TRACE =====  => Import line n° 84
2026-01-02 18:11:40.348 ===== TRACE =====     => OK
2026-01-02 18:11:40.350 ===== TRACE =====  => Import line n° 85
2026-01-02 18:11:40.426 ===== TRACE =====     => OK
2026-01-02 18:11:40.428 ===== TRACE =====  => Import line n° 86
2026-01-02 18:11:40.491 ===== TRACE =====     => OK
2026-01-02 18:11:40.493 ===== TRACE =====  => Import line n° 87
2026-01-02 18:11:40.555 ===== TRACE =====     => OK
2026-01-02 18:11:40.557 ===== TRACE =====  => Import line n° 88
2026-01-02 18:11:40.631 ===== TRACE =====     => OK
2026-01-02 18:11:40.634 ===== TRACE =====  => Import line n° 89
2026-01-02 18:11:40.699 ===== TRACE =====     => OK
2026-01-02 18:11:40.702 ===== TRACE =====  => Import line n° 90
2026-01-02 18:11:40.776 ===== TRACE =====     => OK
2026-01-02 18:11:40.779 ===== TRACE =====  => Import line n° 91
2026-01-02 18:11:40.845 ===== TRACE =====     => OK
2026-01-02 18:11:40.848 ===== TRACE =====  => Import line n° 92
2026-01-02 18:11:40.918 ===== TRACE =====     => OK
2026-01-02 18:11:40.919 ===== TRACE =====  => Import line n° 93
2026-01-02 18:11:41.002 ===== TRACE =====     => OK
2026-01-02 18:11:41.004 ===== TRACE =====  => Import line n° 94
2026-01-02 18:11:41.082 ===== TRACE =====     => OK
2026-01-02 18:11:41.083 ===== TRACE =====  => Import line n° 95
2026-01-02 18:11:41.152 ===== TRACE =====     => OK
2026-01-02 18:11:41.155 ===== TRACE =====  => Import line n° 96
2026-01-02 18:11:41.234 ===== TRACE =====     => OK
2026-01-02 18:11:41.237 ===== TRACE =====  => Import line n° 97
2026-01-02 18:11:41.318 ===== TRACE =====     => OK
2026-01-02 18:11:41.319 ===== TRACE =====  => Import line n° 98
2026-01-02 18:11:41.389 ===== TRACE =====     => OK
2026-01-02 18:11:41.391 ===== TRACE =====  => Import line n° 99
2026-01-02 18:11:41.461 ===== TRACE =====     => OK
2026-01-02 18:11:41.463 ===== TRACE =====  => Import line n° 100
2026-01-02 18:11:41.526 ===== TRACE =====     => OK
2026-01-02 18:11:41.528 ===== TRACE =====  => Import line n° 101
2026-01-02 18:11:41.604 ===== TRACE =====     => OK
2026-01-02 18:11:41.606 ===== TRACE =====  => Import line n° 102
2026-01-02 18:11:41.675 ===== TRACE =====     => OK
2026-01-02 18:11:41.677 ===== TRACE =====  => Import line n° 103
2026-01-02 18:11:41.745 ===== TRACE =====     => OK
2026-01-02 18:11:41.748 ===== TRACE =====  => Import line n° 104
2026-01-02 18:11:41.815 ===== TRACE =====     => OK
2026-01-02 18:11:41.818 ===== TRACE =====  => Import line n° 105
2026-01-02 18:11:41.887 ===== TRACE =====     => OK
2026-01-02 18:11:41.891 ===== TRACE =====  => Import line n° 106
2026-01-02 18:11:41.964 ===== TRACE =====     => OK
2026-01-02 18:11:41.966 ===== TRACE =====  => Import line n° 107
2026-01-02 18:11:42.043 ===== TRACE =====     => OK
2026-01-02 18:11:42.045 ===== TRACE =====  => Import line n° 108
2026-01-02 18:11:42.167 ===== TRACE =====     => OK
2026-01-02 18:11:42.172 ===== TRACE =====  => Import line n° 109
2026-01-02 18:11:42.254 ===== TRACE =====     => OK
2026-01-02 18:11:42.257 ===== TRACE =====  => Import line n° 110
2026-01-02 18:11:42.334 ===== TRACE =====     => OK
2026-01-02 18:11:42.338 ===== TRACE =====  => Import line n° 111
2026-01-02 18:11:42.436 ===== TRACE =====     => OK
2026-01-02 18:11:42.440 ===== TRACE =====  => Import line n° 112
2026-01-02 18:11:42.524 ===== TRACE =====     => OK
2026-01-02 18:11:42.527 ===== TRACE =====  => Import line n° 113
2026-01-02 18:11:42.609 ===== TRACE =====     => OK
2026-01-02 18:11:42.611 ===== TRACE =====  => Import line n° 114
2026-01-02 18:11:42.734 ===== TRACE =====     => OK
2026-01-02 18:11:42.740 ===== TRACE =====  => Import line n° 115
2026-01-02 18:11:42.828 ===== TRACE =====     => OK
2026-01-02 18:11:42.830 ===== TRACE =====  => Import line n° 116
2026-01-02 18:11:42.903 ===== TRACE =====     => OK
2026-01-02 18:11:42.905 ===== TRACE =====  => Import line n° 117
2026-01-02 18:11:42.977 ===== TRACE =====     => OK
2026-01-02 18:11:42.980 ===== TRACE =====  => Import line n° 118
2026-01-02 18:11:43.066 ===== TRACE =====     => OK
2026-01-02 18:11:43.069 ===== TRACE =====  => Import line n° 119
2026-01-02 18:11:43.160 ===== TRACE =====     => OK
2026-01-02 18:11:43.162 ===== TRACE =====  => Import line n° 120
2026-01-02 18:11:43.239 ===== TRACE =====     => OK
2026-01-02 18:11:43.241 ===== TRACE =====  => Import line n° 121
2026-01-02 18:11:43.309 ===== TRACE =====     => OK
2026-01-02 18:11:43.311 ===== TRACE =====  => Import line n° 122
2026-01-02 18:11:43.369 ===== TRACE =====     => OK
2026-01-02 18:11:43.371 ===== TRACE =====  => Import line n° 123
2026-01-02 18:11:43.434 ===== TRACE =====     => OK
2026-01-02 18:11:43.436 ===== TRACE =====  => Import line n° 124
2026-01-02 18:11:43.497 ===== TRACE =====     => OK
2026-01-02 18:11:43.500 ===== TRACE =====  => Import line n° 125
2026-01-02 18:11:43.568 ===== TRACE =====     => OK
2026-01-02 18:11:43.571 ===== TRACE =====  => Import line n° 126
2026-01-02 18:11:43.633 ===== TRACE =====     => OK
2026-01-02 18:11:43.634 ===== TRACE =====  => Import line n° 127
2026-01-02 18:11:43.696 ===== TRACE =====     => OK
2026-01-02 18:11:43.698 ===== TRACE =====  => Import line n° 128
2026-01-02 18:11:43.754 ===== TRACE =====     => OK
2026-01-02 18:11:43.756 ===== TRACE =====  => Import line n° 129
2026-01-02 18:11:43.821 ===== TRACE =====     => OK
2026-01-02 18:11:43.822 ===== TRACE =====  => Import line n° 130
2026-01-02 18:11:43.882 ===== TRACE =====     => OK
2026-01-02 18:11:43.884 ===== TRACE =====  => Import line n° 131
2026-01-02 18:11:43.941 ===== TRACE =====     => OK
2026-01-02 18:11:43.943 ===== TRACE =====  => Import line n° 132
2026-01-02 18:11:44.004 ===== TRACE =====     => OK
2026-01-02 18:11:44.006 ===== TRACE =====  => Import line n° 133
2026-01-02 18:11:44.092 ===== TRACE =====     => OK
2026-01-02 18:11:44.094 ===== TRACE =====  => Import line n° 134
2026-01-02 18:11:44.186 ===== TRACE =====     => OK
2026-01-02 18:11:44.189 ===== TRACE =====  => Import line n° 135
2026-01-02 18:11:44.274 ===== TRACE =====     => OK
2026-01-02 18:11:44.278 ===== TRACE =====  => Import line n° 136
2026-01-02 18:11:44.351 ===== TRACE =====     => OK
2026-01-02 18:11:44.354 ===== TRACE =====  => Import line n° 137
2026-01-02 18:11:44.426 ===== TRACE =====     => OK
2026-01-02 18:11:44.429 ===== TRACE =====  => Import line n° 138
2026-01-02 18:11:44.509 ===== TRACE =====     => OK
2026-01-02 18:11:44.511 ===== TRACE =====  => Import line n° 139
2026-01-02 18:11:44.584 ===== TRACE =====     => OK
2026-01-02 18:11:44.586 ===== TRACE =====  => Import line n° 140
2026-01-02 18:11:44.657 ===== TRACE =====     => OK
2026-01-02 18:11:44.659 ===== TRACE =====  => Import line n° 141
2026-01-02 18:11:44.728 ===== TRACE =====     => OK
2026-01-02 18:11:44.729 ===== TRACE =====  => Import line n° 142
2026-01-02 18:11:44.801 ===== TRACE =====     => OK
2026-01-02 18:11:44.803 ===== TRACE =====  => Import line n° 143
2026-01-02 18:11:44.873 ===== TRACE =====     => OK
2026-01-02 18:11:44.874 ===== TRACE =====  => Import line n° 144
2026-01-02 18:11:44.938 ===== TRACE =====     => OK
2026-01-02 18:11:44.940 ===== TRACE =====  => Import line n° 145
2026-01-02 18:11:45.010 ===== TRACE =====     => OK
2026-01-02 18:11:45.011 ===== TRACE =====  => Import line n° 146
2026-01-02 18:11:45.082 ===== TRACE =====     => OK
2026-01-02 18:11:45.084 ===== TRACE =====  => Import line n° 147
2026-01-02 18:11:45.160 ===== TRACE =====     => OK
2026-01-02 18:11:45.163 ===== TRACE =====  => Import line n° 148
2026-01-02 18:11:45.232 ===== TRACE =====     => OK
2026-01-02 18:11:45.234 ===== TRACE =====  => Import line n° 149
2026-01-02 18:11:45.308 ===== TRACE =====     => OK
2026-01-02 18:11:45.311 ===== TRACE =====  => Import line n° 150
2026-01-02 18:11:45.378 ===== TRACE =====     => OK
2026-01-02 18:11:45.379 ===== TRACE =====  => Import line n° 151
2026-01-02 18:11:45.455 ===== TRACE =====     => OK
2026-01-02 18:11:45.461 ===== TRACE =====  => Import line n° 152
2026-01-02 18:11:45.536 ===== TRACE =====     => OK
2026-01-02 18:11:45.538 ===== TRACE =====  => Import line n° 153
2026-01-02 18:11:45.621 ===== TRACE =====     => OK
2026-01-02 18:11:45.625 ===== TRACE =====  => Import line n° 154
2026-01-02 18:11:45.702 ===== TRACE =====     => OK
2026-01-02 18:11:45.704 ===== TRACE =====  => Import line n° 155
2026-01-02 18:11:45.777 ===== TRACE =====     => OK
2026-01-02 18:11:45.779 ===== TRACE =====  => Import line n° 156
2026-01-02 18:11:45.847 ===== TRACE =====     => OK
2026-01-02 18:11:45.852 ===== TRACE =====  => Import line n° 157
2026-01-02 18:11:45.930 ===== TRACE =====     => OK
2026-01-02 18:11:45.933 ===== TRACE =====  => Import line n° 158
2026-01-02 18:11:46.015 ===== TRACE =====     => OK
2026-01-02 18:11:46.017 ===== TRACE =====  => Import line n° 159
2026-01-02 18:11:46.096 ===== TRACE =====     => OK
2026-01-02 18:11:46.100 ===== TRACE =====  => Import line n° 160
2026-01-02 18:11:46.221 ===== TRACE =====     => OK
2026-01-02 18:11:46.223 ===== TRACE =====  => Import line n° 161
2026-01-02 18:11:46.305 ===== TRACE =====     => OK
2026-01-02 18:11:46.308 ===== TRACE =====  => Import line n° 162
2026-01-02 18:11:46.394 ===== TRACE =====     => OK
2026-01-02 18:11:46.397 ===== TRACE =====  => Import line n° 163
2026-01-02 18:11:46.470 ===== TRACE =====     => OK
2026-01-02 18:11:46.472 ===== TRACE =====  => Import line n° 164
2026-01-02 18:11:46.540 ===== TRACE =====     => OK
2026-01-02 18:11:46.542 ===== TRACE =====  => Import line n° 165
2026-01-02 18:11:46.616 ===== TRACE =====     => OK
2026-01-02 18:11:46.618 ===== TRACE =====  => Import line n° 166
2026-01-02 18:11:46.687 ===== TRACE =====     => OK
2026-01-02 18:11:46.690 ===== TRACE =====  => Import line n° 167
2026-01-02 18:11:46.770 ===== TRACE =====     => OK
2026-01-02 18:11:46.772 ===== TRACE =====  => Import line n° 168
2026-01-02 18:11:46.836 ===== TRACE =====     => OK
2026-01-02 18:11:46.839 ===== TRACE =====  => Import line n° 169
2026-01-02 18:11:46.910 ===== TRACE =====     => OK
2026-01-02 18:11:46.912 ===== TRACE =====  => Import line n° 170
2026-01-02 18:11:46.981 ===== TRACE =====     => OK
2026-01-02 18:11:46.983 ===== TRACE =====  => Import line n° 171
2026-01-02 18:11:47.067 ===== TRACE =====     => OK
2026-01-02 18:11:47.069 ===== TRACE =====  => Import line n° 172
2026-01-02 18:11:47.142 ===== TRACE =====     => OK
2026-01-02 18:11:47.144 ===== TRACE =====  => Import line n° 173
2026-01-02 18:11:47.228 ===== TRACE =====     => OK
2026-01-02 18:11:47.230 ===== TRACE =====  => Import line n° 174
2026-01-02 18:11:47.310 ===== TRACE =====     => OK
2026-01-02 18:11:47.312 ===== TRACE =====  => Import line n° 175
2026-01-02 18:11:47.391 ===== TRACE =====     => OK
2026-01-02 18:11:47.395 ===== TRACE =====  => Import line n° 176
2026-01-02 18:11:47.466 ===== TRACE =====     => OK
2026-01-02 18:11:47.468 ===== TRACE =====  => Import line n° 177
2026-01-02 18:11:47.535 ===== TRACE =====     => OK
2026-01-02 18:11:47.537 ===== TRACE =====  => Import line n° 178
2026-01-02 18:11:47.605 ===== TRACE =====     => OK
2026-01-02 18:11:47.607 ===== TRACE =====  => Import line n° 179
2026-01-02 18:11:47.683 ===== TRACE =====     => OK
2026-01-02 18:11:47.686 ===== TRACE =====  => Import line n° 180
2026-01-02 18:11:47.767 ===== TRACE =====     => OK
2026-01-02 18:11:47.771 ===== TRACE =====  => Import line n° 181
2026-01-02 18:11:47.884 ===== TRACE =====     => OK
2026-01-02 18:11:47.889 ===== TRACE =====  => Import line n° 182
2026-01-02 18:11:47.957 ===== TRACE =====     => OK
2026-01-02 18:11:47.959 ===== TRACE =====  => Import line n° 183
2026-01-02 18:11:48.086 ===== TRACE =====     => OK
2026-01-02 18:11:48.093 ===== TRACE =====  => Import line n° 184
2026-01-02 18:11:48.204 ===== TRACE =====     => OK
2026-01-02 21:26:17.819 ***** ERROR ***** [V11.2.3] Error sending mail
2026-01-02 21:26:17.820 ***** ERROR ***** [V11.2.3]    SMTP Server : srv.oecfm.mg
2026-01-02 21:26:17.820 ***** ERROR ***** [V11.2.3]    SMTP Port : 587
2026-01-02 21:26:17.820 ***** ERROR ***** [V11.2.3]    Mail stored in Database : #9
2026-01-02 21:26:17.820 ***** ERROR ***** [V11.2.3]    PHPMail error : SMTP Error: The following recipients failed: mazavasoa.net@oecfm.mg: <mazavasoa.net@oecfm.mg>: Recipient address rejected: User unknown in virtual mailbox table

2026-01-02 21:26:17.820 ***** ERROR ***** [V11.2.3]    PHPMail debug : 
2026-01-02 22:08:06.210 ***** ERROR ***** [V11.2.3] ERROR *****
2026-01-02 22:08:06.210 ***** ERROR ***** [V11.2.3] on file '/var/www/html/model/Attachment.php' at line (105)
2026-01-02 22:08:06.210 ***** ERROR ***** [V11.2.3] cause = file_exists(): Passing null to parameter #1 ($filename) of type string is deprecated
