2026-01-05 04:53:17.486 ===== TRACE ===== Login error for user 'manager'
2026-01-05 04:53:27.222 ===== TRACE ===== NEW CONNECTED USER 'mazavasoa'
2026-01-05 06:40:02.786 ===== TRACE ===== DISCONNECTED USER 'mazavasoa'
2026-01-05 06:40:12.192 ===== TRACE ===== NEW CONNECTED USER 'mazavasoa'
2026-01-05 07:01:09.403 ***** ERROR ***** [V11.2.3] ERROR *****
2026-01-05 07:01:09.403 ***** ERROR ***** [V11.2.3] on file '/var/www/html/model/Attachment.php' at line (105)
2026-01-05 07:01:09.403 ***** ERROR ***** [V11.2.3] cause = file_exists(): Passing null to parameter #1 ($filename) of type string is deprecated
2026-01-05 07:01:09.475 ***** ERROR ***** [V11.2.3] ERROR *****
2026-01-05 07:01:09.475 ***** ERROR ***** [V11.2.3] on file '/var/www/html/model/Attachment.php' at line (105)
2026-01-05 07:01:09.475 ***** ERROR ***** [V11.2.3] cause = file_exists(): Passing null to parameter #1 ($filename) of type string is deprecated
2026-01-05 07:01:09.544 ***** ERROR ***** [V11.2.3] ERROR *****
2026-01-05 07:01:09.544 ***** ERROR ***** [V11.2.3] on file '/var/www/html/model/Attachment.php' at line (105)
2026-01-05 07:01:09.544 ***** ERROR ***** [V11.2.3] cause = file_exists(): Passing null to parameter #1 ($filename) of type string is deprecated
2026-01-05 07:01:09.605 ***** ERROR ***** [V11.2.3] ERROR *****
2026-01-05 07:01:09.605 ***** ERROR ***** [V11.2.3] on file '/var/www/html/model/Attachment.php' at line (105)
2026-01-05 07:01:09.605 ***** ERROR ***** [V11.2.3] cause = file_exists(): Passing null to parameter #1 ($filename) of type string is deprecated
2026-01-05 08:38:43.845 ***** ERROR ***** [V11.2.3] ERROR *****
2026-01-05 08:38:43.846 ***** ERROR ***** [V11.2.3] on file '/var/www/html/model/Attachment.php' at line (105)
2026-01-05 08:38:43.846 ***** ERROR ***** [V11.2.3] cause = file_exists(): Passing null to parameter #1 ($filename) of type string is deprecated
2026-01-05 08:38:43.911 ***** ERROR ***** [V11.2.3] ERROR *****
2026-01-05 08:38:43.911 ***** ERROR ***** [V11.2.3] on file '/var/www/html/model/Attachment.php' at line (105)
2026-01-05 08:38:43.911 ***** ERROR ***** [V11.2.3] cause = file_exists(): Passing null to parameter #1 ($filename) of type string is deprecated
2026-01-05 08:38:43.998 ***** ERROR ***** [V11.2.3] ERROR *****
2026-01-05 08:38:43.998 ***** ERROR ***** [V11.2.3] on file '/var/www/html/model/Attachment.php' at line (105)
2026-01-05 08:38:43.998 ***** ERROR ***** [V11.2.3] cause = file_exists(): Passing null to parameter #1 ($filename) of type string is deprecated
2026-01-05 08:38:44.060 ***** ERROR ***** [V11.2.3] ERROR *****
2026-01-05 08:38:44.060 ***** ERROR ***** [V11.2.3] on file '/var/www/html/model/Attachment.php' at line (105)
2026-01-05 08:38:44.060 ***** ERROR ***** [V11.2.3] cause = file_exists(): Passing null to parameter #1 ($filename) of type string is deprecated
2026-01-05 10:36:30.050 ===== TRACE ===== DISCONNECTED USER 'mazavasoa'
2026-01-05 10:36:54.258 ===== TRACE ===== NEW CONNECTED USER 'mazavasoa'
2026-01-05 10:38:37.363 ***** ERROR ***** [V11.2.3] ERROR *****
2026-01-05 10:38:37.363 ***** ERROR ***** [V11.2.3] on file '/var/www/html/model/Attachment.php' at line (105)
2026-01-05 10:38:37.363 ***** ERROR ***** [V11.2.3] cause = file_exists(): Passing null to parameter #1 ($filename) of type string is deprecated
2026-01-05 10:38:37.430 ***** ERROR ***** [V11.2.3] ERROR *****
2026-01-05 10:38:37.430 ***** ERROR ***** [V11.2.3] on file '/var/www/html/model/Attachment.php' at line (105)
2026-01-05 10:38:37.430 ***** ERROR ***** [V11.2.3] cause = file_exists(): Passing null to parameter #1 ($filename) of type string is deprecated
2026-01-05 10:38:37.498 ***** ERROR ***** [V11.2.3] ERROR *****
2026-01-05 10:38:37.498 ***** ERROR ***** [V11.2.3] on file '/var/www/html/model/Attachment.php' at line (105)
2026-01-05 10:38:37.498 ***** ERROR ***** [V11.2.3] cause = file_exists(): Passing null to parameter #1 ($filename) of type string is deprecated
2026-01-05 10:38:37.554 ***** ERROR ***** [V11.2.3] ERROR *****
2026-01-05 10:38:37.554 ***** ERROR ***** [V11.2.3] on file '/var/www/html/model/Attachment.php' at line (105)
2026-01-05 10:38:37.554 ***** ERROR ***** [V11.2.3] cause = file_exists(): Passing null to parameter #1 ($filename) of type string is deprecated
2026-01-05 12:03:02.376 ===== TRACE ===== NEW CONNECTED USER 'gerahvalisoa@gmail.com' (using remember me feature)
2026-01-05 14:08:14.312 ===== TRACE ===== DISCONNECTED USER 'mazavasoa'
2026-01-05 14:08:23.616 ===== TRACE ===== NEW CONNECTED USER 'mazavasoa'
2026-01-05 15:55:29.578 ===== TRACE ===== DISCONNECTED USER 'mazavasoa'
2026-01-05 15:55:50.856 ===== TRACE ===== NEW CONNECTED USER 'mazavasoa'
2026-01-05 16:38:39.670 ===== TRACE ===== NEW CONNECTED USER 'gerahvalisoa@gmail.com' (using remember me feature)
2026-01-05 21:13:07.137 ===== TRACE ===== NEW CONNECTED USER 'gerahvalisoa@gmail.com' (using remember me feature)
2026-01-05 23:02:09.108 ===== TRACE ===== NEW CONNECTED USER 'gerahvalisoa@gmail.com' (using remember me feature)
