2026-01-03 04:36:16.809 ===== TRACE ===== NEW CONNECTED USER 'manager'
2026-01-03 08:57:42.280 ===== TRACE ===== NEW CONNECTED USER 'manager'
2026-01-03 09:26:43.768 ===== TRACE ===== DISCONNECTED USER 'manager'
2026-01-03 09:27:01.065 ===== TRACE ===== NEW CONNECTED USER 'manager'
2026-01-03 09:58:41.208 ===== TRACE ===== DISCONNECTED USER 'mazavasoa'
2026-01-03 09:58:50.983 ===== TRACE ===== NEW CONNECTED USER 'mazavasoa'
2026-01-03 10:11:35.894 ===== TRACE ===== DISCONNECTED USER 'mazavasoa'
2026-01-03 10:11:49.642 ===== TRACE ===== NEW CONNECTED USER 'mazavasoa'
2026-01-03 10:43:09.784 ***** ERROR ***** [V11.2.3] ERROR *****
2026-01-03 10:43:09.785 ***** ERROR ***** [V11.2.3] on file '/var/www/html/tool/html.php' at line (1002)
2026-01-03 10:43:09.785 ***** ERROR ***** [V11.2.3] cause = Undefined array key 0
2026-01-03 11:02:38.970 ===== TRACE ===== DISCONNECTED USER 'mazavasoa'
2026-01-03 11:02:47.299 ===== TRACE ===== NEW CONNECTED USER 'mazavasoa'
2026-01-03 11:58:03.621 ===== TRACE ===== NEW CONNECTED USER 'mazavasoa'
2026-01-03 12:56:19.657 ===== TRACE ===== DISCONNECTED USER 'mazavasoa'
2026-01-03 12:56:34.894 ===== TRACE ===== NEW CONNECTED USER 'rija.ramiaramanana@oecfm.mg'
2026-01-03 12:57:38.312 ===== TRACE ===== DISCONNECTED USER 'rija.ramiaramanana@oecfm.mg'
2026-01-03 12:59:32.181 ===== TRACE ===== NEW CONNECTED USER 'mazavasoa'
2026-01-03 14:48:11.340 ===== TRACE ===== NEW CONNECTED USER 'mazavasoa'
2026-01-03 14:53:37.009 ===== TRACE ===== DISCONNECTED USER 'mazavasoa'
2026-01-03 14:54:17.133 ===== TRACE ===== NEW CONNECTED USER 'digitalisation@oecfm.mg'
2026-01-03 14:54:53.173 ===== TRACE ===== DISCONNECTED USER 'digitalisation@oecfm.mg'
2026-01-03 14:56:41.114 ===== TRACE ===== NEW CONNECTED USER 'mazavasoa'
2026-01-03 14:58:24.935 ===== TRACE ===== DISCONNECTED USER 'mazavasoa'
2026-01-03 14:58:43.566 ===== TRACE ===== NEW CONNECTED USER 'digitalisation@oecfm.mg'
2026-01-03 14:59:51.802 ===== TRACE ===== DISCONNECTED USER 'digitalisation@oecfm.mg'
2026-01-03 15:06:56.593 ===== TRACE ===== Login error for user 'manager'
2026-01-03 15:07:12.031 ===== TRACE ===== Login error for user 'manager'
2026-01-03 15:07:32.820 ===== TRACE ===== NEW CONNECTED USER 'digitalisation@oecfm.mg'
2026-01-03 15:08:09.716 ===== TRACE ===== DISCONNECTED USER 'digitalisation@oecfm.mg'
2026-01-03 15:08:17.243 ===== TRACE ===== NEW CONNECTED USER 'mazavasoa'
2026-01-03 15:09:16.935 ===== TRACE ===== DISCONNECTED USER 'mazavasoa'
2026-01-03 15:09:32.821 ===== TRACE ===== NEW CONNECTED USER 'mazavasoa'
2026-01-03 15:11:10.082 ===== TRACE ===== DISCONNECTED USER 'mazavasoa'
2026-01-03 15:11:21.491 ===== TRACE ===== Login error for user 'manager'
2026-01-03 15:11:31.320 ===== TRACE ===== NEW CONNECTED USER 'mazavasoa'
2026-01-03 15:12:02.688 ===== TRACE ===== DISCONNECTED USER 'mazavasoa'
2026-01-03 15:12:14.972 ===== TRACE ===== NEW CONNECTED USER 'manager'
2026-01-03 15:13:03.218 ===== TRACE ===== DISCONNECTED USER 'manager'
2026-01-03 15:13:10.205 ===== TRACE ===== NEW CONNECTED USER 'manager'
2026-01-03 15:13:25.687 ===== TRACE ===== DISCONNECTED USER 'manager'
2026-01-03 15:13:37.444 ===== TRACE ===== NEW CONNECTED USER 'manager'
2026-01-03 15:16:33.300 ===== TRACE ===== DISCONNECTED USER 'manager'
2026-01-03 15:16:42.128 ===== TRACE ===== NEW CONNECTED USER 'mazavasoa'
2026-01-03 15:17:48.890 ===== TRACE ===== DISCONNECTED USER 'mazavasoa'
2026-01-03 15:18:20.490 ===== TRACE ===== NEW CONNECTED USER 'manager'
2026-01-03 15:22:52.976 ===== TRACE ===== DISCONNECTED USER 'manager'
2026-01-03 15:23:03.290 ===== TRACE ===== NEW CONNECTED USER 'manager'
2026-01-03 15:23:38.954 ===== TRACE ===== DISCONNECTED USER 'manager'
2026-01-03 15:23:55.590 ===== TRACE ===== NEW CONNECTED USER 'mazavasoa'
2026-01-03 15:24:30.190 ===== TRACE ===== DISCONNECTED USER 'mazavasoa'
2026-01-03 15:24:42.406 ===== TRACE ===== NEW CONNECTED USER 'manager'
2026-01-03 15:25:21.776 ***** ERROR ***** [V11.2.3] HACK ================================================================
2026-01-03 15:25:21.776 ***** ERROR ***** [V11.2.3] Try to hack detected
2026-01-03 15:25:21.776 ***** ERROR ***** [V11.2.3]  Source Code = checkValidAccessForUser() Reject for User - no access to screen 'User'
2026-01-03 15:25:21.776 ***** ERROR ***** [V11.2.3]  QUERY_STRING = objectClass=User&objectType=&objectClient=&budgetParent=&objectElementable=
2026-01-03 15:25:21.776 ***** ERROR ***** [V11.2.3]  REMOTE_ADDR = 102.18.161.163
2026-01-03 15:25:21.776 ***** ERROR ***** [V11.2.3]  SCRIPT_FILENAME = /var/www/html/tool/jsonQuery.php
2026-01-03 15:25:21.776 ***** ERROR ***** [V11.2.3]  CONNECTED USER = #298 - manager
2026-01-03 15:25:21.776 ***** ERROR ***** [V11.2.3]  === Trace Stack for last error ===
2026-01-03 15:25:21.776 ***** ERROR ***** [V11.2.3]  => /var/www/html/tool/projeqtor.php at line 1696 calling debugPrintTraceStack()
2026-01-03 15:25:21.776 ***** ERROR ***** [V11.2.3]  => /var/www/html/model/Security.php at line 373 calling traceHack()
2026-01-03 15:25:21.776 ***** ERROR ***** [V11.2.3]  => /var/www/html/tool/jsonQuery.php at line 45 calling Security:checkValidAccessForUser()
2026-01-03 15:25:21.776 ***** ERROR ***** [V11.2.3]  ===
2026-01-03 15:25:21.777 ***** ERROR ***** [V11.2.3]  REQUEST_URI = /tool/jsonQuery.php?objectClass=User&objectType=&objectClient=&budgetParent=&objectElementable=
2026-01-03 15:25:37.728 ===== TRACE ===== NEW CONNECTED USER 'manager'
2026-01-03 15:26:03.737 ===== TRACE ===== DISCONNECTED USER 'manager'
2026-01-03 15:26:12.300 ===== TRACE ===== NEW CONNECTED USER 'manager'
2026-01-03 15:26:24.036 ===== TRACE ===== DISCONNECTED USER 'manager'
2026-01-03 15:26:31.934 ===== TRACE ===== NEW CONNECTED USER 'manager'
2026-01-03 15:26:43.707 ===== TRACE ===== DISCONNECTED USER 'manager'
2026-01-03 15:26:54.517 ===== TRACE ===== NEW CONNECTED USER 'mazavasoa'
2026-01-03 15:28:24.384 ===== TRACE ===== DISCONNECTED USER 'mazavasoa'
2026-01-03 15:28:33.065 ===== TRACE ===== NEW CONNECTED USER 'manager'
2026-01-03 15:49:32.337 ===== TRACE ===== DISCONNECTED USER 'manager'
2026-01-03 15:49:40.901 ===== TRACE ===== NEW CONNECTED USER 'mazavasoa'
2026-01-03 15:51:06.831 ===== TRACE ===== DISCONNECTED USER 'mazavasoa'
2026-01-03 15:51:14.173 ===== TRACE ===== NEW CONNECTED USER 'manager'
2026-01-03 15:53:52.555 ===== TRACE ===== DISCONNECTED USER 'manager'
2026-01-03 15:54:04.286 ===== TRACE ===== NEW CONNECTED USER 'mazavasoa'
2026-01-03 15:55:09.036 ===== TRACE ===== DISCONNECTED USER 'mazavasoa'
2026-01-03 15:55:15.781 ===== TRACE ===== NEW CONNECTED USER 'manager'
2026-01-03 16:07:26.103 ===== TRACE ===== DISCONNECTED USER 'manager'
2026-01-03 16:07:42.728 ===== TRACE ===== NEW CONNECTED USER 'mazavasoa'
2026-01-03 16:08:21.273 ===== TRACE ===== DISCONNECTED USER 'mazavasoa'
2026-01-03 16:08:28.785 ===== TRACE ===== NEW CONNECTED USER 'manager'
2026-01-03 16:10:02.043 ===== TRACE ===== DISCONNECTED USER 'manager'
2026-01-03 16:10:08.686 ===== TRACE ===== NEW CONNECTED USER 'manager'
2026-01-03 16:10:42.980 ===== TRACE ===== DISCONNECTED USER 'manager'
2026-01-03 16:10:51.995 ===== TRACE ===== NEW CONNECTED USER 'manager'
2026-01-03 16:16:44.589 ===== TRACE ===== DISCONNECTED USER 'manager'
2026-01-03 16:16:52.175 ===== TRACE ===== NEW CONNECTED USER 'mazavasoa'
2026-01-03 18:00:24.020 ===== TRACE ===== NEW CONNECTED USER 'mazavasoa'
2026-01-03 22:44:42.579 ===== TRACE ===== NEW CONNECTED USER 'mazavasoa'
