2026-01-04 05:14:01.794 ===== TRACE ===== DISCONNECTED USER 'mazavasoa'
2026-01-04 05:14:16.938 ===== TRACE ===== NEW CONNECTED USER 'mazavasoa'
2026-01-04 05:31:35.668 ===== TRACE ===== DISCONNECTED USER 'mazavasoa'
2026-01-04 05:31:43.346 ===== TRACE ===== NEW CONNECTED USER 'mazavasoa'
2026-01-04 05:38:30.702 ***** ERROR ***** [V11.2.3] Exception-[42000] SQLSTATE[42000]: Syntax error or access violation: 1064 You have an error in your SQL syntax; check the manual that corresponds to your MySQL server version for the right syntax to use near 'information' and id!=316' at line 1
2026-01-04 05:38:30.702 ***** ERROR ***** [V11.2.3]    For query : select count(*) as cpt from version where idProduct=481 and versionNumber='_Sécurité de l'information' and id!=316
2026-01-04 05:38:30.702 ***** ERROR ***** [V11.2.3]    Strack trace :
2026-01-04 05:38:30.702 ***** ERROR ***** [V11.2.3]    #0 Sql->query called at [/var/www/html/model/persistence/SqlElement.php:3165]
2026-01-04 05:38:30.702 ***** ERROR ***** [V11.2.3]    #1 SqlElement->countSqlElementsFromCriteria called at [/var/www/html/model/Version.php:471]
2026-01-04 05:38:30.702 ***** ERROR ***** [V11.2.3]    #2 Version->control called at [/var/www/html/model/persistence/SqlElement.php:1278]
2026-01-04 05:38:30.702 ***** ERROR ***** [V11.2.3]    #3 SqlElement->saveSqlElement called at [/var/www/html/model/persistence/SqlElement.php:866]
2026-01-04 05:38:30.702 ***** ERROR ***** [V11.2.3]    #4 SqlElement->save called at [/var/www/html/model/Version.php:451]
2026-01-04 05:38:30.702 ***** ERROR ***** [V11.2.3]    #5 Version->save called at [/var/www/html/model/ProductVersionMain.php:467]
2026-01-04 05:38:30.702 ***** ERROR ***** [V11.2.3]    #6 ProductVersionMain->save called at [/var/www/html/tool/saveObject.php:124]
2026-01-04 05:40:36.284 ***** ERROR ***** [V11.2.3] Exception-[42000] SQLSTATE[42000]: Syntax error or access violation: 1064 You have an error in your SQL syntax; check the manual that corresponds to your MySQL server version for the right syntax to use near 'Utilisation' and id!=1913' at line 1
2026-01-04 05:40:36.285 ***** ERROR ***** [V11.2.3]    For query : select count(*) as cpt from version where idProduct=481 and versionNumber='_Manuel d'Utilisation' and id!=1913
2026-01-04 05:40:36.285 ***** ERROR ***** [V11.2.3]    Strack trace :
2026-01-04 05:40:36.285 ***** ERROR ***** [V11.2.3]    #0 Sql->query called at [/var/www/html/model/persistence/SqlElement.php:3165]
2026-01-04 05:40:36.285 ***** ERROR ***** [V11.2.3]    #1 SqlElement->countSqlElementsFromCriteria called at [/var/www/html/model/Version.php:471]
2026-01-04 05:40:36.285 ***** ERROR ***** [V11.2.3]    #2 Version->control called at [/var/www/html/model/persistence/SqlElement.php:1278]
2026-01-04 05:40:36.285 ***** ERROR ***** [V11.2.3]    #3 SqlElement->saveSqlElement called at [/var/www/html/model/persistence/SqlElement.php:866]
2026-01-04 05:40:36.285 ***** ERROR ***** [V11.2.3]    #4 SqlElement->save called at [/var/www/html/model/Version.php:451]
2026-01-04 05:40:36.285 ***** ERROR ***** [V11.2.3]    #5 Version->save called at [/var/www/html/model/ProductVersionMain.php:467]
2026-01-04 05:40:36.285 ***** ERROR ***** [V11.2.3]    #6 ProductVersionMain->save called at [/var/www/html/tool/saveObject.php:124]
2026-01-04 05:40:36.285 ***** ERROR ***** [V11.2.3] ERROR *****
2026-01-04 05:40:36.285 ***** ERROR ***** [V11.2.3] on file '/var/www/html/model/persistence/SqlElement.php' at line (3168)
2026-01-04 05:40:36.285 ***** ERROR ***** [V11.2.3] cause = Trying to access array offset on value of type bool
2026-01-04 05:40:43.321 ***** ERROR ***** [V11.2.3] Exception-[42000] SQLSTATE[42000]: Syntax error or access violation: 1064 You have an error in your SQL syntax; check the manual that corresponds to your MySQL server version for the right syntax to use near 'Utilisation' and id!=1913' at line 1
2026-01-04 05:40:43.321 ***** ERROR ***** [V11.2.3]    For query : select count(*) as cpt from version where idProduct=481 and versionNumber='_Manuel d'Utilisation' and id!=1913
2026-01-04 05:40:43.321 ***** ERROR ***** [V11.2.3]    Strack trace :
2026-01-04 05:40:43.321 ***** ERROR ***** [V11.2.3]    #0 Sql->query called at [/var/www/html/model/persistence/SqlElement.php:3165]
2026-01-04 05:40:43.321 ***** ERROR ***** [V11.2.3]    #1 SqlElement->countSqlElementsFromCriteria called at [/var/www/html/model/Version.php:471]
2026-01-04 05:40:43.321 ***** ERROR ***** [V11.2.3]    #2 Version->control called at [/var/www/html/model/persistence/SqlElement.php:1278]
2026-01-04 05:40:43.321 ***** ERROR ***** [V11.2.3]    #3 SqlElement->saveSqlElement called at [/var/www/html/model/persistence/SqlElement.php:866]
2026-01-04 05:40:43.321 ***** ERROR ***** [V11.2.3]    #4 SqlElement->save called at [/var/www/html/model/Version.php:451]
2026-01-04 05:40:43.321 ***** ERROR ***** [V11.2.3]    #5 Version->save called at [/var/www/html/model/ProductVersionMain.php:467]
2026-01-04 05:40:43.321 ***** ERROR ***** [V11.2.3]    #6 ProductVersionMain->save called at [/var/www/html/tool/saveObject.php:124]
2026-01-04 05:40:43.321 ***** ERROR ***** [V11.2.3] ERROR *****
2026-01-04 05:40:43.321 ***** ERROR ***** [V11.2.3] on file '/var/www/html/model/persistence/SqlElement.php' at line (3168)
2026-01-04 05:40:43.321 ***** ERROR ***** [V11.2.3] cause = Trying to access array offset on value of type bool
2026-01-04 10:47:58.169 ===== TRACE ===== NEW CONNECTED USER 'mazavasoa'
2026-01-04 11:41:07.720 ***** ERROR ***** [V11.2.3] ERROR *****
2026-01-04 11:41:07.721 ***** ERROR ***** [V11.2.3] on file '/var/www/html/model/Attachment.php' at line (105)
2026-01-04 11:41:07.721 ***** ERROR ***** [V11.2.3] cause = file_exists(): Passing null to parameter #1 ($filename) of type string is deprecated
2026-01-04 15:18:48.874 ===== TRACE ===== NEW CONNECTED USER 'gerahvalisoa@gmail.com'
2026-01-04 15:43:04.056 ===== TRACE ===== NEW CONNECTED USER 'mazavasoa'
2026-01-04 16:01:24.580 ===== TRACE ===== DISCONNECTED USER 'gerahvalisoa@gmail.com'
2026-01-04 16:01:34.179 ===== TRACE ===== NEW CONNECTED USER 'gerahvalisoa@gmail.com' (using remember me feature)
2026-01-04 17:40:41.864 ===== TRACE ===== NEW CONNECTED USER 'mazavasoa'
2026-01-04 22:20:29.792 ===== TRACE ===== NEW CONNECTED USER 'gerahvalisoa@gmail.com' (using remember me feature)
