2026-03-10 10:20:38.421 ===== TRACE ===== NEW CONNECTED USER 'mhftiana@ymail.com'
2026-03-10 11:06:48.238 ===== TRACE ===== DISCONNECTED USER 'mhftiana@ymail.com'
2026-03-10 11:07:14.457 ===== TRACE ===== Login error for user 'mhftiana@ymail.com'
2026-03-10 11:07:38.522 ===== TRACE ===== Login error for user 'mhftiana@ymail.com  '
2026-03-10 11:07:44.268 ===== TRACE ===== user 'mhftiana@ymail.com' locked - too many tries
2026-03-10 11:07:44.285 ===== TRACE ===== Login locked for user 'mhftiana@ymail.com'
2026-03-10 11:07:50.941 ===== TRACE ===== Login locked for user 'mhftiana@ymail.com'
2026-03-10 11:07:54.026 ===== TRACE ===== Login locked for user 'mhftiana@ymail.com'
2026-03-10 11:08:31.444 ===== TRACE ===== Login locked for user 'mhftiana@ymail.com'
2026-03-10 11:14:18.094 ===== TRACE ===== Login locked for user 'mhftiana@ymail.com'
2026-03-10 11:16:56.084 ===== TRACE ===== Login locked for user 'digitalisation@oecfm.mg'
2026-03-10 11:17:20.518 ===== TRACE ===== Login locked for user 'mhftiana@ymail.com'
2026-03-10 11:51:57.215 ===== TRACE ===== Login locked for user 'mhftiana@ymail.com'
2026-03-10 16:23:08.297 ===== TRACE ===== NEW CONNECTED USER 'mazavasoa'
2026-03-10 16:24:10.175 ===== TRACE ===== DISCONNECTED USER 'mazavasoa'
2026-03-10 16:24:29.728 ===== TRACE ===== NEW CONNECTED USER 'mazavasoa'
2026-03-10 16:25:04.676 ===== TRACE ===== DISCONNECTED USER 'mazavasoa'
2026-03-10 16:25:31.272 ===== TRACE ===== NEW CONNECTED USER 'mhftiana@ymail.com'
2026-03-10 16:26:50.822 ===== TRACE ===== DISCONNECTED USER 'mhftiana@ymail.com'
2026-03-10 16:27:26.419 ===== TRACE ===== NEW CONNECTED USER 'digitalisation@oecfm.mg'
2026-03-10 16:28:50.419 ===== TRACE ===== NEW CONNECTED USER 'mhftiana@ymail.com'
2026-03-10 18:06:29.733 ===== TRACE ===== NEW CONNECTED USER 'digitalisation@oecfm.mg'
